#
# A fatal error has been detected by the Java Runtime Environment:
#
#  SIGSEGV (0xb) at pc=0x00007f8b7ade8b18, pid=27447, tid=0x00007f8b51ed2700
#
# JRE version: Java(TM) SE Runtime Environment (8.0_202-b08) (build 1.8.0_202-b08)
# Java VM: Java HotSpot(TM) 64-Bit Server VM (25.202-b08 mixed mode linux-amd64 compressed oops)
# Problematic frame:
# C  [ld-linux-x86-64.so.2+0xcb18]
#
# Failed to write core dump. Core dumps have been disabled. To enable core dumping, try "ulimit -c unlimited" before starting Java again
#
# If you would like to submit a bug report, please visit:
#   http://bugreport.java.com/bugreport/crash.jsp
# The crash happened outside the Java Virtual Machine in native code.
# See problematic frame for where to report the bug.
#

---------------  T H R E A D  ---------------

Current thread (0x00007f8b74377000):  JavaThread "AWT-EventQueue-0" [_thread_in_native, id=27603, stack(0x00007f8b51dd2000,0x00007f8b51ed3000)]

siginfo: si_signo: 11 (SIGSEGV), si_code: 1 (SEGV_MAPERR), si_addr: 0x0000000000000020

Registers:
RAX=0x0000000000000000, RBX=0x00007f8b495210e8, RCX=0x00007f8b7adfc100, RDX=0x0000000000000003
RSP=0x00007f8b51ecd770, RBP=0x00007f8b51ecd880, RSI=0x0000000000000000, RDI=0x00007f8b49520350
R8 =0x0000000000000018, R9 =0x0000000000000004, R10=0x0000000000000000, R11=0x0000000000000000
R12=0x0000000000000006, R13=0x00007f8b49520728, R14=0x00007f8b7437a5a0, R15=0x0000002900000006
RIP=0x00007f8b7ade8b18, EFLAGS=0x0000000000010206, CSGSFS=0x002b000000000033, ERR=0x0000000000000004
  TRAPNO=0x000000000000000e

Top of Stack: (sp=0x00007f8b51ecd770)
0x00007f8b51ecd770:   00007f8b7a79ab80 00007f8b7adea668
0x00007f8b51ecd780:   0000002300000001 0000000000000000
0x00007f8b51ecd790:   00007f8b51ecd850 0000000000000000
0x00007f8b51ecd7a0:   0000000000000000 0000000000000000
0x00007f8b51ecd7b0:   00007f8b49520950 00007f8b7437af70
0x00007f8b51ecd7c0:   00007f8b51ecd810 00007f8b49520000
0x00007f8b51ecd7d0:   00007f8b49520d48 00007f8b49520350
0x00007f8b51ecd7e0:   00007f8b49790fa8 00007f8b495213b8
0x00007f8b51ecd7f0:   0000000000000008 00007f8b51ecd8d8
0x00007f8b51ecd800:   00007f8b49520728 0000000900000008
0x00007f8b51ecd810:   00007f8b49520e48 0000000000000570
0x00007f8b51ecd820:   000000000000001b 0000000000000000
0x00007f8b51ecd830:   0000000000000000 0000000000000000
0x00007f8b51ecd840:   0000000000000000 0000000000000000
0x00007f8b51ecd850:   0000000000000000 00007f8b51ecd890
0x00007f8b51ecd860:   00007f8b7400a8b0 0000000000000009
0x00007f8b51ecd870:   00007f8b51ecdad0 0000000000000008
0x00007f8b51ecd880:   00007f8b51ecd970 00007f8b7adf110d
0x00007f8b51ecd890:   00007f8b743732c0 00007f8b74371b50
0x00007f8b51ecd8a0:   00007f8b74374110 00007f8b74374640
0x00007f8b51ecd8b0:   00007f8b74377f40 00007f8b743785f0
0x00007f8b51ecd8c0:   00007f8b74378b00 00007f8b74379010
0x00007f8b51ecd8d0:   00007f8b7437a090 00007f8b7437a5a0
0x00007f8b51ecd8e0:   00007f8b51ecd970 00007f8b7adf0ffa
0x00007f8b51ecd8f0:   0000000000000090 ffffffffffffffb0
0x00007f8b51ecd900:   0000000000000001 0000003100000007
0x00007f8b51ecd910:   0000000000000000 00007f8b51ecd8f0
0x00007f8b51ecd920:   0000000000000001 00007f8b7b005140
0x00007f8b51ecd930:   800000010000006e 00007f8b00000001
0x00007f8b51ecd940:   0000000000000000 0000000000000000
0x00007f8b51ecd950:   00007f8b51ecdd40 00007f8b7a4f8a86
0x00007f8b51ecd960:   000000000000000b 00007f8b7b004060 

Instructions: (pc=0x00007f8b7ade8b18)
0x00007f8b7ade8af8:   00 00 41 09 c1 4d 89 ae f8 03 00 00 48 8d 14 52
0x00007f8b7ade8b08:   45 89 8e 00 04 00 00 4c 8d 04 d6 4d 85 c0 74 0f
0x00007f8b7ade8b18:   41 8b 70 08 b8 00 00 00 00 85 f6 4c 0f 44 c0 41
0x00007f8b7ade8b28:   8b 7d 00 48 8b 8d 38 ff ff ff 48 8d 55 80 48 03 

Register to memory mapping:

RAX=0x0000000000000000 is an unknown value
RBX=0x00007f8b495210e8: <offset 0x10e8> in /lib/x86_64-linux-gnu/libpcre.so.3 at 0x00007f8b49520000
RCX=0x00007f8b7adfc100: <offset 0x20100> in /lib64/ld-linux-x86-64.so.2 at 0x00007f8b7addc000
RDX=0x0000000000000003 is an unknown value
RSP=0x00007f8b51ecd770 is pointing into the stack for thread: 0x00007f8b74377000
RBP=0x00007f8b51ecd880 is pointing into the stack for thread: 0x00007f8b74377000
RSI=0x0000000000000000 is an unknown value
RDI=0x00007f8b49520350: <offset 0x350> in /lib/x86_64-linux-gnu/libpcre.so.3 at 0x00007f8b49520000
R8 =0x0000000000000018 is an unknown value
R9 =0x0000000000000004 is an unknown value
R10=0x0000000000000000 is an unknown value
R11=0x0000000000000000 is an unknown value
R12=0x0000000000000006 is an unknown value
R13=0x00007f8b49520728: <offset 0x728> in /lib/x86_64-linux-gnu/libpcre.so.3 at 0x00007f8b49520000
R14=0x00007f8b7437a5a0 is an unknown value
R15=0x0000002900000006 is an unknown value


Stack: [0x00007f8b51dd2000,0x00007f8b51ed3000],  sp=0x00007f8b51ecd770,  free space=1005k
Native frames: (J=compiled Java code, j=interpreted, Vv=VM code, C=native code)
C  [ld-linux-x86-64.so.2+0xcb18]
C  [ld-linux-x86-64.so.2+0x1510d]
C  [libc.so.6+0x16751f]  _dl_catch_exception+0x6f

Java frames: (J=compiled Java code, j=interpreted, Vv=VM code)
j  java.net.Inet6AddressImpl.lookupAllHostAddr(Ljava/lang/String;)[Ljava/net/InetAddress;+0
j  java.net.InetAddress$2.lookupAllHostAddr(Ljava/lang/String;)[Ljava/net/InetAddress;+4
j  java.net.InetAddress.getAddressesFromNameService(Ljava/lang/String;Ljava/net/InetAddress;)[Ljava/net/InetAddress;+51
j  java.net.InetAddress.getLocalHost()Ljava/net/InetAddress;+90
j  sun.font.FcFontConfiguration.getFcInfoFile()Ljava/io/File;+7
j  sun.font.FcFontConfiguration.readFcInfo()V+1
j  sun.font.FcFontConfiguration.init()Z+14
j  sun.font.FcFontConfiguration.<init>(Lsun/font/SunFontManager;)V+16
j  sun.awt.X11FontManager.createFontConfiguration()Lsun/awt/FontConfiguration;+53
j  sun.font.SunFontManager$2.run()Ljava/lang/Object;+205
v  ~StubRoutines::call_stub
J 886  java.security.AccessController.doPrivileged(Ljava/security/PrivilegedAction;)Ljava/lang/Object; (0 bytes) @ 0x00007f8b6529fd0f [0x00007f8b6529fcc0+0x4f]
j  sun.font.SunFontManager.<init>()V+222
j  sun.awt.FcFontManager.<init>()V+1
j  sun.awt.X11FontManager.<init>()V+1
v  ~StubRoutines::call_stub
J 1172  sun.reflect.NativeConstructorAccessorImpl.newInstance0(Ljava/lang/reflect/Constructor;[Ljava/lang/Object;)Ljava/lang/Object; (0 bytes) @ 0x00007f8b6533a4a3 [0x00007f8b6533a440+0x63]
J 1171 C1 sun.reflect.NativeConstructorAccessorImpl.newInstance([Ljava/lang/Object;)Ljava/lang/Object; (89 bytes) @ 0x00007f8b6533ee7c [0x00007f8b6533de40+0x103c]
J 1146 C1 sun.reflect.DelegatingConstructorAccessorImpl.newInstance([Ljava/lang/Object;)Ljava/lang/Object; (9 bytes) @ 0x00007f8b65330084 [0x00007f8b6532ff80+0x104]
J 1144 C1 java.lang.reflect.Constructor.newInstance([Ljava/lang/Object;)Ljava/lang/Object; (87 bytes) @ 0x00007f8b6533090c [0x00007f8b65330440+0x4cc]
J 1416 C1 java.lang.Class.newInstance()Ljava/lang/Object; (155 bytes) @ 0x00007f8b653f48ac [0x00007f8b653f3fa0+0x90c]
j  sun.font.FontManagerFactory$1.run()Ljava/lang/Object;+21
v  ~StubRoutines::call_stub
J 886  java.security.AccessController.doPrivileged(Ljava/security/PrivilegedAction;)Ljava/lang/Object; (0 bytes) @ 0x00007f8b6529fd0f [0x00007f8b6529fcc0+0x4f]
j  sun.font.FontManagerFactory.getInstance()Lsun/font/FontManager;+17
j  java.awt.GraphicsEnvironment.preferProportionalFonts()V+0
j  com.mathworks.wizard.ui.laf.DefaultUIProperties.configureCJKFonts()V+3
j  com.mathworks.wizard.ui.laf.DefaultUIProperties.initialize()V+0
j  com.mathworks.wizard.ui.WizardUIImpl$1.run()V+7
j  java.awt.event.InvocationEvent.dispatch()V+11
j  java.awt.EventQueue.dispatchEventImpl(Ljava/awt/AWTEvent;Ljava/lang/Object;)V+21
j  java.awt.EventQueue.access$500(Ljava/awt/EventQueue;Ljava/awt/AWTEvent;Ljava/lang/Object;)V+3
j  java.awt.EventQueue$3.run()Ljava/lang/Void;+32
j  java.awt.EventQueue$3.run()Ljava/lang/Object;+1
v  ~StubRoutines::call_stub
j  java.security.AccessController.doPrivileged(Ljava/security/PrivilegedAction;Ljava/security/AccessControlContext;)Ljava/lang/Object;+0
j  java.security.ProtectionDomain$JavaSecurityAccessImpl.doIntersectionPrivilege(Ljava/security/PrivilegedAction;Ljava/security/AccessControlContext;Ljava/security/AccessControlContext;)Ljava/lang/Object;+18
j  java.awt.EventQueue.dispatchEvent(Ljava/awt/AWTEvent;)V+46
j  java.awt.EventDispatchThread.pumpOneEventForFilters(I)V+140
j  java.awt.EventDispatchThread.pumpEventsForFilter(ILjava/awt/Conditional;Ljava/awt/EventFilter;)V+35
j  java.awt.EventDispatchThread.pumpEventsForHierarchy(ILjava/awt/Conditional;Ljava/awt/Component;)V+11
j  java.awt.EventDispatchThread.pumpEvents(ILjava/awt/Conditional;)V+4
j  java.awt.EventDispatchThread.pumpEvents(Ljava/awt/Conditional;)V+3
j  java.awt.EventDispatchThread.run()V+9
v  ~StubRoutines::call_stub

---------------  P R O C E S S  ---------------

Java Threads: ( => current thread )
=>0x00007f8b74377000 JavaThread "AWT-EventQueue-0" [_thread_in_native, id=27603, stack(0x00007f8b51dd2000,0x00007f8b51ed3000)]
  0x00007f8b74372000 JavaThread "AWT-Shutdown" [_thread_blocked, id=27602, stack(0x00007f8b51ed3000,0x00007f8b51fd4000)]
  0x00007f8b744b0800 JavaThread "AWT-XAWT" daemon [_thread_in_native, id=27549, stack(0x00007f8b524ef000,0x00007f8b525f0000)]
  0x00007f8b74be0000 JavaThread "Java2D Disposer" daemon [_thread_blocked, id=27481, stack(0x00007f8b580db000,0x00007f8b581dc000)]
  0x00007f8b740ef800 JavaThread "Service Thread" daemon [_thread_blocked, id=27478, stack(0x00007f8b59f50000,0x00007f8b5a051000)]
  0x00007f8b740ec800 JavaThread "C1 CompilerThread11" daemon [_thread_blocked, id=27477, stack(0x00007f8b5a052000,0x00007f8b5a152000)]
  0x00007f8b740ea800 JavaThread "C1 CompilerThread10" daemon [_thread_blocked, id=27476, stack(0x00007f8b5a153000,0x00007f8b5a253000)]
  0x00007f8b740e8000 JavaThread "C1 CompilerThread9" daemon [_thread_blocked, id=27475, stack(0x00007f8b5a254000,0x00007f8b5a354000)]
  0x00007f8b740e6000 JavaThread "C1 CompilerThread8" daemon [_thread_blocked, id=27474, stack(0x00007f8b5a355000,0x00007f8b5a455000)]
  0x00007f8b740e4000 JavaThread "C2 CompilerThread7" daemon [_thread_blocked, id=27473, stack(0x00007f8b5a456000,0x00007f8b5a556000)]
  0x00007f8b740e2000 JavaThread "C2 CompilerThread6" daemon [_thread_blocked, id=27472, stack(0x00007f8b5a557000,0x00007f8b5a657000)]
  0x00007f8b740df800 JavaThread "C2 CompilerThread5" daemon [_thread_blocked, id=27471, stack(0x00007f8b5a658000,0x00007f8b5a758000)]
  0x00007f8b740d5800 JavaThread "C2 CompilerThread4" daemon [_thread_blocked, id=27470, stack(0x00007f8b5a759000,0x00007f8b5a859000)]
  0x00007f8b740d3800 JavaThread "C2 CompilerThread3" daemon [_thread_blocked, id=27469, stack(0x00007f8b5a85a000,0x00007f8b5a95a000)]
  0x00007f8b740d1000 JavaThread "C2 CompilerThread2" daemon [_thread_blocked, id=27468, stack(0x00007f8b5a95b000,0x00007f8b5aa5b000)]
  0x00007f8b740cf800 JavaThread "C2 CompilerThread1" daemon [_thread_blocked, id=27467, stack(0x00007f8b5aa5c000,0x00007f8b5ab5c000)]
  0x00007f8b740cc800 JavaThread "C2 CompilerThread0" daemon [_thread_blocked, id=27466, stack(0x00007f8b5ab5d000,0x00007f8b5ac5d000)]
  0x00007f8b740cb000 JavaThread "Signal Dispatcher" daemon [_thread_blocked, id=27465, stack(0x00007f8b5ac5d000,0x00007f8b5ad5e000)]
  0x00007f8b74098000 JavaThread "Finalizer" daemon [_thread_blocked, id=27464, stack(0x00007f8b5b1f2000,0x00007f8b5b2f3000)]
  0x00007f8b74095800 JavaThread "Reference Handler" daemon [_thread_blocked, id=27463, stack(0x00007f8b5b2f3000,0x00007f8b5b3f4000)]
  0x00007f8b7400b000 JavaThread "main" [_thread_blocked, id=27448, stack(0x00007f8b7aee7000,0x00007f8b7afe7000)]

Other Threads:
  0x00007f8b7408b800 VMThread [stack: 0x00007f8b5b3f5000,0x00007f8b5b4f5000] [id=27462]
  0x00007f8b740f2000 WatcherThread [stack: 0x00007f8b59e50000,0x00007f8b59f50000] [id=27479]

VM state:not at safepoint (normal execution)

VM Mutex/Monitor currently owned by a thread: None

heap address: 0x00000000e0000000, size: 512 MB, Compressed Oops mode: 32-bit
Narrow klass base: 0x0000000000000000, Narrow klass shift: 3
Compressed class space size: 1073741824 Address: 0x0000000100000000

Heap:
 PSYoungGen      total 139264K, used 10417K [0x00000000f5580000, 0x00000000fe780000, 0x0000000100000000)
  eden space 129024K, 8% used [0x00000000f5580000,0x00000000f5fac4d0,0x00000000fd380000)
  from space 10240K, 0% used [0x00000000fdd80000,0x00000000fdd80000,0x00000000fe780000)
  to   space 10240K, 0% used [0x00000000fd380000,0x00000000fd380000,0x00000000fdd80000)
 ParOldGen       total 112128K, used 8023K [0x00000000e0000000, 0x00000000e6d80000, 0x00000000f5580000)
  object space 112128K, 7% used [0x00000000e0000000,0x00000000e07d5c50,0x00000000e6d80000)
 Metaspace       used 23962K, capacity 24250K, committed 24704K, reserved 1071104K
  class space    used 3079K, capacity 3162K, committed 3200K, reserved 1048576K

Card table byte_map: [0x00007f8b780a1000,0x00007f8b781a2000] byte_map_base: 0x00007f8b779a1000

Marking Bits: (ParMarkBitMap*) 0x00007f8b7a392d80
 Begin Bits: [0x00007f8b62d17000, 0x00007f8b63517000)
 End Bits:   [0x00007f8b63517000, 0x00007f8b63d17000)

Polling page: 0x00007f8b7b000000

CodeCache: size=245760Kb used=8296Kb max_used=8298Kb free=237463Kb
 bounds [0x00007f8b64de4000, 0x00007f8b65604000, 0x00007f8b73de4000]
 total_blobs=2646 nmethods=2115 adapters=442
 compilation: enabled

Compilation events (10 events):
Event: 1.053 Thread 0x00007f8b740e8000 2111       3       sun.reflect.DelegatingConstructorAccessorImpl::setDelegate (6 bytes)
Event: 1.053 Thread 0x00007f8b740e8000 nmethod 2111 0x00007f8b655ffa50 code [0x00007f8b655ffba0, 0x00007f8b655ffd10]
Event: 1.063 Thread 0x00007f8b740e6000 2112       3       java.io.BufferedReader::ensureOpen (18 bytes)
Event: 1.063 Thread 0x00007f8b740ea800 2113       3       java.io.StreamTokenizer::read (38 bytes)
Event: 1.063 Thread 0x00007f8b740ec800 2114   !   3       java.io.BufferedReader::read (104 bytes)
Event: 1.063 Thread 0x00007f8b740e6000 nmethod 2112 0x00007f8b655fe0d0 code [0x00007f8b655fe240, 0x00007f8b655fe488]
Event: 1.063 Thread 0x00007f8b740ea800 nmethod 2113 0x00007f8b655fda10 code [0x00007f8b655fdba0, 0x00007f8b655fdfa8]
Event: 1.063 Thread 0x00007f8b740ec800 nmethod 2114 0x00007f8b655fcd10 code [0x00007f8b655fcee0, 0x00007f8b655fd598]
Event: 1.067 Thread 0x00007f8b740e8000 2115       3       java.lang.System::checkKey (34 bytes)
Event: 1.067 Thread 0x00007f8b740e8000 nmethod 2115 0x00007f8b655fc610 code [0x00007f8b655fc7c0, 0x00007f8b655fcba8]

GC Heap History (6 events):
Event: 0.542 GC heap before
{Heap before GC invocations=1 (full 0):
 PSYoungGen      total 74752K, used 64512K [0x00000000f5580000, 0x00000000fa880000, 0x0000000100000000)
  eden space 64512K, 100% used [0x00000000f5580000,0x00000000f9480000,0x00000000f9480000)
  from space 10240K, 0% used [0x00000000f9e80000,0x00000000f9e80000,0x00000000fa880000)
  to   space 10240K, 0% used [0x00000000f9480000,0x00000000f9480000,0x00000000f9e80000)
 ParOldGen       total 171008K, used 0K [0x00000000e0000000, 0x00000000ea700000, 0x00000000f5580000)
  object space 171008K, 0% used [0x00000000e0000000,0x00000000e0000000,0x00000000ea700000)
 Metaspace       used 14036K, capacity 14224K, committed 14464K, reserved 1062912K
  class space    used 1746K, capacity 1820K, committed 1920K, reserved 1048576K
Event: 0.550 GC heap after
Heap after GC invocations=1 (full 0):
 PSYoungGen      total 74752K, used 8285K [0x00000000f5580000, 0x00000000fe780000, 0x0000000100000000)
  eden space 64512K, 0% used [0x00000000f5580000,0x00000000f5580000,0x00000000f9480000)
  from space 10240K, 80% used [0x00000000f9480000,0x00000000f9c97768,0x00000000f9e80000)
  to   space 10240K, 0% used [0x00000000fdd80000,0x00000000fdd80000,0x00000000fe780000)
 ParOldGen       total 171008K, used 16K [0x00000000e0000000, 0x00000000ea700000, 0x00000000f5580000)
  object space 171008K, 0% used [0x00000000e0000000,0x00000000e0004000,0x00000000ea700000)
 Metaspace       used 14036K, capacity 14224K, committed 14464K, reserved 1062912K
  class space    used 1746K, capacity 1820K, committed 1920K, reserved 1048576K
}
Event: 0.925 GC heap before
{Heap before GC invocations=2 (full 0):
 PSYoungGen      total 74752K, used 64783K [0x00000000f5580000, 0x00000000fe780000, 0x0000000100000000)
  eden space 64512K, 87% used [0x00000000f5580000,0x00000000f8cac4f8,0x00000000f9480000)
  from space 10240K, 80% used [0x00000000f9480000,0x00000000f9c97768,0x00000000f9e80000)
  to   space 10240K, 0% used [0x00000000fdd80000,0x00000000fdd80000,0x00000000fe780000)
 ParOldGen       total 171008K, used 16K [0x00000000e0000000, 0x00000000ea700000, 0x00000000f5580000)
  object space 171008K, 0% used [0x00000000e0000000,0x00000000e0004000,0x00000000ea700000)
 Metaspace       used 20834K, capacity 21010K, committed 21248K, reserved 1067008K
  class space    used 2695K, capacity 2765K, committed 2816K, reserved 1048576K
Event: 0.932 GC heap after
Heap after GC invocations=2 (full 0):
 PSYoungGen      total 139264K, used 8516K [0x00000000f5580000, 0x00000000fe780000, 0x0000000100000000)
  eden space 129024K, 0% used [0x00000000f5580000,0x00000000f5580000,0x00000000fd380000)
  from space 10240K, 83% used [0x00000000fdd80000,0x00000000fe5d1078,0x00000000fe780000)
  to   space 10240K, 0% used [0x00000000fd380000,0x00000000fd380000,0x00000000fdd80000)
 ParOldGen       total 171008K, used 88K [0x00000000e0000000, 0x00000000ea700000, 0x00000000f5580000)
  object space 171008K, 0% used [0x00000000e0000000,0x00000000e0016010,0x00000000ea700000)
 Metaspace       used 20834K, capacity 21010K, committed 21248K, reserved 1067008K
  class space    used 2695K, capacity 2765K, committed 2816K, reserved 1048576K
}
Event: 0.932 GC heap before
{Heap before GC invocations=3 (full 1):
 PSYoungGen      total 139264K, used 8516K [0x00000000f5580000, 0x00000000fe780000, 0x0000000100000000)
  eden space 129024K, 0% used [0x00000000f5580000,0x00000000f5580000,0x00000000fd380000)
  from space 10240K, 83% used [0x00000000fdd80000,0x00000000fe5d1078,0x00000000fe780000)
  to   space 10240K, 0% used [0x00000000fd380000,0x00000000fd380000,0x00000000fdd80000)
 ParOldGen       total 171008K, used 88K [0x00000000e0000000, 0x00000000ea700000, 0x00000000f5580000)
  object space 171008K, 0% used [0x00000000e0000000,0x00000000e0016010,0x00000000ea700000)
 Metaspace       used 20834K, capacity 21010K, committed 21248K, reserved 1067008K
  class space    used 2695K, capacity 2765K, committed 2816K, reserved 1048576K
Event: 0.955 GC heap after
Heap after GC invocations=3 (full 1):
 PSYoungGen      total 139264K, used 0K [0x00000000f5580000, 0x00000000fe780000, 0x0000000100000000)
  eden space 129024K, 0% used [0x00000000f5580000,0x00000000f5580000,0x00000000fd380000)
  from space 10240K, 0% used [0x00000000fdd80000,0x00000000fdd80000,0x00000000fe780000)
  to   space 10240K, 0% used [0x00000000fd380000,0x00000000fd380000,0x00000000fdd80000)
 ParOldGen       total 112128K, used 8023K [0x00000000e0000000, 0x00000000e6d80000, 0x00000000f5580000)
  object space 112128K, 7% used [0x00000000e0000000,0x00000000e07d5c50,0x00000000e6d80000)
 Metaspace       used 20834K, capacity 21010K, committed 21248K, reserved 1067008K
  class space    used 2695K, capacity 2765K, committed 2816K, reserved 1048576K
}

Deoptimization events (10 events):
Event: 0.956 Thread 0x00007f8b7400b000 Uncommon trap: reason=class_check action=maybe_recompile pc=0x00007f8b65389aec method=java.io.FilterInputStream.read()I @ 4
Event: 0.956 Thread 0x00007f8b7400b000 Uncommon trap: reason=class_check action=maybe_recompile pc=0x00007f8b65389aec method=java.io.FilterInputStream.read()I @ 4
Event: 0.960 Thread 0x00007f8b7400b000 Uncommon trap: reason=unstable_if action=reinterpret pc=0x00007f8b655adeb0 method=com.sun.imageio.plugins.png.PNGImageReader.paethPredictor(III)I @ 41
Event: 0.996 Thread 0x00007f8b7400b000 Uncommon trap: reason=unstable_if action=reinterpret pc=0x00007f8b65377b84 method=java.io.UnixFileSystem.normalize(Ljava/lang/String;)Ljava/lang/String; @ 60
Event: 1.021 Thread 0x00007f8b7400b000 Uncommon trap: reason=unstable_if action=reinterpret pc=0x00007f8b65207b28 method=java.lang.AbstractStringBuilder.append(Ljava/lang/String;)Ljava/lang/AbstractStringBuilder; @ 1
Event: 1.022 Thread 0x00007f8b7400b000 Uncommon trap: reason=unstable_if action=reinterpret pc=0x00007f8b6518a8b8 method=java.lang.AbstractStringBuilder.append(Ljava/lang/String;)Ljava/lang/AbstractStringBuilder; @ 1
Event: 1.066 Thread 0x00007f8b74377000 Uncommon trap: reason=bimorphic action=maybe_recompile pc=0x00007f8b654688e0 method=java.util.Properties$LineReader.readLine()I @ 62
Event: 1.067 Thread 0x00007f8b74377000 Uncommon trap: reason=bimorphic action=maybe_recompile pc=0x00007f8b65468914 method=java.util.Properties$LineReader.readLine()I @ 410
Event: 1.067 Thread 0x00007f8b74377000 Uncommon trap: reason=bimorphic action=maybe_recompile pc=0x00007f8b654688e0 method=java.util.Properties$LineReader.readLine()I @ 62
Event: 1.067 Thread 0x00007f8b74377000 Uncommon trap: reason=bimorphic action=maybe_recompile pc=0x00007f8b654688e0 method=java.util.Properties$LineReader.readLine()I @ 62

Classes redefined (0 events):
No events

Internal exceptions (10 events):
Event: 0.642 Thread 0x00007f8b7400b000 Exception <a 'java/lang/ClassNotFoundException': com/sun/org/glassfish/hk2/osgiresourcelocator/ServiceLoader> (0x00000000f6628ea0) thrown at [/HUDSON/workspace/8-2-build-linux-amd64/jdk8u202/12319/hotspot/src/share/vm/classfile/systemDictionary.cpp, line 
Event: 0.663 Thread 0x00007f8b7400b000 Exception <a 'java/lang/ClassNotFoundException': com/sun/org/glassfish/hk2/osgiresourcelocator/ServiceLoader> (0x00000000f69bccd8) thrown at [/HUDSON/workspace/8-2-build-linux-amd64/jdk8u202/12319/hotspot/src/share/vm/classfile/systemDictionary.cpp, line 
Event: 0.692 Thread 0x00007f8b7400b000 Exception <a 'java/lang/ClassNotFoundException': com/sun/org/glassfish/hk2/osgiresourcelocator/ServiceLoader> (0x00000000f6c966a0) thrown at [/HUDSON/workspace/8-2-build-linux-amd64/jdk8u202/12319/hotspot/src/share/vm/classfile/systemDictionary.cpp, line 
Event: 0.694 Thread 0x00007f8b7400b000 Exception <a 'java/lang/ClassNotFoundException': com/sun/org/glassfish/hk2/osgiresourcelocator/ServiceLoader> (0x00000000f6cfa688) thrown at [/HUDSON/workspace/8-2-build-linux-amd64/jdk8u202/12319/hotspot/src/share/vm/classfile/systemDictionary.cpp, line 
Event: 0.712 Thread 0x00007f8b7400b000 Exception <a 'java/lang/ClassNotFoundException': com/sun/org/glassfish/hk2/osgiresourcelocator/ServiceLoader> (0x00000000f6ea1d60) thrown at [/HUDSON/workspace/8-2-build-linux-amd64/jdk8u202/12319/hotspot/src/share/vm/classfile/systemDictionary.cpp, line 
Event: 0.783 Thread 0x00007f8b7400b000 Exception <a 'java/lang/ClassNotFoundException': com/sun/org/glassfish/hk2/osgiresourcelocator/ServiceLoader> (0x00000000f79df0d0) thrown at [/HUDSON/workspace/8-2-build-linux-amd64/jdk8u202/12319/hotspot/src/share/vm/classfile/systemDictionary.cpp, line 
Event: 0.911 Thread 0x00007f8b7400b000 Exception <a 'java/io/FileNotFoundException'> (0x00000000f8b2e4f8) thrown at [/HUDSON/workspace/8-2-build-linux-amd64/jdk8u202/12319/hotspot/src/share/vm/prims/jni.cpp, line 710]
Event: 0.911 Thread 0x00007f8b7400b000 Exception <a 'java/io/FileNotFoundException'> (0x00000000f8b2f118) thrown at [/HUDSON/workspace/8-2-build-linux-amd64/jdk8u202/12319/hotspot/src/share/vm/prims/jni.cpp, line 710]
Event: 1.021 Thread 0x00007f8b7400b000 Implicit null exception at 0x00007f8b65207775 to 0x00007f8b65207b15
Event: 1.022 Thread 0x00007f8b7400b000 Implicit null exception at 0x00007f8b6518a4f6 to 0x00007f8b6518a8a1

Events (10 events):
Event: 1.067 Thread 0x00007f8b74377000 DEOPT PACKING pc=0x00007f8b65468914 sp=0x00007f8b51ece920
Event: 1.067 Thread 0x00007f8b74377000 DEOPT UNPACKING pc=0x00007f8b64e2973a sp=0x00007f8b51ece8b8 mode 2
Event: 1.067 Thread 0x00007f8b74377000 Uncommon trap: trap_request=0xffffffc6 fr.pc=0x00007f8b654688e0
Event: 1.067 Thread 0x00007f8b74377000 DEOPT PACKING pc=0x00007f8b654688e0 sp=0x00007f8b51ece920
Event: 1.067 Thread 0x00007f8b74377000 DEOPT UNPACKING pc=0x00007f8b64e2973a sp=0x00007f8b51ece8b8 mode 2
Event: 1.067 loading class sun/font/FcFontConfiguration
Event: 1.067 loading class sun/font/FcFontConfiguration done
Event: 1.067 Thread 0x00007f8b74377000 Uncommon trap: trap_request=0xffffffc6 fr.pc=0x00007f8b654688e0
Event: 1.067 Thread 0x00007f8b74377000 DEOPT PACKING pc=0x00007f8b654688e0 sp=0x00007f8b51ece920
Event: 1.067 Thread 0x00007f8b74377000 DEOPT UNPACKING pc=0x00007f8b64e2973a sp=0x00007f8b51ece8b8 mode 2


Dynamic libraries:
00400000-00401000 r-xp 00000000 08:01 7499174                            /tmp/mwRN1n4t/sys/java/jre/glnxa64/jre/bin/java
00600000-00601000 r--p 00000000 08:01 7499174                            /tmp/mwRN1n4t/sys/java/jre/glnxa64/jre/bin/java
00601000-00602000 rw-p 00001000 08:01 7499174                            /tmp/mwRN1n4t/sys/java/jre/glnxa64/jre/bin/java
01c04000-01c25000 rw-p 00000000 00:00 0                                  [heap]
e0000000-e6d80000 rw-p 00000000 00:00 0 
e6d80000-f5580000 ---p 00000000 00:00 0 
f5580000-fe780000 rw-p 00000000 00:00 0 
fe780000-100000000 ---p 00000000 00:00 0 
100000000-100320000 rw-p 00000000 00:00 0 
100320000-140000000 ---p 00000000 00:00 0 
7f8aac000000-7f8aac021000 rw-p 00000000 00:00 0 
7f8aac021000-7f8ab0000000 ---p 00000000 00:00 0 
7f8ab4000000-7f8ab4021000 rw-p 00000000 00:00 0 
7f8ab4021000-7f8ab8000000 ---p 00000000 00:00 0 
7f8ab8000000-7f8ab8021000 rw-p 00000000 00:00 0 
7f8ab8021000-7f8abc000000 ---p 00000000 00:00 0 
7f8abc000000-7f8abc021000 rw-p 00000000 00:00 0 
7f8abc021000-7f8ac0000000 ---p 00000000 00:00 0 
7f8ac0000000-7f8ac0021000 rw-p 00000000 00:00 0 
7f8ac0021000-7f8ac4000000 ---p 00000000 00:00 0 
7f8ac4000000-7f8ac4117000 rw-p 00000000 00:00 0 
7f8ac4117000-7f8ac8000000 ---p 00000000 00:00 0 
7f8ac8000000-7f8ac8021000 rw-p 00000000 00:00 0 
7f8ac8021000-7f8acc000000 ---p 00000000 00:00 0 
7f8acc000000-7f8acc156000 rw-p 00000000 00:00 0 
7f8acc156000-7f8ad0000000 ---p 00000000 00:00 0 
7f8ad0000000-7f8ad0121000 rw-p 00000000 00:00 0 
7f8ad0121000-7f8ad4000000 ---p 00000000 00:00 0 
7f8ad4000000-7f8ad423a000 rw-p 00000000 00:00 0 
7f8ad423a000-7f8ad8000000 ---p 00000000 00:00 0 
7f8ad8000000-7f8ad8188000 rw-p 00000000 00:00 0 
7f8ad8188000-7f8adc000000 ---p 00000000 00:00 0 
7f8adc000000-7f8adc1c7000 rw-p 00000000 00:00 0 
7f8adc1c7000-7f8ae0000000 ---p 00000000 00:00 0 
7f8ae0000000-7f8ae00d4000 rw-p 00000000 00:00 0 
7f8ae00d4000-7f8ae4000000 ---p 00000000 00:00 0 
7f8ae4000000-7f8ae416c000 rw-p 00000000 00:00 0 
7f8ae416c000-7f8ae8000000 ---p 00000000 00:00 0 
7f8ae8000000-7f8ae82bf000 rw-p 00000000 00:00 0 
7f8ae82bf000-7f8aec000000 ---p 00000000 00:00 0 
7f8aec000000-7f8aec149000 rw-p 00000000 00:00 0 
7f8aec149000-7f8af0000000 ---p 00000000 00:00 0 
7f8af0000000-7f8af01a5000 rw-p 00000000 00:00 0 
7f8af01a5000-7f8af4000000 ---p 00000000 00:00 0 
7f8af4000000-7f8af4021000 rw-p 00000000 00:00 0 
7f8af4021000-7f8af8000000 ---p 00000000 00:00 0 
7f8af8000000-7f8af81dc000 rw-p 00000000 00:00 0 
7f8af81dc000-7f8afc000000 ---p 00000000 00:00 0 
7f8afc000000-7f8afc021000 rw-p 00000000 00:00 0 
7f8afc021000-7f8b00000000 ---p 00000000 00:00 0 
7f8b00000000-7f8b00021000 rw-p 00000000 00:00 0 
7f8b00021000-7f8b04000000 ---p 00000000 00:00 0 
7f8b04000000-7f8b04021000 rw-p 00000000 00:00 0 
7f8b04021000-7f8b08000000 ---p 00000000 00:00 0 
7f8b08000000-7f8b08021000 rw-p 00000000 00:00 0 
7f8b08021000-7f8b0c000000 ---p 00000000 00:00 0 
7f8b0c000000-7f8b0c021000 rw-p 00000000 00:00 0 
7f8b0c021000-7f8b10000000 ---p 00000000 00:00 0 
7f8b10000000-7f8b10021000 rw-p 00000000 00:00 0 
7f8b10021000-7f8b14000000 ---p 00000000 00:00 0 
7f8b14000000-7f8b14021000 rw-p 00000000 00:00 0 
7f8b14021000-7f8b18000000 ---p 00000000 00:00 0 
7f8b1c000000-7f8b1c021000 rw-p 00000000 00:00 0 
7f8b1c021000-7f8b20000000 ---p 00000000 00:00 0 
7f8b24000000-7f8b24021000 rw-p 00000000 00:00 0 
7f8b24021000-7f8b28000000 ---p 00000000 00:00 0 
7f8b2c000000-7f8b2c021000 rw-p 00000000 00:00 0 
7f8b2c021000-7f8b30000000 ---p 00000000 00:00 0 
7f8b34000000-7f8b34021000 rw-p 00000000 00:00 0 
7f8b34021000-7f8b38000000 ---p 00000000 00:00 0 
7f8b3c000000-7f8b3c021000 rw-p 00000000 00:00 0 
7f8b3c021000-7f8b40000000 ---p 00000000 00:00 0 
7f8b44000000-7f8b44021000 rw-p 00000000 00:00 0 
7f8b44021000-7f8b48000000 ---p 00000000 00:00 0 
7f8b49520000-7f8b49590000 r-xp 00000000 08:01 3937445                    /lib/x86_64-linux-gnu/libpcre.so.3.13.3
7f8b49590000-7f8b49790000 ---p 00070000 08:01 3937445                    /lib/x86_64-linux-gnu/libpcre.so.3.13.3
7f8b49790000-7f8b49792000 rw-p 00070000 08:01 3937445                    /lib/x86_64-linux-gnu/libpcre.so.3.13.3
7f8b49792000-7f8b49799000 r-xp 00000000 08:01 4857801                    /usr/lib/x86_64-linux-gnu/libffi.so.6.0.4
7f8b49799000-7f8b49998000 ---p 00007000 08:01 4857801                    /usr/lib/x86_64-linux-gnu/libffi.so.6.0.4
7f8b49998000-7f8b4999a000 rw-p 00006000 08:01 4857801                    /usr/lib/x86_64-linux-gnu/libffi.so.6.0.4
7f8b49e41000-7f8b49e92000 r-xp 00000000 08:01 3937227                    /lib/x86_64-linux-gnu/libmount.so.1.1.0
7f8b49e92000-7f8b4a091000 ---p 00051000 08:01 3937227                    /lib/x86_64-linux-gnu/libmount.so.1.1.0
7f8b4a091000-7f8b4a094000 rw-p 00050000 08:01 3937227                    /lib/x86_64-linux-gnu/libmount.so.1.1.0
7f8b4a094000-7f8b4a095000 rw-p 00000000 00:00 0 
7f8b4a095000-7f8b4a0ac000 r-xp 00000000 08:01 3947057                    /lib/x86_64-linux-gnu/libresolv-2.27.so
7f8b4a0ac000-7f8b4a2ac000 ---p 00017000 08:01 3947057                    /lib/x86_64-linux-gnu/libresolv-2.27.so
7f8b4a2ac000-7f8b4a2ae000 rw-p 00017000 08:01 3947057                    /lib/x86_64-linux-gnu/libresolv-2.27.so
7f8b4a2ae000-7f8b4a2b0000 rw-p 00000000 00:00 0 
7f8b4a2b0000-7f8b4a2d5000 r-xp 00000000 08:01 3937468                    /lib/x86_64-linux-gnu/libselinux.so.1
7f8b4a2d5000-7f8b4a4d4000 ---p 00025000 08:01 3937468                    /lib/x86_64-linux-gnu/libselinux.so.1
7f8b4a4d4000-7f8b4a4d6000 rw-p 00024000 08:01 3937468                    /lib/x86_64-linux-gnu/libselinux.so.1
7f8b4a4d6000-7f8b4a4d8000 rw-p 00000000 00:00 0 
7f8b4a4d8000-7f8b4a4f4000 r-xp 00000000 08:01 3937495                    /lib/x86_64-linux-gnu/libz.so.1.2.11
7f8b4a4f4000-7f8b4a6f3000 ---p 0001c000 08:01 3937495                    /lib/x86_64-linux-gnu/libz.so.1.2.11
7f8b4a6f3000-7f8b4a6f5000 rw-p 0001b000 08:01 3937495                    /lib/x86_64-linux-gnu/libz.so.1.2.11
7f8b4bce9000-7f8b4bdfd000 r-xp 00000000 08:01 4850007                    /usr/lib/x86_64-linux-gnu/libglib-2.0.so.0.5600.4
7f8b4bdfd000-7f8b4bffd000 ---p 00114000 08:01 4850007                    /usr/lib/x86_64-linux-gnu/libglib-2.0.so.0.5600.4
7f8b4bffd000-7f8b4bfff000 rw-p 00114000 08:01 4850007                    /usr/lib/x86_64-linux-gnu/libglib-2.0.so.0.5600.4
7f8b4bfff000-7f8b4c000000 rw-p 00000000 00:00 0 
7f8b4c000000-7f8b4c021000 rw-p 00000000 00:00 0 
7f8b4c021000-7f8b50000000 ---p 00000000 00:00 0 
7f8b5010f000-7f8b50161000 r-xp 00000000 08:01 4850031                    /usr/lib/x86_64-linux-gnu/libgobject-2.0.so.0.5600.4
7f8b50161000-7f8b50361000 ---p 00052000 08:01 4850031                    /usr/lib/x86_64-linux-gnu/libgobject-2.0.so.0.5600.4
7f8b50361000-7f8b50363000 rw-p 00052000 08:01 4850031                    /usr/lib/x86_64-linux-gnu/libgobject-2.0.so.0.5600.4
7f8b507c6000-7f8b5095b000 r-xp 00000000 08:01 4849999                    /usr/lib/x86_64-linux-gnu/libgio-2.0.so.0.5600.4
7f8b5095b000-7f8b50b5b000 ---p 00195000 08:01 4849999                    /usr/lib/x86_64-linux-gnu/libgio-2.0.so.0.5600.4
7f8b50b5b000-7f8b50b63000 rw-p 00195000 08:01 4849999                    /usr/lib/x86_64-linux-gnu/libgio-2.0.so.0.5600.4
7f8b50b63000-7f8b50b65000 rw-p 00000000 00:00 0 
7f8b514d9000-7f8b514dc000 r-xp 00000000 08:01 4850030                    /usr/lib/x86_64-linux-gnu/libgmodule-2.0.so.0.5600.4
7f8b514dc000-7f8b516db000 ---p 00003000 08:01 4850030                    /usr/lib/x86_64-linux-gnu/libgmodule-2.0.so.0.5600.4
7f8b516db000-7f8b516dd000 rw-p 00002000 08:01 4850030                    /usr/lib/x86_64-linux-gnu/libgmodule-2.0.so.0.5600.4
7f8b51dd2000-7f8b51dd5000 ---p 00000000 00:00 0 
7f8b51dd5000-7f8b51ed3000 rw-p 00000000 00:00 0 
7f8b51ed3000-7f8b51ed6000 ---p 00000000 00:00 0 
7f8b51ed6000-7f8b520d4000 rw-p 00000000 00:00 0 
7f8b520d4000-7f8b521d4000 ---p 00000000 00:00 0 
7f8b521d4000-7f8b522e3000 r-xp 00000000 08:01 7498169                    /tmp/mwRN1n4t/bin/glnxa64/libinstutil.so
7f8b522e3000-7f8b524e3000 ---p 0010f000 08:01 7498169                    /tmp/mwRN1n4t/bin/glnxa64/libinstutil.so
7f8b524e3000-7f8b524e7000 r--p 0010f000 08:01 7498169                    /tmp/mwRN1n4t/bin/glnxa64/libinstutil.so
7f8b524e7000-7f8b524eb000 rw-p 00113000 08:01 7498169                    /tmp/mwRN1n4t/bin/glnxa64/libinstutil.so
7f8b524eb000-7f8b524ef000 rw-p 00000000 00:00 0 
7f8b524ef000-7f8b524f2000 ---p 00000000 00:00 0 
7f8b524f2000-7f8b525f0000 rw-p 00000000 00:00 0 
7f8b525f0000-7f8b525f5000 r-xp 00000000 08:01 4857472                    /usr/lib/x86_64-linux-gnu/libXfixes.so.3.1.0
7f8b525f5000-7f8b527f4000 ---p 00005000 08:01 4857472                    /usr/lib/x86_64-linux-gnu/libXfixes.so.3.1.0
7f8b527f4000-7f8b527f5000 r--p 00004000 08:01 4857472                    /usr/lib/x86_64-linux-gnu/libXfixes.so.3.1.0
7f8b527f5000-7f8b527f6000 rw-p 00005000 08:01 4857472                    /usr/lib/x86_64-linux-gnu/libXfixes.so.3.1.0
7f8b527f6000-7f8b527ff000 r-xp 00000000 08:01 4857464                    /usr/lib/x86_64-linux-gnu/libXcursor.so.1.0.2
7f8b527ff000-7f8b529fe000 ---p 00009000 08:01 4857464                    /usr/lib/x86_64-linux-gnu/libXcursor.so.1.0.2
7f8b529fe000-7f8b529ff000 r--p 00008000 08:01 4857464                    /usr/lib/x86_64-linux-gnu/libXcursor.so.1.0.2
7f8b529ff000-7f8b52a00000 rw-p 00009000 08:01 4857464                    /usr/lib/x86_64-linux-gnu/libXcursor.so.1.0.2
7f8b52a00000-7f8b52a5d000 r-xp 00000000 08:01 7500512                    /tmp/mwRN1n4t/sys/java/jre/glnxa64/jre/lib/amd64/libfontmanager.so
7f8b52a5d000-7f8b52c5d000 ---p 0005d000 08:01 7500512                    /tmp/mwRN1n4t/sys/java/jre/glnxa64/jre/lib/amd64/libfontmanager.so
7f8b52c5d000-7f8b52c60000 r--p 0005d000 08:01 7500512                    /tmp/mwRN1n4t/sys/java/jre/glnxa64/jre/lib/amd64/libfontmanager.so
7f8b52c60000-7f8b52c61000 rw-p 00060000 08:01 7500512                    /tmp/mwRN1n4t/sys/java/jre/glnxa64/jre/lib/amd64/libfontmanager.so
7f8b52c61000-7f8b52e61000 rw-p 00000000 00:00 0 
7f8b52e61000-7f8b52e74000 r-xp 00000000 08:01 3937214                    /lib/x86_64-linux-gnu/libbsd.so.0.8.7
7f8b52e74000-7f8b53073000 ---p 00013000 08:01 3937214                    /lib/x86_64-linux-gnu/libbsd.so.0.8.7
7f8b53073000-7f8b53074000 r--p 00012000 08:01 3937214                    /lib/x86_64-linux-gnu/libbsd.so.0.8.7
7f8b53074000-7f8b53075000 rw-p 00013000 08:01 3937214                    /lib/x86_64-linux-gnu/libbsd.so.0.8.7
7f8b53075000-7f8b53076000 rw-p 00000000 00:00 0 
7f8b53076000-7f8b5307b000 r-xp 00000000 08:01 4857468                    /usr/lib/x86_64-linux-gnu/libXdmcp.so.6.0.0
7f8b5307b000-7f8b5327a000 ---p 00005000 08:01 4857468                    /usr/lib/x86_64-linux-gnu/libXdmcp.so.6.0.0
7f8b5327a000-7f8b5327b000 r--p 00004000 08:01 4857468                    /usr/lib/x86_64-linux-gnu/libXdmcp.so.6.0.0
7f8b5327b000-7f8b5327c000 rw-p 00005000 08:01 4857468                    /usr/lib/x86_64-linux-gnu/libXdmcp.so.6.0.0
7f8b5327c000-7f8b5327e000 r-xp 00000000 08:01 4852110                    /usr/lib/x86_64-linux-gnu/libXau.so.6.0.0
7f8b5327e000-7f8b5347e000 ---p 00002000 08:01 4852110                    /usr/lib/x86_64-linux-gnu/libXau.so.6.0.0
7f8b5347e000-7f8b5347f000 r--p 00002000 08:01 4852110                    /usr/lib/x86_64-linux-gnu/libXau.so.6.0.0
7f8b5347f000-7f8b53480000 rw-p 00003000 08:01 4852110                    /usr/lib/x86_64-linux-gnu/libXau.so.6.0.0
7f8b53480000-7f8b534a6000 r-xp 00000000 08:01 4858631                    /usr/lib/x86_64-linux-gnu/libxcb.so.1.1.0
7f8b534a6000-7f8b536a6000 ---p 00026000 08:01 4858631                    /usr/lib/x86_64-linux-gnu/libxcb.so.1.1.0
7f8b536a6000-7f8b536a7000 r--p 00026000 08:01 4858631                    /usr/lib/x86_64-linux-gnu/libxcb.so.1.1.0
7f8b536a7000-7f8b536a8000 rw-p 00027000 08:01 4858631                    /usr/lib/x86_64-linux-gnu/libxcb.so.1.1.0
7f8b536a8000-7f8b536b7000 r-xp 00000000 08:01 4857478                    /usr/lib/x86_64-linux-gnu/libXi.so.6.1.0
7f8b536b7000-7f8b538b6000 ---p 0000f000 08:01 4857478                    /usr/lib/x86_64-linux-gnu/libXi.so.6.1.0
7f8b538b6000-7f8b538b7000 r--p 0000e000 08:01 4857478                    /usr/lib/x86_64-linux-gnu/libXi.so.6.1.0
7f8b538b7000-7f8b538b8000 rw-p 0000f000 08:01 4857478                    /usr/lib/x86_64-linux-gnu/libXi.so.6.1.0
7f8b538b8000-7f8b538bd000 r-xp 00000000 08:01 4857496                    /usr/lib/x86_64-linux-gnu/libXtst.so.6.1.0
7f8b538bd000-7f8b53abc000 ---p 00005000 08:01 4857496                    /usr/lib/x86_64-linux-gnu/libXtst.so.6.1.0
7f8b53abc000-7f8b53abd000 r--p 00004000 08:01 4857496                    /usr/lib/x86_64-linux-gnu/libXtst.so.6.1.0
7f8b53abd000-7f8b53abe000 rw-p 00005000 08:01 4857496                    /usr/lib/x86_64-linux-gnu/libXtst.so.6.1.0
7f8b53abe000-7f8b53ac7000 r-xp 00000000 08:01 4857490                    /usr/lib/x86_64-linux-gnu/libXrender.so.1.3.0
7f8b53ac7000-7f8b53cc6000 ---p 00009000 08:01 4857490                    /usr/lib/x86_64-linux-gnu/libXrender.so.1.3.0
7f8b53cc6000-7f8b53cc7000 r--p 00008000 08:01 4857490                    /usr/lib/x86_64-linux-gnu/libXrender.so.1.3.0
7f8b53cc7000-7f8b53cc8000 rw-p 00009000 08:01 4857490                    /usr/lib/x86_64-linux-gnu/libXrender.so.1.3.0
7f8b53cc8000-7f8b53dfb000 r-xp 00000000 08:01 4857453                    /usr/lib/x86_64-linux-gnu/libX11.so.6.3.0
7f8b53dfb000-7f8b53ffb000 ---p 00133000 08:01 4857453                    /usr/lib/x86_64-linux-gnu/libX11.so.6.3.0
7f8b53ffb000-7f8b53ffc000 r--p 00133000 08:01 4857453                    /usr/lib/x86_64-linux-gnu/libX11.so.6.3.0
7f8b53ffc000-7f8b54000000 rw-p 00134000 08:01 4857453                    /usr/lib/x86_64-linux-gnu/libX11.so.6.3.0
7f8b54000000-7f8b54021000 rw-p 00000000 00:00 0 
7f8b54021000-7f8b58000000 ---p 00000000 00:00 0 
7f8b580db000-7f8b580de000 ---p 00000000 00:00 0 
7f8b580de000-7f8b581dc000 rw-p 00000000 00:00 0 
7f8b581dc000-7f8b581ed000 r-xp 00000000 08:01 4857470                    /usr/lib/x86_64-linux-gnu/libXext.so.6.4.0
7f8b581ed000-7f8b583ec000 ---p 00011000 08:01 4857470                    /usr/lib/x86_64-linux-gnu/libXext.so.6.4.0
7f8b583ec000-7f8b583ed000 r--p 00010000 08:01 4857470                    /usr/lib/x86_64-linux-gnu/libXext.so.6.4.0
7f8b583ed000-7f8b583ee000 rw-p 00011000 08:01 4857470                    /usr/lib/x86_64-linux-gnu/libXext.so.6.4.0
7f8b58406000-7f8b58460000 r-xp 00000000 08:01 7500506                    /tmp/mwRN1n4t/sys/java/jre/glnxa64/jre/lib/amd64/libawt_xawt.so
7f8b58460000-7f8b58660000 ---p 0005a000 08:01 7500506                    /tmp/mwRN1n4t/sys/java/jre/glnxa64/jre/lib/amd64/libawt_xawt.so
7f8b58660000-7f8b58661000 r--p 0005a000 08:01 7500506                    /tmp/mwRN1n4t/sys/java/jre/glnxa64/jre/lib/amd64/libawt_xawt.so
7f8b58661000-7f8b58664000 rw-p 0005b000 08:01 7500506                    /tmp/mwRN1n4t/sys/java/jre/glnxa64/jre/lib/amd64/libawt_xawt.so
7f8b58664000-7f8b58666000 rw-p 00000000 00:00 0 
7f8b58666000-7f8b58706000 r-xp 00000000 08:01 7500504                    /tmp/mwRN1n4t/sys/java/jre/glnxa64/jre/lib/amd64/libawt.so
7f8b58706000-7f8b58905000 ---p 000a0000 08:01 7500504                    /tmp/mwRN1n4t/sys/java/jre/glnxa64/jre/lib/amd64/libawt.so
7f8b58905000-7f8b58906000 r--p 0009f000 08:01 7500504                    /tmp/mwRN1n4t/sys/java/jre/glnxa64/jre/lib/amd64/libawt.so
7f8b58906000-7f8b58911000 rw-p 000a0000 08:01 7500504                    /tmp/mwRN1n4t/sys/java/jre/glnxa64/jre/lib/amd64/libawt.so
7f8b58911000-7f8b58936000 rw-p 00000000 00:00 0 
7f8b58936000-7f8b58952000 r--s 00393000 08:01 7507827                    /tmp/mwRN1n4t/sys/java/jre/glnxa64/jre/lib/ext/cldrdata.jar
7f8b58952000-7f8b5895c000 r--s 00116000 08:01 7507831                    /tmp/mwRN1n4t/sys/java/jre/glnxa64/jre/lib/ext/localedata.jar
7f8b5895c000-7f8b5895d000 r--s 000bb000 08:01 7497386                    /tmp/mwRN1n4t/bundle.zip
7f8b5895d000-7f8b58b5d000 rw-p 00000000 00:00 0 
7f8b58b5d000-7f8b58d5d000 rw-p 00000000 00:00 0 
7f8b58d5d000-7f8b58f5d000 rw-p 00000000 00:00 0 
7f8b58f5d000-7f8b58f70000 r--s 00345000 08:01 7499223                    /tmp/mwRN1n4t/sys/java/jre/glnxa64/jre/lib/resources.jar
7f8b58f70000-7f8b59170000 rw-p 00000000 00:00 0 
7f8b59170000-7f8b59186000 r-xp 00000000 08:01 7498138                    /tmp/mwRN1n4t/bin/glnxa64/libgcc_s.so.1
7f8b59186000-7f8b59385000 ---p 00016000 08:01 7498138                    /tmp/mwRN1n4t/bin/glnxa64/libgcc_s.so.1
7f8b59385000-7f8b59386000 r--p 00015000 08:01 7498138                    /tmp/mwRN1n4t/bin/glnxa64/libgcc_s.so.1
7f8b59386000-7f8b59387000 rw-p 00016000 08:01 7498138                    /tmp/mwRN1n4t/bin/glnxa64/libgcc_s.so.1
7f8b59387000-7f8b594f8000 r-xp 00000000 08:01 7498207                    /tmp/mwRN1n4t/bin/glnxa64/libstdc++.so.6
7f8b594f8000-7f8b596f8000 ---p 00171000 08:01 7498207                    /tmp/mwRN1n4t/bin/glnxa64/libstdc++.so.6
7f8b596f8000-7f8b59702000 r--p 00171000 08:01 7498207                    /tmp/mwRN1n4t/bin/glnxa64/libstdc++.so.6
7f8b59702000-7f8b59704000 rw-p 0017b000 08:01 7498207                    /tmp/mwRN1n4t/bin/glnxa64/libstdc++.so.6
7f8b59704000-7f8b59708000 rw-p 00000000 00:00 0 
7f8b59708000-7f8b59713000 r-xp 00000000 08:01 7498202                    /tmp/mwRN1n4t/bin/glnxa64/libmwwebproxy.so
7f8b59713000-7f8b59714000 ---p 0000b000 08:01 7498202                    /tmp/mwRN1n4t/bin/glnxa64/libmwwebproxy.so
7f8b59714000-7f8b59715000 r--p 0000b000 08:01 7498202                    /tmp/mwRN1n4t/bin/glnxa64/libmwwebproxy.so
7f8b59715000-7f8b59716000 rw-p 0000c000 08:01 7498202                    /tmp/mwRN1n4t/bin/glnxa64/libmwwebproxy.so
7f8b59716000-7f8b59718000 r-xp 00000000 08:01 7498204                    /tmp/mwRN1n4t/bin/glnxa64/libnativewebproxy.so
7f8b59718000-7f8b59719000 r--p 00001000 08:01 7498204                    /tmp/mwRN1n4t/bin/glnxa64/libnativewebproxy.so
7f8b59719000-7f8b5971a000 rw-p 00002000 08:01 7498204                    /tmp/mwRN1n4t/bin/glnxa64/libnativewebproxy.so
7f8b5971a000-7f8b5991a000 rw-p 00000000 00:00 0 
7f8b5991a000-7f8b5991e000 r--s 000a1000 08:01 7499214                    /tmp/mwRN1n4t/sys/java/jre/glnxa64/jre/lib/jsse.jar
7f8b5991e000-7f8b59934000 r-xp 00000000 08:01 7507775                    /tmp/mwRN1n4t/sys/java/jre/glnxa64/jre/lib/amd64/libnet.so
7f8b59934000-7f8b59b34000 ---p 00016000 08:01 7507775                    /tmp/mwRN1n4t/sys/java/jre/glnxa64/jre/lib/amd64/libnet.so
7f8b59b34000-7f8b59b35000 r--p 00016000 08:01 7507775                    /tmp/mwRN1n4t/sys/java/jre/glnxa64/jre/lib/amd64/libnet.so
7f8b59b35000-7f8b59b36000 rw-p 00017000 08:01 7507775                    /tmp/mwRN1n4t/sys/java/jre/glnxa64/jre/lib/amd64/libnet.so
7f8b59b36000-7f8b59b47000 r-xp 00000000 08:01 7507776                    /tmp/mwRN1n4t/sys/java/jre/glnxa64/jre/lib/amd64/libnio.so
7f8b59b47000-7f8b59d46000 ---p 00011000 08:01 7507776                    /tmp/mwRN1n4t/sys/java/jre/glnxa64/jre/lib/amd64/libnio.so
7f8b59d46000-7f8b59d47000 r--p 00010000 08:01 7507776                    /tmp/mwRN1n4t/sys/java/jre/glnxa64/jre/lib/amd64/libnio.so
7f8b59d47000-7f8b59d48000 rw-p 00011000 08:01 7507776                    /tmp/mwRN1n4t/sys/java/jre/glnxa64/jre/lib/amd64/libnio.so
7f8b59d48000-7f8b59d49000 r--s 00007000 08:01 7498478                    /tmp/mwRN1n4t/java/jarext/jackson/jackson-jaxrs-base.jar
7f8b59d49000-7f8b59d4b000 r--s 00009000 08:01 7498469                    /tmp/mwRN1n4t/java/jarext/guice/guice-assistedinject.jar
7f8b59d4b000-7f8b59d5c000 r--s 00174000 08:01 7498259                    /tmp/mwRN1n4t/java/jarext/lucene-analyzers-common.jar
7f8b59d5c000-7f8b59d61000 r--s 00020000 08:01 7498465                    /tmp/mwRN1n4t/java/jarext/axis2/wsdl4j.jar
7f8b59d61000-7f8b59d6e000 r--s 000a7000 08:01 7498543                    /tmp/mwRN1n4t/java/jarext/webservices/urlmanager/urlmanager.jar
7f8b59d6e000-7f8b59d85000 r--s 00114000 08:01 7498268                    /tmp/mwRN1n4t/java/jarext/xercesImpl.jar
7f8b59d85000-7f8b59d86000 r--s 00003000 08:01 7498532                    /tmp/mwRN1n4t/java/jarext/webservices/dduxws_installer_client/dduxws-installer-client.jar
7f8b59d86000-7f8b59d88000 r--s 00003000 08:01 7498228                    /tmp/mwRN1n4t/java/jar/webproxy.jar
7f8b59d88000-7f8b59d8d000 r--s 00041000 08:01 7498242                    /tmp/mwRN1n4t/java/jarext/dws_client.jar
7f8b59d8d000-7f8b59d8f000 r--s 00003000 08:01 7498439                    /tmp/mwRN1n4t/java/jar/zh_CN/install_core_res.jar
7f8b59d8f000-7f8b59d90000 r--s 00007000 08:01 7498220                    /tmp/mwRN1n4t/java/jar/install_task.jar
7f8b59d90000-7f8b59d93000 r--s 00019000 08:01 7498221                    /tmp/mwRN1n4t/java/jar/installagent.jar
7f8b59d93000-7f8b59d9c000 r--s 00055000 08:01 7498264                    /tmp/mwRN1n4t/java/jarext/lucene-queryparser.jar
7f8b59d9c000-7f8b59daa000 r--s 00096000 08:01 7498470                    /tmp/mwRN1n4t/java/jarext/guice/guice.jar
7f8b59daa000-7f8b59dab000 r--s 00000000 08:01 7498444                    /tmp/mwRN1n4t/java/jar/zh_CN/shared_install_res.jar
7f8b59dab000-7f8b59dac000 r--s 00000000 08:01 7498435                    /tmp/mwRN1n4t/java/jar/ko_KR/shared_install_res.jar
7f8b59dac000-7f8b59db4000 r--s 00043000 08:01 7498219                    /tmp/mwRN1n4t/java/jar/install_impl.jar
7f8b59db4000-7f8b59db6000 r--s 00002000 08:01 7498524                    /tmp/mwRN1n4t/java/jarext/connector_api/connector_api_java/message_service_interface.jar
7f8b59db6000-7f8b59ddd000 r--s 00217000 08:01 7498260                    /tmp/mwRN1n4t/java/jarext/lucene-core.jar
7f8b59ddd000-7f8b59de7000 r--s 0009e000 08:01 7498229                    /tmp/mwRN1n4t/java/jar/wizard.jar
7f8b59de7000-7f8b59df0000 r--s 00058000 08:01 7498223                    /tmp/mwRN1n4t/java/jar/installwizard.jar
7f8b59df0000-7f8b59df1000 r--s 00000000 08:01 7498440                    /tmp/mwRN1n4t/java/jar/zh_CN/install_task_res.jar
7f8b59df1000-7f8b59df3000 r--s 0000e000 08:01 7498447                    /tmp/mwRN1n4t/java/jarext/axis2/activation.jar
7f8b59df3000-7f8b59df9000 r--s 00059000 08:01 7498463                    /tmp/mwRN1n4t/java/jarext/axis2/mail.jar
7f8b59df9000-7f8b59dfc000 r--s 00023000 08:01 7498458                    /tmp/mwRN1n4t/java/jarext/axis2/axis2-transport-http.jar
7f8b59dfc000-7f8b59dfd000 r--s 00002000 08:01 7498538                    /tmp/mwRN1n4t/java/jarext/webservices/udc_client/udc_client.jar
7f8b59dfd000-7f8b59e08000 r--s 000b4000 08:01 7498454                    /tmp/mwRN1n4t/java/jarext/axis2/axis2-adb.jar
7f8b59e08000-7f8b59e09000 r--s 00000000 08:01 7498441                    /tmp/mwRN1n4t/java/jar/zh_CN/installagent_res.jar
7f8b59e09000-7f8b59e0a000 r--s 00000000 08:01 7498422                    /tmp/mwRN1n4t/java/jar/ja_JP/install_task_res.jar
7f8b59e0a000-7f8b59e0c000 r--s 00000000 08:01 7498526                    /tmp/mwRN1n4t/java/jarext/connector_api/cosg_api_java/cosg_java_api.jar
7f8b59e0c000-7f8b59e11000 r--s 00026000 08:01 7498462                    /tmp/mwRN1n4t/java/jarext/axis2/httpcore.jar
7f8b59e11000-7f8b59e14000 r--s 00009000 08:01 7498545                    /tmp/mwRN1n4t/java/jarext/webservices/ws_client_core/mw-service-client-core.jar
7f8b59e14000-7f8b59e18000 r--s 00038000 08:01 7498240                    /tmp/mwRN1n4t/java/jarext/commons-lang.jar
7f8b59e18000-7f8b59e1a000 r--s 00005000 08:01 7498226                    /tmp/mwRN1n4t/java/jar/net.jar
7f8b59e1a000-7f8b59e1b000 r--s 00000000 08:01 7498437                    /tmp/mwRN1n4t/java/jar/zh_CN/install_api_res.jar
7f8b59e1b000-7f8b59e1d000 r--s 00007000 08:01 7498464                    /tmp/mwRN1n4t/java/jarext/axis2/neethi.jar
7f8b59e1d000-7f8b59e1e000 r--s 00003000 08:01 7498479                    /tmp/mwRN1n4t/java/jarext/jackson/jackson-jaxrs-json-provider.jar
7f8b59e1e000-7f8b59e20000 r--s 00003000 08:01 7498430                    /tmp/mwRN1n4t/java/jar/ko_KR/install_core_res.jar
7f8b59e20000-7f8b59e25000 r--s 0002b000 08:01 7498225                    /tmp/mwRN1n4t/java/jar/mlwebservices.jar
7f8b59e25000-7f8b59e26000 r--s 00000000 08:01 7498424                    /tmp/mwRN1n4t/java/jar/ja_JP/mw_java_mlwebservices_res.jar
7f8b59e26000-7f8b59e2c000 r--s 00021000 08:01 7498217                    /tmp/mwRN1n4t/java/jar/install.jar
7f8b59e2c000-7f8b59e3e000 r--s 00137000 08:01 7498475                    /tmp/mwRN1n4t/java/jarext/jackson/jackson-databind.jar
7f8b59e3e000-7f8b59e3f000 r--s 00000000 08:01 7498431                    /tmp/mwRN1n4t/java/jar/ko_KR/install_task_res.jar
7f8b59e3f000-7f8b59e40000 r--s 00000000 08:01 7498434                    /tmp/mwRN1n4t/java/jar/ko_KR/mw_java_net_res.jar
7f8b59e40000-7f8b59e41000 r--s 00001000 08:01 7498429                    /tmp/mwRN1n4t/java/jar/ko_KR/install_core_common_res.jar
7f8b59e41000-7f8b59e44000 r--s 0001d000 08:01 7498261                    /tmp/mwRN1n4t/java/jarext/lucene-highlighter.jar
7f8b59e44000-7f8b59e4b000 r--s 00053000 08:01 7498237                    /tmp/mwRN1n4t/java/jarext/commons-compress.jar
7f8b59e4b000-7f8b59e4f000 r--s 0001f000 08:01 7498446                    /tmp/mwRN1n4t/java/jarext/axis2/XmlSchema.jar
7f8b59e4f000-7f8b59e50000 ---p 00000000 00:00 0 
7f8b59e50000-7f8b59f50000 rw-p 00000000 00:00 0 
7f8b59f50000-7f8b59f53000 ---p 00000000 00:00 0 
7f8b59f53000-7f8b5a051000 rw-p 00000000 00:00 0 
7f8b5a051000-7f8b5a052000 ---p 00000000 00:00 0 
7f8b5a052000-7f8b5a055000 ---p 00000000 00:00 0 
7f8b5a055000-7f8b5a152000 rw-p 00000000 00:00 0 
7f8b5a152000-7f8b5a153000 ---p 00000000 00:00 0 
7f8b5a153000-7f8b5a156000 ---p 00000000 00:00 0 
7f8b5a156000-7f8b5a253000 rw-p 00000000 00:00 0 
7f8b5a253000-7f8b5a254000 ---p 00000000 00:00 0 
7f8b5a254000-7f8b5a257000 ---p 00000000 00:00 0 
7f8b5a257000-7f8b5a354000 rw-p 00000000 00:00 0 
7f8b5a354000-7f8b5a355000 ---p 00000000 00:00 0 
7f8b5a355000-7f8b5a358000 ---p 00000000 00:00 0 
7f8b5a358000-7f8b5a455000 rw-p 00000000 00:00 0 
7f8b5a455000-7f8b5a456000 ---p 00000000 00:00 0 
7f8b5a456000-7f8b5a459000 ---p 00000000 00:00 0 
7f8b5a459000-7f8b5a556000 rw-p 00000000 00:00 0 
7f8b5a556000-7f8b5a557000 ---p 00000000 00:00 0 
7f8b5a557000-7f8b5a55a000 ---p 00000000 00:00 0 
7f8b5a55a000-7f8b5a657000 rw-p 00000000 00:00 0 
7f8b5a657000-7f8b5a658000 ---p 00000000 00:00 0 
7f8b5a658000-7f8b5a65b000 ---p 00000000 00:00 0 
7f8b5a65b000-7f8b5a758000 rw-p 00000000 00:00 0 
7f8b5a758000-7f8b5a759000 ---p 00000000 00:00 0 
7f8b5a759000-7f8b5a75c000 ---p 00000000 00:00 0 
7f8b5a75c000-7f8b5a859000 rw-p 00000000 00:00 0 
7f8b5a859000-7f8b5a85a000 ---p 00000000 00:00 0 
7f8b5a85a000-7f8b5a85d000 ---p 00000000 00:00 0 
7f8b5a85d000-7f8b5a95a000 rw-p 00000000 00:00 0 
7f8b5a95a000-7f8b5a95b000 ---p 00000000 00:00 0 
7f8b5a95b000-7f8b5a95e000 ---p 00000000 00:00 0 
7f8b5a95e000-7f8b5aa5b000 rw-p 00000000 00:00 0 
7f8b5aa5b000-7f8b5aa5c000 ---p 00000000 00:00 0 
7f8b5aa5c000-7f8b5aa5f000 ---p 00000000 00:00 0 
7f8b5aa5f000-7f8b5ab5c000 rw-p 00000000 00:00 0 
7f8b5ab5c000-7f8b5ab5d000 ---p 00000000 00:00 0 
7f8b5ab5d000-7f8b5ab60000 ---p 00000000 00:00 0 
7f8b5ab60000-7f8b5ac5d000 rw-p 00000000 00:00 0 
7f8b5ac5d000-7f8b5ac60000 ---p 00000000 00:00 0 
7f8b5ac60000-7f8b5ad5e000 rw-p 00000000 00:00 0 
7f8b5ad5e000-7f8b5b1f2000 r--p 00000000 08:01 4853770                    /usr/lib/locale/locale-archive
7f8b5b1f2000-7f8b5b1f5000 ---p 00000000 00:00 0 
7f8b5b1f5000-7f8b5b2f3000 rw-p 00000000 00:00 0 
7f8b5b2f3000-7f8b5b2f6000 ---p 00000000 00:00 0 
7f8b5b2f6000-7f8b5b3f4000 rw-p 00000000 00:00 0 
7f8b5b3f4000-7f8b5b3f5000 ---p 00000000 00:00 0 
7f8b5b3f5000-7f8b5c000000 rw-p 00000000 00:00 0 
7f8b5c000000-7f8b5c021000 rw-p 00000000 00:00 0 
7f8b5c021000-7f8b60000000 ---p 00000000 00:00 0 
7f8b60000000-7f8b60001000 r--s 00000000 08:01 7498443                    /tmp/mwRN1n4t/java/jar/zh_CN/mw_java_net_res.jar
7f8b60001000-7f8b60002000 r--s 00004000 08:01 7498540                    /tmp/mwRN1n4t/java/jarext/webservices/udc_client_installer/udc_client_installer.jar
7f8b60002000-7f8b60004000 r--s 0000d000 08:01 7498241                    /tmp/mwRN1n4t/java/jarext/commons-logging.jar
7f8b60004000-7f8b60006000 r--s 00005000 08:01 7498534                    /tmp/mwRN1n4t/java/jarext/webservices/dws_client/dws-rest-client.jar
7f8b60006000-7f8b60007000 r--s 00000000 08:01 7498428                    /tmp/mwRN1n4t/java/jar/ko_KR/install_api_res.jar
7f8b60007000-7f8b6000a000 r--s 00018000 08:01 7498482                    /tmp/mwRN1n4t/java/jarext/webservices/loginws_client.jar
7f8b6000a000-7f8b6000f000 r--s 0002a000 08:01 7498254                    /tmp/mwRN1n4t/java/jarext/gson.jar
7f8b6000f000-7f8b60010000 r--s 00001000 08:01 7498438                    /tmp/mwRN1n4t/java/jar/zh_CN/install_core_common_res.jar
7f8b60010000-7f8b60014000 r--s 0002a000 08:01 7498266                    /tmp/mwRN1n4t/java/jarext/lucene-suggest.jar
7f8b60014000-7f8b60016000 r--s 0000a000 08:01 7498236                    /tmp/mwRN1n4t/java/jarext/commons-codec.jar
7f8b60016000-7f8b60017000 r--s 00007000 08:01 7498480                    /tmp/mwRN1n4t/java/jarext/jackson/jackson-module-jaxb-annotations.jar
7f8b60017000-7f8b60018000 r--s 00004000 08:01 7498421                    /tmp/mwRN1n4t/java/jar/ja_JP/install_core_res.jar
7f8b60018000-7f8b60019000 r--s 00001000 08:01 7498227                    /tmp/mwRN1n4t/java/jar/release_info.jar
7f8b60019000-7f8b6001d000 r--s 0002a000 08:01 7498238                    /tmp/mwRN1n4t/java/jarext/commons-io.jar
7f8b6001d000-7f8b6001e000 r--s 00000000 08:01 7498426                    /tmp/mwRN1n4t/java/jar/ja_JP/shared_install_res.jar
7f8b6001e000-7f8b60027000 r--s 0005d000 08:01 7498448                    /tmp/mwRN1n4t/java/jarext/axis2/axiom-api.jar
7f8b60027000-7f8b60046000 r--s 001d7000 08:01 7498232                    /tmp/mwRN1n4t/java/jarext/ant.jar
7f8b60046000-7f8b60049000 r--s 00023000 08:01 7498255                    /tmp/mwRN1n4t/java/jarext/jdom.jar
7f8b60049000-7f8b6004b000 r--s 0001a000 08:01 7498257                    /tmp/mwRN1n4t/java/jarext/jgoodies-forms.jar
7f8b6004b000-7f8b60076000 r--s 001f5000 08:01 7498245                    /tmp/mwRN1n4t/java/jarext/google-collect.jar
7f8b60076000-7f8b6007c000 r--s 0002e000 08:01 7498263                    /tmp/mwRN1n4t/java/jarext/lucene-queries.jar
7f8b6007c000-7f8b60080000 r--s 0004c000 08:01 7498474                    /tmp/mwRN1n4t/java/jarext/jackson/jackson-core.jar
7f8b60080000-7f8b60081000 r--s 00008000 08:01 7498262                    /tmp/mwRN1n4t/java/jarext/lucene-memory.jar
7f8b60081000-7f8b60082000 r--s 00004000 08:01 7498459                    /tmp/mwRN1n4t/java/jarext/axis2/axis2-transport-local.jar
7f8b60082000-7f8b60083000 r--s 00000000 08:01 7498433                    /tmp/mwRN1n4t/java/jar/ko_KR/mw_java_mlwebservices_res.jar
7f8b60083000-7f8b60090000 r--s 000e8000 08:01 7498455                    /tmp/mwRN1n4t/java/jarext/axis2/axis2-kernel.jar
7f8b60090000-7f8b60091000 r--s 00008000 08:01 7498235                    /tmp/mwRN1n4t/java/jarext/commons-cli.jar
7f8b60091000-7f8b60094000 r--s 0001c000 08:01 7498218                    /tmp/mwRN1n4t/java/jar/install_core_common.jar
7f8b60094000-7f8b6009a000 r--s 00045000 08:01 7498460                    /tmp/mwRN1n4t/java/jarext/axis2/commons-httpclient.jar
7f8b6009a000-7f8b6009c000 r--s 00004000 08:01 7498536                    /tmp/mwRN1n4t/java/jarext/webservices/mcr_dws_client/mcr_dws_client.jar
7f8b6009c000-7f8b6009d000 r--s 00000000 08:01 7498442                    /tmp/mwRN1n4t/java/jar/zh_CN/mw_java_mlwebservices_res.jar
7f8b6009d000-7f8b6009e000 r--s 00000000 08:01 7498432                    /tmp/mwRN1n4t/java/jar/ko_KR/installagent_res.jar
7f8b6009e000-7f8b6009f000 r--s 00000000 08:01 7498423                    /tmp/mwRN1n4t/java/jar/ja_JP/installagent_res.jar
7f8b6009f000-7f8b600a3000 r--s 0000d000 08:01 7498222                    /tmp/mwRN1n4t/java/jar/installservicehandler.jar
7f8b600a3000-7f8b600a7000 r--s 00029000 08:01 7498483                    /tmp/mwRN1n4t/java/jarext/webservices/service_request_client.jar
7f8b600a7000-7f8b600aa000 r--s 00009000 08:01 7498530                    /tmp/mwRN1n4t/java/jarext/webservices/authenticationws_client/authenticationws_client.jar
7f8b600aa000-7f8b600ac000 r--s 00001000 08:01 7498523                    /tmp/mwRN1n4t/java/jarext/connector_api/connector_api_java/connector_interface.jar
7f8b600ac000-7f8b600ae000 r--s 0000a000 08:01 7498265                    /tmp/mwRN1n4t/java/jarext/lucene-sandbox.jar
7f8b600ae000-7f8b600b1000 r--s 0001b000 08:01 7498449                    /tmp/mwRN1n4t/java/jarext/axis2/axiom-impl.jar
7f8b600b1000-7f8b600b9000 r--s 00038000 08:01 7498224                    /tmp/mwRN1n4t/java/jar/instutil.jar
7f8b600b9000-7f8b600c9000 r--s 000a7000 08:01 7498243                    /tmp/mwRN1n4t/java/jarext/glazedlists_java15.jar
7f8b600c9000-7f8b600cb000 r--s 00000000 08:01 7498468                    /tmp/mwRN1n4t/java/jarext/guice/aopalliance.jar
7f8b600cb000-7f8b600cd000 r--s 00006000 08:01 7498461                    /tmp/mwRN1n4t/java/jarext/axis2/geronimo-stax-api.jar
7f8b600cd000-7f8b621c7000 rw-p 00000000 00:00 0 
7f8b621c7000-7f8b623a1000 r--s 03d6a000 08:01 7499224                    /tmp/mwRN1n4t/sys/java/jre/glnxa64/jre/lib/rt.jar
7f8b623a1000-7f8b63d17000 rw-p 00000000 00:00 0 
7f8b63d17000-7f8b63d18000 ---p 00000000 00:00 0 
7f8b63d18000-7f8b63e18000 rw-p 00000000 00:00 0 
7f8b63e18000-7f8b63e19000 ---p 00000000 00:00 0 
7f8b63e19000-7f8b63f19000 rw-p 00000000 00:00 0 
7f8b63f19000-7f8b63f1a000 ---p 00000000 00:00 0 
7f8b63f1a000-7f8b6401a000 rw-p 00000000 00:00 0 
7f8b6401a000-7f8b6401b000 ---p 00000000 00:00 0 
7f8b6401b000-7f8b6411b000 rw-p 00000000 00:00 0 
7f8b6411b000-7f8b6411c000 ---p 00000000 00:00 0 
7f8b6411c000-7f8b6421c000 rw-p 00000000 00:00 0 
7f8b6421c000-7f8b6421d000 ---p 00000000 00:00 0 
7f8b6421d000-7f8b6431d000 rw-p 00000000 00:00 0 
7f8b6431d000-7f8b6431e000 ---p 00000000 00:00 0 
7f8b6431e000-7f8b6441e000 rw-p 00000000 00:00 0 
7f8b6441e000-7f8b6441f000 ---p 00000000 00:00 0 
7f8b6441f000-7f8b6451f000 rw-p 00000000 00:00 0 
7f8b6451f000-7f8b64520000 ---p 00000000 00:00 0 
7f8b64520000-7f8b64620000 rw-p 00000000 00:00 0 
7f8b64620000-7f8b64621000 ---p 00000000 00:00 0 
7f8b64621000-7f8b64721000 rw-p 00000000 00:00 0 
7f8b64721000-7f8b64722000 ---p 00000000 00:00 0 
7f8b64722000-7f8b64822000 rw-p 00000000 00:00 0 
7f8b64822000-7f8b64823000 ---p 00000000 00:00 0 
7f8b64823000-7f8b64923000 rw-p 00000000 00:00 0 
7f8b64923000-7f8b64924000 ---p 00000000 00:00 0 
7f8b64924000-7f8b64a45000 rw-p 00000000 00:00 0 
7f8b64a45000-7f8b64de4000 ---p 00000000 00:00 0 
7f8b64de4000-7f8b65604000 rwxp 00000000 00:00 0 
7f8b65604000-7f8b73de4000 ---p 00000000 00:00 0 
7f8b73de4000-7f8b73dff000 r-xp 00000000 08:01 7507789                    /tmp/mwRN1n4t/sys/java/jre/glnxa64/jre/lib/amd64/libzip.so
7f8b73dff000-7f8b73ffe000 ---p 0001b000 08:01 7507789                    /tmp/mwRN1n4t/sys/java/jre/glnxa64/jre/lib/amd64/libzip.so
7f8b73ffe000-7f8b73fff000 r--p 0001a000 08:01 7507789                    /tmp/mwRN1n4t/sys/java/jre/glnxa64/jre/lib/amd64/libzip.so
7f8b73fff000-7f8b74000000 rw-p 0001b000 08:01 7507789                    /tmp/mwRN1n4t/sys/java/jre/glnxa64/jre/lib/amd64/libzip.so
7f8b74000000-7f8b74ca6000 rw-p 00000000 00:00 0 
7f8b74ca6000-7f8b78000000 ---p 00000000 00:00 0 
7f8b78000000-7f8b78001000 r--s 00004000 08:01 7498231                    /tmp/mwRN1n4t/java/jarext/ant-launcher.jar
7f8b78001000-7f8b78004000 r--s 0000e000 08:01 7498473                    /tmp/mwRN1n4t/java/jarext/jackson/jackson-annotations.jar
7f8b78004000-7f8b780d8000 rw-p 00000000 00:00 0 
7f8b780d8000-7f8b7814b000 ---p 00000000 00:00 0 
7f8b7814b000-7f8b78195000 rw-p 00000000 00:00 0 
7f8b78195000-7f8b781a1000 ---p 00000000 00:00 0 
7f8b781a1000-7f8b781a2000 rw-p 00000000 00:00 0 
7f8b781a2000-7f8b781ad000 r-xp 00000000 08:01 3947049                    /lib/x86_64-linux-gnu/libnss_files-2.27.so
7f8b781ad000-7f8b783ac000 ---p 0000b000 08:01 3947049                    /lib/x86_64-linux-gnu/libnss_files-2.27.so
7f8b783ac000-7f8b783ad000 r--p 0000a000 08:01 3947049                    /lib/x86_64-linux-gnu/libnss_files-2.27.so
7f8b783ad000-7f8b783ae000 rw-p 0000b000 08:01 3947049                    /lib/x86_64-linux-gnu/libnss_files-2.27.so
7f8b783ae000-7f8b783b4000 rw-p 00000000 00:00 0 
7f8b783b4000-7f8b783cb000 r-xp 00000000 08:01 3947045                    /lib/x86_64-linux-gnu/libnsl-2.27.so
7f8b783cb000-7f8b785ca000 ---p 00017000 08:01 3947045                    /lib/x86_64-linux-gnu/libnsl-2.27.so
7f8b785ca000-7f8b785cb000 r--p 00016000 08:01 3947045                    /lib/x86_64-linux-gnu/libnsl-2.27.so
7f8b785cb000-7f8b785cc000 rw-p 00017000 08:01 3947045                    /lib/x86_64-linux-gnu/libnsl-2.27.so
7f8b785cc000-7f8b785ce000 rw-p 00000000 00:00 0 
7f8b785ce000-7f8b785d9000 r-xp 00000000 08:01 3947051                    /lib/x86_64-linux-gnu/libnss_nis-2.27.so
7f8b785d9000-7f8b787d8000 ---p 0000b000 08:01 3947051                    /lib/x86_64-linux-gnu/libnss_nis-2.27.so
7f8b787d8000-7f8b787d9000 r--p 0000a000 08:01 3947051                    /lib/x86_64-linux-gnu/libnss_nis-2.27.so
7f8b787d9000-7f8b787da000 rw-p 0000b000 08:01 3947051                    /lib/x86_64-linux-gnu/libnss_nis-2.27.so
7f8b787da000-7f8b787e2000 r-xp 00000000 08:01 3947046                    /lib/x86_64-linux-gnu/libnss_compat-2.27.so
7f8b787e2000-7f8b789e2000 ---p 00008000 08:01 3947046                    /lib/x86_64-linux-gnu/libnss_compat-2.27.so
7f8b789e2000-7f8b789e3000 r--p 00008000 08:01 3947046                    /lib/x86_64-linux-gnu/libnss_compat-2.27.so
7f8b789e3000-7f8b789e4000 rw-p 00009000 08:01 3947046                    /lib/x86_64-linux-gnu/libnss_compat-2.27.so
7f8b789e4000-7f8b78a10000 r-xp 00000000 08:01 7500525                    /tmp/mwRN1n4t/sys/java/jre/glnxa64/jre/lib/amd64/libjava.so
7f8b78a10000-7f8b78c0f000 ---p 0002c000 08:01 7500525                    /tmp/mwRN1n4t/sys/java/jre/glnxa64/jre/lib/amd64/libjava.so
7f8b78c0f000-7f8b78c10000 r--p 0002b000 08:01 7500525                    /tmp/mwRN1n4t/sys/java/jre/glnxa64/jre/lib/amd64/libjava.so
7f8b78c10000-7f8b78c12000 rw-p 0002c000 08:01 7500525                    /tmp/mwRN1n4t/sys/java/jre/glnxa64/jre/lib/amd64/libjava.so
7f8b78c12000-7f8b78c1f000 r-xp 00000000 08:01 7507788                    /tmp/mwRN1n4t/sys/java/jre/glnxa64/jre/lib/amd64/libverify.so
7f8b78c1f000-7f8b78e1e000 ---p 0000d000 08:01 7507788                    /tmp/mwRN1n4t/sys/java/jre/glnxa64/jre/lib/amd64/libverify.so
7f8b78e1e000-7f8b78e20000 r--p 0000c000 08:01 7507788                    /tmp/mwRN1n4t/sys/java/jre/glnxa64/jre/lib/amd64/libverify.so
7f8b78e20000-7f8b78e21000 rw-p 0000e000 08:01 7507788                    /tmp/mwRN1n4t/sys/java/jre/glnxa64/jre/lib/amd64/libverify.so
7f8b78e21000-7f8b78e28000 r-xp 00000000 08:01 3947058                    /lib/x86_64-linux-gnu/librt-2.27.so
7f8b78e28000-7f8b79027000 ---p 00007000 08:01 3947058                    /lib/x86_64-linux-gnu/librt-2.27.so
7f8b79027000-7f8b79028000 r--p 00006000 08:01 3947058                    /lib/x86_64-linux-gnu/librt-2.27.so
7f8b79028000-7f8b79029000 rw-p 00007000 08:01 3947058                    /lib/x86_64-linux-gnu/librt-2.27.so
7f8b79029000-7f8b791c6000 r-xp 00000000 08:01 3947041                    /lib/x86_64-linux-gnu/libm-2.27.so
7f8b791c6000-7f8b793c5000 ---p 0019d000 08:01 3947041                    /lib/x86_64-linux-gnu/libm-2.27.so
7f8b793c5000-7f8b793c6000 r--p 0019c000 08:01 3947041                    /lib/x86_64-linux-gnu/libm-2.27.so
7f8b793c6000-7f8b793c7000 rw-p 0019d000 08:01 3947041                    /lib/x86_64-linux-gnu/libm-2.27.so
7f8b793c7000-7f8b7a0af000 r-xp 00000000 08:01 7614795                    /tmp/mwRN1n4t/sys/java/jre/glnxa64/jre/lib/amd64/server/libjvm.so
7f8b7a0af000-7f8b7a2ae000 ---p 00ce8000 08:01 7614795                    /tmp/mwRN1n4t/sys/java/jre/glnxa64/jre/lib/amd64/server/libjvm.so
7f8b7a2ae000-7f8b7a344000 r--p 00ce7000 08:01 7614795                    /tmp/mwRN1n4t/sys/java/jre/glnxa64/jre/lib/amd64/server/libjvm.so
7f8b7a344000-7f8b7a375000 rw-p 00d7d000 08:01 7614795                    /tmp/mwRN1n4t/sys/java/jre/glnxa64/jre/lib/amd64/server/libjvm.so
7f8b7a375000-7f8b7a3b0000 rw-p 00000000 00:00 0 
7f8b7a3b0000-7f8b7a597000 r-xp 00000000 08:01 3947035                    /lib/x86_64-linux-gnu/libc-2.27.so
7f8b7a597000-7f8b7a797000 ---p 001e7000 08:01 3947035                    /lib/x86_64-linux-gnu/libc-2.27.so
7f8b7a797000-7f8b7a79b000 r--p 001e7000 08:01 3947035                    /lib/x86_64-linux-gnu/libc-2.27.so
7f8b7a79b000-7f8b7a79d000 rw-p 001eb000 08:01 3947035                    /lib/x86_64-linux-gnu/libc-2.27.so
7f8b7a79d000-7f8b7a7a1000 rw-p 00000000 00:00 0 
7f8b7a7a1000-7f8b7a7a4000 r-xp 00000000 08:01 3947039                    /lib/x86_64-linux-gnu/libdl-2.27.so
7f8b7a7a4000-7f8b7a9a3000 ---p 00003000 08:01 3947039                    /lib/x86_64-linux-gnu/libdl-2.27.so
7f8b7a9a3000-7f8b7a9a4000 r--p 00002000 08:01 3947039                    /lib/x86_64-linux-gnu/libdl-2.27.so
7f8b7a9a4000-7f8b7a9a5000 rw-p 00003000 08:01 3947039                    /lib/x86_64-linux-gnu/libdl-2.27.so
7f8b7a9a5000-7f8b7a9bc000 r-xp 00000000 08:01 7614791                    /tmp/mwRN1n4t/sys/java/jre/glnxa64/jre/lib/amd64/jli/libjli.so
7f8b7a9bc000-7f8b7abbb000 ---p 00017000 08:01 7614791                    /tmp/mwRN1n4t/sys/java/jre/glnxa64/jre/lib/amd64/jli/libjli.so
7f8b7abbb000-7f8b7abbc000 r--p 00016000 08:01 7614791                    /tmp/mwRN1n4t/sys/java/jre/glnxa64/jre/lib/amd64/jli/libjli.so
7f8b7abbc000-7f8b7abbd000 rw-p 00017000 08:01 7614791                    /tmp/mwRN1n4t/sys/java/jre/glnxa64/jre/lib/amd64/jli/libjli.so
7f8b7abbd000-7f8b7abd7000 r-xp 00000000 08:01 3947055                    /lib/x86_64-linux-gnu/libpthread-2.27.so
7f8b7abd7000-7f8b7add6000 ---p 0001a000 08:01 3947055                    /lib/x86_64-linux-gnu/libpthread-2.27.so
7f8b7add6000-7f8b7add7000 r--p 00019000 08:01 3947055                    /lib/x86_64-linux-gnu/libpthread-2.27.so
7f8b7add7000-7f8b7add8000 rw-p 0001a000 08:01 3947055                    /lib/x86_64-linux-gnu/libpthread-2.27.so
7f8b7add8000-7f8b7addc000 rw-p 00000000 00:00 0 
7f8b7addc000-7f8b7ae03000 r-xp 00000000 08:01 3939065                    /lib/x86_64-linux-gnu/ld-2.27.so
7f8b7ae03000-7f8b7ae04000 r--s 00000000 08:01 7498425                    /tmp/mwRN1n4t/java/jar/ja_JP/mw_java_net_res.jar
7f8b7ae04000-7f8b7ae0d000 r--s 00096000 08:01 7498528                    /tmp/mwRN1n4t/java/jarext/webservices/activationws_client/activationws_client.jar
7f8b7ae0d000-7f8b7ae13000 r--s 0007a000 08:01 7498466                    /tmp/mwRN1n4t/java/jarext/axis2/wstx-asl.jar
7f8b7ae13000-7f8b7ae72000 rw-p 00000000 00:00 0 
7f8b7ae72000-7f8b7aee6000 ---p 00000000 00:00 0 
7f8b7aee6000-7f8b7aee7000 ---p 00000000 00:00 0 
7f8b7aee7000-7f8b7aeea000 ---p 00000000 00:00 0 
7f8b7aeea000-7f8b7afe9000 rw-p 00000000 00:00 0 
7f8b7afe9000-7f8b7afea000 r--s 00000000 08:01 7498419                    /tmp/mwRN1n4t/java/jar/ja_JP/install_api_res.jar
7f8b7afea000-7f8b7afeb000 r--s 00000000 08:01 7498471                    /tmp/mwRN1n4t/java/jarext/guice/javax.inject.jar
7f8b7afeb000-7f8b7afec000 r--s 00001000 08:01 7498420                    /tmp/mwRN1n4t/java/jar/ja_JP/install_core_common_res.jar
7f8b7afec000-7f8b7afed000 r--s 00000000 08:01 7498417                    /tmp/mwRN1n4t/java/config/installagent/pathlist.jar
7f8b7afed000-7f8b7aff7000 rw-p 00000000 00:00 0 
7f8b7aff7000-7f8b7afff000 rw-s 00000000 08:01 7615356                    /tmp/hsperfdata_panosetigraph/27447
7f8b7afff000-7f8b7b000000 rw-p 00000000 00:00 0 
7f8b7b000000-7f8b7b001000 r--p 00000000 00:00 0 
7f8b7b001000-7f8b7b003000 rw-p 00000000 00:00 0 
7f8b7b003000-7f8b7b004000 r--p 00027000 08:01 3939065                    /lib/x86_64-linux-gnu/ld-2.27.so
7f8b7b004000-7f8b7b005000 rw-p 00028000 08:01 3939065                    /lib/x86_64-linux-gnu/ld-2.27.so
7f8b7b005000-7f8b7b006000 rw-p 00000000 00:00 0 
7ffe477f0000-7ffe47811000 rw-p 00000000 00:00 0                          [stack]
7ffe47851000-7ffe47854000 r--p 00000000 00:00 0                          [vvar]
7ffe47854000-7ffe47855000 r-xp 00000000 00:00 0                          [vdso]
ffffffffff600000-ffffffffff601000 --xp 00000000 00:00 0                  [vsyscall]

VM Arguments:
jvm_args: -Xmx512m 
java_command: com/mathworks/installagent/InstallAgentLauncher -root /tmp/mwRN1n4t -libdir /tmp/mwRN1n4t -installbundle /tmp/mwRN1n4t/bundle.zip
java_class_path (initial): /tmp/mwRN1n4t/java/config/installagent/pathlist.jar
Launcher Type: SUN_STANDARD

Environment Variables:
PATH=/home/panosetigraph/.rvm/gems/ruby-2.1.10/bin:/home/panosetigraph/.rvm/gems/ruby-2.1.10@global/bin:/home/panosetigraph/.rvm/rubies/ruby-2.1.10/bin:/home/panosetigraph/.local/bin:/usr/local/sbin:/usr/local/bin:/usr/sbin:/usr/bin:/sbin:/bin:/usr/games:/usr/local/games:/snap/bin:/home/panosetigraph/.rvm/bin
USERNAME=panosetigraph
LD_LIBRARY_PATH=/tmp/mwRN1n4t/bin/glnxa64
SHELL=/bin/bash
DISPLAY=:1

Signal Handlers:
SIGSEGV: [libjvm.so+0xad3ce0], sa_mask[0]=11111111011111111101111111111110, sa_flags=SA_RESTART|SA_SIGINFO
SIGBUS: [libjvm.so+0xad3ce0], sa_mask[0]=11111111011111111101111111111110, sa_flags=SA_RESTART|SA_SIGINFO
SIGFPE: [libjvm.so+0x90b820], sa_mask[0]=11111111011111111101111111111110, sa_flags=SA_RESTART|SA_SIGINFO
SIGPIPE: [libjvm.so+0x90b820], sa_mask[0]=11111111011111111101111111111110, sa_flags=SA_RESTART|SA_SIGINFO
SIGXFSZ: [libjvm.so+0x90b820], sa_mask[0]=11111111011111111101111111111110, sa_flags=SA_RESTART|SA_SIGINFO
SIGILL: [libjvm.so+0x90b820], sa_mask[0]=11111111011111111101111111111110, sa_flags=SA_RESTART|SA_SIGINFO
SIGUSR1: SIG_DFL, sa_mask[0]=00000000000000000000000000000000, sa_flags=none
SIGUSR2: [libjvm.so+0x90b6f0], sa_mask[0]=00000000000000000000000000000000, sa_flags=SA_RESTART|SA_SIGINFO
SIGHUP: [libjvm.so+0x90bd10], sa_mask[0]=11111111011111111101111111111110, sa_flags=SA_RESTART|SA_SIGINFO
SIGINT: [libjvm.so+0x90bd10], sa_mask[0]=11111111011111111101111111111110, sa_flags=SA_RESTART|SA_SIGINFO
SIGTERM: [libjvm.so+0x90bd10], sa_mask[0]=11111111011111111101111111111110, sa_flags=SA_RESTART|SA_SIGINFO
SIGQUIT: [libjvm.so+0x90bd10], sa_mask[0]=11111111011111111101111111111110, sa_flags=SA_RESTART|SA_SIGINFO


---------------  S Y S T E M  ---------------

OS:DISTRIB_ID=Ubuntu
DISTRIB_RELEASE=18.04
DISTRIB_CODENAME=bionic
DISTRIB_DESCRIPTION="Ubuntu 18.04.4 LTS"

uname:Linux 5.3.0-62-generic #56~18.04.1-Ubuntu SMP Wed Jun 24 16:17:03 UTC 2020 x86_64
libc:glibc 2.27 NPTL 2.27 
rlimit: STACK 8192k, CORE 0k, NPROC 63558, NOFILE 4096, AS infinity
load average:4.20 1.74 0.78

/proc/meminfo:
MemTotal:       16319520 kB
MemFree:          771012 kB
MemAvailable:   10653920 kB
Buffers:          955916 kB
Cached:          8740644 kB
SwapCached:            0 kB
Active:          7863984 kB
Inactive:        6164020 kB
Active(anon):    3774188 kB
Inactive(anon):   692168 kB
Active(file):    4089796 kB
Inactive(file):  5471852 kB
Unevictable:          16 kB
Mlocked:              16 kB
SwapTotal:       2097148 kB
SwapFree:        2095100 kB
Dirty:           1257184 kB
Writeback:          6208 kB
AnonPages:       4330412 kB
Mapped:          1071460 kB
Shmem:            135028 kB
KReclaimable:     678876 kB
Slab:             792512 kB
SReclaimable:     678876 kB
SUnreclaim:       113636 kB
KernelStack:       30976 kB
PageTables:        75456 kB
NFS_Unstable:          0 kB
Bounce:                0 kB
WritebackTmp:          0 kB
CommitLimit:    10256908 kB
Committed_AS:   14096704 kB
VmallocTotal:   34359738367 kB
VmallocUsed:       51688 kB
VmallocChunk:          0 kB
Percpu:            12672 kB
HardwareCorrupted:     0 kB
AnonHugePages:         0 kB
ShmemHugePages:        0 kB
ShmemPmdMapped:        0 kB
CmaTotal:              0 kB
CmaFree:               0 kB
HugePages_Total:       0
HugePages_Free:        0
HugePages_Rsvd:        0
HugePages_Surp:        0
Hugepagesize:       2048 kB
Hugetlb:               0 kB
DirectMap4k:      496548 kB
DirectMap2M:    10964992 kB
DirectMap1G:     5242880 kB

container (cgroup) information:
container_type: cgroupv1
cpu_cpuset_cpus: 0-15
cpu_memory_nodes: 0
active_processor_count: 16
cpu_quota: -1
cpu_period: 100000
cpu_shares: -1
memory_limit_in_bytes: -1
memory_and_swap_limit_in_bytes: -2
memory_soft_limit_in_bytes: -1
memory_usage_in_bytes: 14364041216
memory_max_usage_in_bytes: 587780096


CPU:total 16 (initial active 16) (16 cores per cpu, 1 threads per core) family 23 model 8 stepping 2, cmov, cx8, fxsr, mmx, sse, sse2, sse3, ssse3, sse4.1, sse4.2, popcnt, avx, avx2, aes, clmul, mmxext, 3dnowpref, lzcnt, sse4a, tsc, tscinvbit, tscinv, bmi1

/proc/cpuinfo:
processor	: 0
vendor_id	: AuthenticAMD
cpu family	: 23
model		: 8
model name	: AMD Ryzen 7 2700 Eight-Core Processor
stepping	: 2
microcode	: 0x800820d
cpu MHz		: 1434.889
cache size	: 512 KB
physical id	: 0
siblings	: 16
core id		: 0
cpu cores	: 8
apicid		: 0
initial apicid	: 0
fpu		: yes
fpu_exception	: yes
cpuid level	: 13
wp		: yes
flags		: fpu vme de pse tsc msr pae mce cx8 apic sep mtrr pge mca cmov pat pse36 clflush mmx fxsr sse sse2 ht syscall nx mmxext fxsr_opt pdpe1gb rdtscp lm constant_tsc rep_good nopl nonstop_tsc cpuid extd_apicid aperfmperf pni pclmulqdq monitor ssse3 fma cx16 sse4_1 sse4_2 movbe popcnt aes xsave avx f16c rdrand lahf_lm cmp_legacy svm extapic cr8_legacy abm sse4a misalignsse 3dnowprefetch osvw skinit wdt tce topoext perfctr_core perfctr_nb bpext perfctr_llc mwaitx cpb hw_pstate sme ssbd sev ibpb vmmcall fsgsbase bmi1 avx2 smep bmi2 rdseed adx smap clflushopt sha_ni xsaveopt xsavec xgetbv1 xsaves clzero irperf xsaveerptr arat npt lbrv svm_lock nrip_save tsc_scale vmcb_clean flushbyasid decodeassists pausefilter pfthreshold avic v_vmsave_vmload vgif overflow_recov succor smca
bugs		: sysret_ss_attrs null_seg spectre_v1 spectre_v2 spec_store_bypass
bogomips	: 6399.09
TLB size	: 2560 4K pages
clflush size	: 64
cache_alignment	: 64
address sizes	: 43 bits physical, 48 bits virtual
power management: ts ttp tm hwpstate cpb eff_freq_ro [13] [14]

processor	: 1
vendor_id	: AuthenticAMD
cpu family	: 23
model		: 8
model name	: AMD Ryzen 7 2700 Eight-Core Processor
stepping	: 2
microcode	: 0x800820d
cpu MHz		: 1844.305
cache size	: 512 KB
physical id	: 0
siblings	: 16
core id		: 1
cpu cores	: 8
apicid		: 2
initial apicid	: 2
fpu		: yes
fpu_exception	: yes
cpuid level	: 13
wp		: yes
flags		: fpu vme de pse tsc msr pae mce cx8 apic sep mtrr pge mca cmov pat pse36 clflush mmx fxsr sse sse2 ht syscall nx mmxext fxsr_opt pdpe1gb rdtscp lm constant_tsc rep_good nopl nonstop_tsc cpuid extd_apicid aperfmperf pni pclmulqdq monitor ssse3 fma cx16 sse4_1 sse4_2 movbe popcnt aes xsave avx f16c rdrand lahf_lm cmp_legacy svm extapic cr8_legacy abm sse4a misalignsse 3dnowprefetch osvw skinit wdt tce topoext perfctr_core perfctr_nb bpext perfctr_llc mwaitx cpb hw_pstate sme ssbd sev ibpb vmmcall fsgsbase bmi1 avx2 smep bmi2 rdseed adx smap clflushopt sha_ni xsaveopt xsavec xgetbv1 xsaves clzero irperf xsaveerptr arat npt lbrv svm_lock nrip_save tsc_scale vmcb_clean flushbyasid decodeassists pausefilter pfthreshold avic v_vmsave_vmload vgif overflow_recov succor smca
bugs		: sysret_ss_attrs null_seg spectre_v1 spectre_v2 spec_store_bypass
bogomips	: 6399.09
TLB size	: 2560 4K pages
clflush size	: 64
cache_alignment	: 64
address sizes	: 43 bits physical, 48 bits virtual
power management: ts ttp tm hwpstate cpb eff_freq_ro [13] [14]

processor	: 2
vendor_id	: AuthenticAMD
cpu family	: 23
model		: 8
model name	: AMD Ryzen 7 2700 Eight-Core Processor
stepping	: 2
microcode	: 0x800820d
cpu MHz		: 2574.416
cache size	: 512 KB
physical id	: 0
siblings	: 16
core id		: 2
cpu cores	: 8
apicid		: 4
initial apicid	: 4
fpu		: yes
fpu_exception	: yes
cpuid level	: 13
wp		: yes
flags		: fpu vme de pse tsc msr pae mce cx8 apic sep mtrr pge mca cmov pat pse36 clflush mmx fxsr sse sse2 ht syscall nx mmxext fxsr_opt pdpe1gb rdtscp lm constant_tsc rep_good nopl nonstop_tsc cpuid extd_apicid aperfmperf pni pclmulqdq monitor ssse3 fma cx16 sse4_1 sse4_2 movbe popcnt aes xsave avx f16c rdrand lahf_lm cmp_legacy svm extapic cr8_legacy abm sse4a misalignsse 3dnowprefetch osvw skinit wdt tce topoext perfctr_core perfctr_nb bpext perfctr_llc mwaitx cpb hw_pstate sme ssbd sev ibpb vmmcall fsgsbase bmi1 avx2 smep bmi2 rdseed adx smap clflushopt sha_ni xsaveopt xsavec xgetbv1 xsaves clzero irperf xsaveerptr arat npt lbrv svm_lock nrip_save tsc_scale vmcb_clean flushbyasid decodeassists pausefilter pfthreshold avic v_vmsave_vmload vgif overflow_recov succor smca
bugs		: sysret_ss_attrs null_seg spectre_v1 spectre_v2 spec_store_bypass
bogomips	: 6399.09
TLB size	: 2560 4K pages
clflush size	: 64
cache_alignment	: 64
address sizes	: 43 bits physical, 48 bits virtual
power management: ts ttp tm hwpstate cpb eff_freq_ro [13] [14]

processor	: 3
vendor_id	: AuthenticAMD
cpu family	: 23
model		: 8
model name	: AMD Ryzen 7 2700 Eight-Core Processor
stepping	: 2
microcode	: 0x800820d
cpu MHz		: 2882.510
cache size	: 512 KB
physical id	: 0
siblings	: 16
core id		: 3
cpu cores	: 8
apicid		: 6
initial apicid	: 6
fpu		: yes
fpu_exception	: yes
cpuid level	: 13
wp		: yes
flags		: fpu vme de pse tsc msr pae mce cx8 apic sep mtrr pge mca cmov pat pse36 clflush mmx fxsr sse sse2 ht syscall nx mmxext fxsr_opt pdpe1gb rdtscp lm constant_tsc rep_good nopl nonstop_tsc cpuid extd_apicid aperfmperf pni pclmulqdq monitor ssse3 fma cx16 sse4_1 sse4_2 movbe popcnt aes xsave avx f16c rdrand lahf_lm cmp_legacy svm extapic cr8_legacy abm sse4a misalignsse 3dnowprefetch osvw skinit wdt tce topoext perfctr_core perfctr_nb bpext perfctr_llc mwaitx cpb hw_pstate sme ssbd sev ibpb vmmcall fsgsbase bmi1 avx2 smep bmi2 rdseed adx smap clflushopt sha_ni xsaveopt xsavec xgetbv1 xsaves clzero irperf xsaveerptr arat npt lbrv svm_lock nrip_save tsc_scale vmcb_clean flushbyasid decodeassists pausefilter pfthreshold avic v_vmsave_vmload vgif overflow_recov succor smca
bugs		: sysret_ss_attrs null_seg spectre_v1 spectre_v2 spec_store_bypass
bogomips	: 6399.09
TLB size	: 2560 4K pages
clflush size	: 64
cache_alignment	: 64
address sizes	: 43 bits physical, 48 bits virtual
power management: ts ttp tm hwpstate cpb eff_freq_ro [13] [14]

processor	: 4
vendor_id	: AuthenticAMD
cpu family	: 23
model		: 8
model name	: AMD Ryzen 7 2700 Eight-Core Processor
stepping	: 2
microcode	: 0x800820d
cpu MHz		: 1547.430
cache size	: 512 KB
physical id	: 0
siblings	: 16
core id		: 4
cpu cores	: 8
apicid		: 8
initial apicid	: 8
fpu		: yes
fpu_exception	: yes
cpuid level	: 13
wp		: yes
flags		: fpu vme de pse tsc msr pae mce cx8 apic sep mtrr pge mca cmov pat pse36 clflush mmx fxsr sse sse2 ht syscall nx mmxext fxsr_opt pdpe1gb rdtscp lm constant_tsc rep_good nopl nonstop_tsc cpuid extd_apicid aperfmperf pni pclmulqdq monitor ssse3 fma cx16 sse4_1 sse4_2 movbe popcnt aes xsave avx f16c rdrand lahf_lm cmp_legacy svm extapic cr8_legacy abm sse4a misalignsse 3dnowprefetch osvw skinit wdt tce topoext perfctr_core perfctr_nb bpext perfctr_llc mwaitx cpb hw_pstate sme ssbd sev ibpb vmmcall fsgsbase bmi1 avx2 smep bmi2 rdseed adx smap clflushopt sha_ni xsaveopt xsavec xgetbv1 xsaves clzero irperf xsaveerptr arat npt lbrv svm_lock nrip_save tsc_scale vmcb_clean flushbyasid decodeassists pausefilter pfthreshold avic v_vmsave_vmload vgif overflow_recov succor smca
bugs		: sysret_ss_attrs null_seg spectre_v1 spectre_v2 spec_store_bypass
bogomips	: 6399.09
TLB size	: 2560 4K pages
clflush size	: 64
cache_alignment	: 64
address sizes	: 43 bits physical, 48 bits virtual
power management: ts ttp tm hwpstate cpb eff_freq_ro [13] [14]

processor	: 5
vendor_id	: AuthenticAMD
cpu family	: 23
model		: 8
model name	: AMD Ryzen 7 2700 Eight-Core Processor
stepping	: 2
microcode	: 0x800820d
cpu MHz		: 1616.336
cache size	: 512 KB
physical id	: 0
siblings	: 16
core id		: 5
cpu cores	: 8
apicid		: 10
initial apicid	: 10
fpu		: yes
fpu_exception	: yes
cpuid level	: 13
wp		: yes
flags		: fpu vme de pse tsc msr pae mce cx8 apic sep mtrr pge mca cmov pat pse36 clflush mmx fxsr sse sse2 ht syscall nx mmxext fxsr_opt pdpe1gb rdtscp lm constant_tsc rep_good nopl nonstop_tsc cpuid extd_apicid aperfmperf pni pclmulqdq monitor ssse3 fma cx16 sse4_1 sse4_2 movbe popcnt aes xsave avx f16c rdrand lahf_lm cmp_legacy svm extapic cr8_legacy abm sse4a misalignsse 3dnowprefetch osvw skinit wdt tce topoext perfctr_core perfctr_nb bpext perfctr_llc mwaitx cpb hw_pstate sme ssbd sev ibpb vmmcall fsgsbase bmi1 avx2 smep bmi2 rdseed adx smap clflushopt sha_ni xsaveopt xsavec xgetbv1 xsaves clzero irperf xsaveerptr arat npt lbrv svm_lock nrip_save tsc_scale vmcb_clean flushbyasid decodeassists pausefilter pfthreshold avic v_vmsave_vmload vgif overflow_recov succor smca
bugs		: sysret_ss_attrs null_seg spectre_v1 spectre_v2 spec_store_bypass
bogomips	: 6399.09
TLB size	: 2560 4K pages
clflush size	: 64
cache_alignment	: 64
address sizes	: 43 bits physical, 48 bits virtual
power management: ts ttp tm hwpstate cpb eff_freq_ro [13] [14]

processor	: 6
vendor_id	: AuthenticAMD
cpu family	: 23
model		: 8
model name	: AMD Ryzen 7 2700 Eight-Core Processor
stepping	: 2
microcode	: 0x800820d
cpu MHz		: 1646.630
cache size	: 512 KB
physical id	: 0
siblings	: 16
core id		: 6
cpu cores	: 8
apicid		: 12
initial apicid	: 12
fpu		: yes
fpu_exception	: yes
cpuid level	: 13
wp		: yes
flags		: fpu vme de pse tsc msr pae mce cx8 apic sep mtrr pge mca cmov pat pse36 clflush mmx fxsr sse sse2 ht syscall nx mmxext fxsr_opt pdpe1gb rdtscp lm constant_tsc rep_good nopl nonstop_tsc cpuid extd_apicid aperfmperf pni pclmulqdq monitor ssse3 fma cx16 sse4_1 sse4_2 movbe popcnt aes xsave avx f16c rdrand lahf_lm cmp_legacy svm extapic cr8_legacy abm sse4a misalignsse 3dnowprefetch osvw skinit wdt tce topoext perfctr_core perfctr_nb bpext perfctr_llc mwaitx cpb hw_pstate sme ssbd sev ibpb vmmcall fsgsbase bmi1 avx2 smep bmi2 rdseed adx smap clflushopt sha_ni xsaveopt xsavec xgetbv1 xsaves clzero irperf xsaveerptr arat npt lbrv svm_lock nrip_save tsc_scale vmcb_clean flushbyasid decodeassists pausefilter pfthreshold avic v_vmsave_vmload vgif overflow_recov succor smca
bugs		: sysret_ss_attrs null_seg spectre_v1 spectre_v2 spec_store_bypass
bogomips	: 6399.09
TLB size	: 2560 4K pages
clflush size	: 64
cache_alignment	: 64
address sizes	: 43 bits physical, 48 bits virtual
power management: ts ttp tm hwpstate cpb eff_freq_ro [13] [14]

processor	: 7
vendor_id	: AuthenticAMD
cpu family	: 23
model		: 8
model name	: AMD Ryzen 7 2700 Eight-Core Processor
stepping	: 2
microcode	: 0x800820d
cpu MHz		: 1346.993
cache size	: 512 KB
physical id	: 0
siblings	: 16
core id		: 7
cpu cores	: 8
apicid		: 14
initial apicid	: 14
fpu		: yes
fpu_exception	: yes
cpuid level	: 13
wp		: yes
flags		: fpu vme de pse tsc msr pae mce cx8 apic sep mtrr pge mca cmov pat pse36 clflush mmx fxsr sse sse2 ht syscall nx mmxext fxsr_opt pdpe1gb rdtscp lm constant_tsc rep_good nopl nonstop_tsc cpuid extd_apicid aperfmperf pni pclmulqdq monitor ssse3 fma cx16 sse4_1 sse4_2 movbe popcnt aes xsave avx f16c rdrand lahf_lm cmp_legacy svm extapic cr8_legacy abm sse4a misalignsse 3dnowprefetch osvw skinit wdt tce topoext perfctr_core perfctr_nb bpext perfctr_llc mwaitx cpb hw_pstate sme ssbd sev ibpb vmmcall fsgsbase bmi1 avx2 smep bmi2 rdseed adx smap clflushopt sha_ni xsaveopt xsavec xgetbv1 xsaves clzero irperf xsaveerptr arat npt lbrv svm_lock nrip_save tsc_scale vmcb_clean flushbyasid decodeassists pausefilter pfthreshold avic v_vmsave_vmload vgif overflow_recov succor smca
bugs		: sysret_ss_attrs null_seg spectre_v1 spectre_v2 spec_store_bypass
bogomips	: 6399.09
TLB size	: 2560 4K pages
clflush size	: 64
cache_alignment	: 64
address sizes	: 43 bits physical, 48 bits virtual
power management: ts ttp tm hwpstate cpb eff_freq_ro [13] [14]

processor	: 8
vendor_id	: AuthenticAMD
cpu family	: 23
model		: 8
model name	: AMD Ryzen 7 2700 Eight-Core Processor
stepping	: 2
microcode	: 0x800820d
cpu MHz		: 1535.801
cache size	: 512 KB
physical id	: 0
siblings	: 16
core id		: 0
cpu cores	: 8
apicid		: 1
initial apicid	: 1
fpu		: yes
fpu_exception	: yes
cpuid level	: 13
wp		: yes
flags		: fpu vme de pse tsc msr pae mce cx8 apic sep mtrr pge mca cmov pat pse36 clflush mmx fxsr sse sse2 ht syscall nx mmxext fxsr_opt pdpe1gb rdtscp lm constant_tsc rep_good nopl nonstop_tsc cpuid extd_apicid aperfmperf pni pclmulqdq monitor ssse3 fma cx16 sse4_1 sse4_2 movbe popcnt aes xsave avx f16c rdrand lahf_lm cmp_legacy svm extapic cr8_legacy abm sse4a misalignsse 3dnowprefetch osvw skinit wdt tce topoext perfctr_core perfctr_nb bpext perfctr_llc mwaitx cpb hw_pstate sme ssbd sev ibpb vmmcall fsgsbase bmi1 avx2 smep bmi2 rdseed adx smap clflushopt sha_ni xsaveopt xsavec xgetbv1 xsaves clzero irperf xsaveerptr arat npt lbrv svm_lock nrip_save tsc_scale vmcb_clean flushbyasid decodeassists pausefilter pfthreshold avic v_vmsave_vmload vgif overflow_recov succor smca
bugs		: sysret_ss_attrs null_seg spectre_v1 spectre_v2 spec_store_bypass
bogomips	: 6399.09
TLB size	: 2560 4K pages
clflush size	: 64
cache_alignment	: 64
address sizes	: 43 bits physical, 48 bits virtual
power management: ts ttp tm hwpstate cpb eff_freq_ro [13] [14]

processor	: 9
vendor_id	: AuthenticAMD
cpu family	: 23
model		: 8
model name	: AMD Ryzen 7 2700 Eight-Core Processor
stepping	: 2
microcode	: 0x800820d
cpu MHz		: 1845.093
cache size	: 512 KB
physical id	: 0
siblings	: 16
core id		: 1
cpu cores	: 8
apicid		: 3
initial apicid	: 3
fpu		: yes
fpu_exception	: yes
cpuid level	: 13
wp		: yes
flags		: fpu vme de pse tsc msr pae mce cx8 apic sep mtrr pge mca cmov pat pse36 clflush mmx fxsr sse sse2 ht syscall nx mmxext fxsr_opt pdpe1gb rdtscp lm constant_tsc rep_good nopl nonstop_tsc cpuid extd_apicid aperfmperf pni pclmulqdq monitor ssse3 fma cx16 sse4_1 sse4_2 movbe popcnt aes xsave avx f16c rdrand lahf_lm cmp_legacy svm extapic cr8_legacy abm sse4a misalignsse 3dnowprefetch osvw skinit wdt tce topoext perfctr_core perfctr_nb bpext perfctr_llc mwaitx cpb hw_pstate sme ssbd sev ibpb vmmcall fsgsbase bmi1 avx2 smep bmi2 rdseed adx smap clflushopt sha_ni xsaveopt xsavec xgetbv1 xsaves clzero irperf xsaveerptr arat npt lbrv svm_lock nrip_save tsc_scale vmcb_clean flushbyasid decodeassists pausefilter pfthreshold avic v_vmsave_vmload vgif overflow_recov succor smca
bugs		: sysret_ss_attrs null_seg spectre_v1 spectre_v2 spec_store_bypass
bogomips	: 6399.09
TLB size	: 2560 4K pages
clflush size	: 64
cache_alignment	: 64
address sizes	: 43 bits physical, 48 bits virtual
power management: ts ttp tm hwpstate cpb eff_freq_ro [13] [14]

processor	: 10
vendor_id	: AuthenticAMD
cpu family	: 23
model		: 8
model name	: AMD Ryzen 7 2700 Eight-Core Processor
stepping	: 2
microcode	: 0x800820d
cpu MHz		: 2122.066
cache size	: 512 KB
physical id	: 0
siblings	: 16
core id		: 2
cpu cores	: 8
apicid		: 5
initial apicid	: 5
fpu		: yes
fpu_exception	: yes
cpuid level	: 13
wp		: yes
flags		: fpu vme de pse tsc msr pae mce cx8 apic sep mtrr pge mca cmov pat pse36 clflush mmx fxsr sse sse2 ht syscall nx mmxext fxsr_opt pdpe1gb rdtscp lm constant_tsc rep_good nopl nonstop_tsc cpuid extd_apicid aperfmperf pni pclmulqdq monitor ssse3 fma cx16 sse4_1 sse4_2 movbe popcnt aes xsave avx f16c rdrand lahf_lm cmp_legacy svm extapic cr8_legacy abm sse4a misalignsse 3dnowprefetch osvw skinit wdt tce topoext perfctr_core perfctr_nb bpext perfctr_llc mwaitx cpb hw_pstate sme ssbd sev ibpb vmmcall fsgsbase bmi1 avx2 smep bmi2 rdseed adx smap clflushopt sha_ni xsaveopt xsavec xgetbv1 xsaves clzero irperf xsaveerptr arat npt lbrv svm_lock nrip_save tsc_scale vmcb_clean flushbyasid decodeassists pausefilter pfthreshold avic v_vmsave_vmload vgif overflow_recov succor smca
bugs		: sysret_ss_attrs null_seg spectre_v1 spectre_v2 spec_store_bypass
bogomips	: 6399.09
TLB size	: 2560 4K pages
clflush size	: 64
cache_alignment	: 64
address sizes	: 43 bits physical, 48 bits virtual
power management: ts ttp tm hwpstate cpb eff_freq_ro [13] [14]

processor	: 11
vendor_id	: AuthenticAMD
cpu family	: 23
model		: 8
model name	: AMD Ryzen 7 2700 Eight-Core Processor
stepping	: 2
microcode	: 0x800820d
cpu MHz		: 1889.990
cache size	: 512 KB
physical id	: 0
siblings	: 16
core id		: 3
cpu cores	: 8
apicid		: 7
initial apicid	: 7
fpu		: yes
fpu_exception	: yes
cpuid level	: 13
wp		: yes
flags		: fpu vme de pse tsc msr pae mce cx8 apic sep mtrr pge mca cmov pat pse36 clflush mmx fxsr sse sse2 ht syscall nx mmxext fxsr_opt pdpe1gb rdtscp lm constant_tsc rep_good nopl nonstop_tsc cpuid extd_apicid aperfmperf pni pclmulqdq monitor ssse3 fma cx16 sse4_1 sse4_2 movbe popcnt aes xsave avx f16c rdrand lahf_lm cmp_legacy svm extapic cr8_legacy abm sse4a misalignsse 3dnowprefetch osvw skinit wdt tce topoext perfctr_core perfctr_nb bpext perfctr_llc mwaitx cpb hw_pstate sme ssbd sev ibpb vmmcall fsgsbase bmi1 avx2 smep bmi2 rdseed adx smap clflushopt sha_ni xsaveopt xsavec xgetbv1 xsaves clzero irperf xsaveerptr arat npt lbrv svm_lock nrip_save tsc_scale vmcb_clean flushbyasid decodeassists pausefilter pfthreshold avic v_vmsave_vmload vgif overflow_recov succor smca
bugs		: sysret_ss_attrs null_seg spectre_v1 spectre_v2 spec_store_bypass
bogomips	: 6399.09
TLB size	: 2560 4K pages
clflush size	: 64
cache_alignment	: 64
address sizes	: 43 bits physical, 48 bits virtual
power management: ts ttp tm hwpstate cpb eff_freq_ro [13] [14]

processor	: 12
vendor_id	: AuthenticAMD
cpu family	: 23
model		: 8
model name	: AMD Ryzen 7 2700 Eight-Core Processor
stepping	: 2
microcode	: 0x800820d
cpu MHz		: 1402.163
cache size	: 512 KB
physical id	: 0
siblings	: 16
core id		: 4
cpu cores	: 8
apicid		: 9
initial apicid	: 9
fpu		: yes
fpu_exception	: yes
cpuid level	: 13
wp		: yes
flags		: fpu vme de pse tsc msr pae mce cx8 apic sep mtrr pge mca cmov pat pse36 clflush mmx fxsr sse sse2 ht syscall nx mmxext fxsr_opt pdpe1gb rdtscp lm constant_tsc rep_good nopl nonstop_tsc cpuid extd_apicid aperfmperf pni pclmulqdq monitor ssse3 fma cx16 sse4_1 sse4_2 movbe popcnt aes xsave avx f16c rdrand lahf_lm cmp_legacy svm extapic cr8_legacy abm sse4a misalignsse 3dnowprefetch osvw skinit wdt tce topoext perfctr_core perfctr_nb bpext perfctr_llc mwaitx cpb hw_pstate sme ssbd sev ibpb vmmcall fsgsbase bmi1 avx2 smep bmi2 rdseed adx smap clflushopt sha_ni xsaveopt xsavec xgetbv1 xsaves clzero irperf xsaveerptr arat npt lbrv svm_lock nrip_save tsc_scale vmcb_clean flushbyasid decodeassists pausefilter pfthreshold avic v_vmsave_vmload vgif overflow_recov succor smca
bugs		: sysret_ss_attrs null_seg spectre_v1 spectre_v2 spec_store_bypass
bogomips	: 6399.09
TLB size	: 2560 4K pages
clflush size	: 64
cache_alignment	: 64
address sizes	: 43 bits physical, 48 bits virtual
power management: ts ttp tm hwpstate cpb eff_freq_ro [13] [14]

processor	: 13
vendor_id	: AuthenticAMD
cpu family	: 23
model		: 8
model name	: AMD Ryzen 7 2700 Eight-Core Processor
stepping	: 2
microcode	: 0x800820d
cpu MHz		: 2351.705
cache size	: 512 KB
physical id	: 0
siblings	: 16
core id		: 5
cpu cores	: 8
apicid		: 11
initial apicid	: 11
fpu		: yes
fpu_exception	: yes
cpuid level	: 13
wp		: yes
flags		: fpu vme de pse tsc msr pae mce cx8 apic sep mtrr pge mca cmov pat pse36 clflush mmx fxsr sse sse2 ht syscall nx mmxext fxsr_opt pdpe1gb rdtscp lm constant_tsc rep_good nopl nonstop_tsc cpuid extd_apicid aperfmperf pni pclmulqdq monitor ssse3 fma cx16 sse4_1 sse4_2 movbe popcnt aes xsave avx f16c rdrand lahf_lm cmp_legacy svm extapic cr8_legacy abm sse4a misalignsse 3dnowprefetch osvw skinit wdt tce topoext perfctr_core perfctr_nb bpext perfctr_llc mwaitx cpb hw_pstate sme ssbd sev ibpb vmmcall fsgsbase bmi1 avx2 smep bmi2 rdseed adx smap clflushopt sha_ni xsaveopt xsavec xgetbv1 xsaves clzero irperf xsaveerptr arat npt lbrv svm_lock nrip_save tsc_scale vmcb_clean flushbyasid decodeassists pausefilter pfthreshold avic v_vmsave_vmload vgif overflow_recov succor smca
bugs		: sysret_ss_attrs null_seg spectre_v1 spectre_v2 spec_store_bypass
bogomips	: 6399.09
TLB size	: 2560 4K pages
clflush size	: 64
cache_alignment	: 64
address sizes	: 43 bits physical, 48 bits virtual
power management: ts ttp tm hwpstate cpb eff_freq_ro [13] [14]

processor	: 14
vendor_id	: AuthenticAMD
cpu family	: 23
model		: 8
model name	: AMD Ryzen 7 2700 Eight-Core Processor
stepping	: 2
microcode	: 0x800820d
cpu MHz		: 2026.736
cache size	: 512 KB
physical id	: 0
siblings	: 16
core id		: 6
cpu cores	: 8
apicid		: 13
initial apicid	: 13
fpu		: yes
fpu_exception	: yes
cpuid level	: 13
wp		: yes
flags		: fpu vme de pse tsc msr pae mce cx8 apic sep mtrr pge mca cmov pat pse36 clflush mmx fxsr sse sse2 ht syscall nx mmxext fxsr_opt pdpe1gb rdtscp lm constant_tsc rep_good nopl nonstop_tsc cpuid extd_apicid aperfmperf pni pclmulqdq monitor ssse3 fma cx16 sse4_1 sse4_2 movbe popcnt aes xsave avx f16c rdrand lahf_lm cmp_legacy svm extapic cr8_legacy abm sse4a misalignsse 3dnowprefetch osvw skinit wdt tce topoext perfctr_core perfctr_nb bpext perfctr_llc mwaitx cpb hw_pstate sme ssbd sev ibpb vmmcall fsgsbase bmi1 avx2 smep bmi2 rdseed adx smap clflushopt sha_ni xsaveopt xsavec xgetbv1 xsaves clzero irperf xsaveerptr arat npt lbrv svm_lock nrip_save tsc_scale vmcb_clean flushbyasid decodeassists pausefilter pfthreshold avic v_vmsave_vmload vgif overflow_recov succor smca
bugs		: sysret_ss_attrs null_seg spectre_v1 spectre_v2 spec_store_bypass
bogomips	: 6399.09
TLB size	: 2560 4K pages
clflush size	: 64
cache_alignment	: 64
address sizes	: 43 bits physical, 48 bits virtual
power management: ts ttp tm hwpstate cpb eff_freq_ro [13] [14]

processor	: 15
vendor_id	: AuthenticAMD
cpu family	: 23
model		: 8
model name	: AMD Ryzen 7 2700 Eight-Core Processor
stepping	: 2
microcode	: 0x800820d
cpu MHz		: 1349.084
cache size	: 512 KB
physical id	: 0
siblings	: 16
core id		: 7
cpu cores	: 8
apicid		: 15
initial apicid	: 15
fpu		: yes
fpu_exception	: yes
cpuid level	: 13
wp		: yes
flags		: fpu vme de pse tsc msr pae mce cx8 apic sep mtrr pge mca cmov pat pse36 clflush mmx fxsr sse sse2 ht syscall nx mmxext fxsr_opt pdpe1gb rdtscp lm constant_tsc rep_good nopl nonstop_tsc cpuid extd_apicid aperfmperf pni pclmulqdq monitor ssse3 fma cx16 sse4_1 sse4_2 movbe popcnt aes xsave avx f16c rdrand lahf_lm cmp_legacy svm extapic cr8_legacy abm sse4a misalignsse 3dnowprefetch osvw skinit wdt tce topoext perfctr_core perfctr_nb bpext perfctr_llc mwaitx cpb hw_pstate sme ssbd sev ibpb vmmcall fsgsbase bmi1 avx2 smep bmi2 rdseed adx smap clflushopt sha_ni xsaveopt xsavec xgetbv1 xsaves clzero irperf xsaveerptr arat npt lbrv svm_lock nrip_save tsc_scale vmcb_clean flushbyasid decodeassists pausefilter pfthreshold avic v_vmsave_vmload vgif overflow_recov succor smca
bugs		: sysret_ss_attrs null_seg spectre_v1 spectre_v2 spec_store_bypass
bogomips	: 6399.09
TLB size	: 2560 4K pages
clflush size	: 64
cache_alignment	: 64
address sizes	: 43 bits physical, 48 bits virtual
power management: ts ttp tm hwpstate cpb eff_freq_ro [13] [14]



Memory: 4k page, physical 16319520k(768568k free), swap 2097148k(2095100k free)

vm_info: Java HotSpot(TM) 64-Bit Server VM (25.202-b08) for linux-amd64 JRE (1.8.0_202-b08), built on Dec 15 2018 12:40:22 by "java_re" with gcc 7.3.0

time: Sat Jul 18 21:48:20 2020
timezone: PDT
elapsed time: 1 seconds (0d 0h 0m 1s)

