#
# A fatal error has been detected by the Java Runtime Environment:
#
#  SIGSEGV (0xb) at pc=0x00007fc8bef08b18, pid=27296, tid=0x00007fc885fdb700
#
# JRE version: Java(TM) SE Runtime Environment (8.0_202-b08) (build 1.8.0_202-b08)
# Java VM: Java HotSpot(TM) 64-Bit Server VM (25.202-b08 mixed mode linux-amd64 compressed oops)
# Problematic frame:
# C  [ld-linux-x86-64.so.2+0xcb18]
#
# Failed to write core dump. Core dumps have been disabled. To enable core dumping, try "ulimit -c unlimited" before starting Java again
#
# If you would like to submit a bug report, please visit:
#   http://bugreport.java.com/bugreport/crash.jsp
# The crash happened outside the Java Virtual Machine in native code.
# See problematic frame for where to report the bug.
#

---------------  T H R E A D  ---------------

Current thread (0x00007fc8b846f800):  JavaThread "AWT-EventQueue-0" [_thread_in_native, id=27336, stack(0x00007fc885edb000,0x00007fc885fdc000)]

siginfo: si_signo: 11 (SIGSEGV), si_code: 1 (SEGV_MAPERR), si_addr: 0x0000000000000020

Registers:
RAX=0x0000000000000000, RBX=0x00007fc87d7240e8, RCX=0x00007fc8bef1c100, RDX=0x0000000000000003
RSP=0x00007fc885fd6770, RBP=0x00007fc885fd6880, RSI=0x0000000000000000, RDI=0x00007fc87d723350
R8 =0x0000000000000018, R9 =0x0000000000000004, R10=0x0000000000000000, R11=0x0000000000000000
R12=0x0000000000000006, R13=0x00007fc87d723728, R14=0x00007fc8b8472ea0, R15=0x0000002900000006
RIP=0x00007fc8bef08b18, EFLAGS=0x0000000000010206, CSGSFS=0x002b000000000033, ERR=0x0000000000000004
  TRAPNO=0x000000000000000e

Top of Stack: (sp=0x00007fc885fd6770)
0x00007fc885fd6770:   00007fc8be8bab80 00007fc8bef0a668
0x00007fc885fd6780:   0000002300000001 0000000000000000
0x00007fc885fd6790:   00007fc885fd6850 0000000000000000
0x00007fc885fd67a0:   0000000000000000 0000000000000000
0x00007fc885fd67b0:   00007fc87d723950 00007fc8b8473870
0x00007fc885fd67c0:   00007fc885fd6810 00007fc87d723000
0x00007fc885fd67d0:   00007fc87d723d48 00007fc87d723350
0x00007fc885fd67e0:   00007fc87d993fa8 00007fc87d7243b8
0x00007fc885fd67f0:   0000000000000008 00007fc885fd68d8
0x00007fc885fd6800:   00007fc87d723728 0000000900000008
0x00007fc885fd6810:   00007fc87d723e48 0000000000000570
0x00007fc885fd6820:   000000000000001b 0000000000000000
0x00007fc885fd6830:   0000000000000000 0000000000000000
0x00007fc885fd6840:   0000000000000000 0000000000000000
0x00007fc885fd6850:   0000000000000000 00007fc885fd6890
0x00007fc885fd6860:   00007fc8b800a8b0 0000000000000009
0x00007fc885fd6870:   00007fc885fd6ad0 0000000000000008
0x00007fc885fd6880:   00007fc885fd6970 00007fc8bef1110d
0x00007fc885fd6890:   00007fc8b846bb40 00007fc8b844e040
0x00007fc885fd68a0:   00007fc8b846cad0 00007fc8b846d000
0x00007fc885fd68b0:   00007fc8b84708d0 00007fc8b8470f20
0x00007fc885fd68c0:   00007fc8b8471400 00007fc8b8471910
0x00007fc885fd68d0:   00007fc8b8472990 00007fc8b8472ea0
0x00007fc885fd68e0:   00007fc885fd6970 00007fc8bef10ffa
0x00007fc885fd68f0:   0000000000000090 ffffffffffffffb0
0x00007fc885fd6900:   0000000000000001 0000003100000007
0x00007fc885fd6910:   0000000000000000 00007fc885fd68f0
0x00007fc885fd6920:   0000000000000001 00007fc8bf125140
0x00007fc885fd6930:   800000010000006e 00007fc800000001
0x00007fc885fd6940:   0000000000000000 0000000000000000
0x00007fc885fd6950:   00007fc885fd6d40 00007fc8be618a86
0x00007fc885fd6960:   000000000000000b 00007fc8bf124060 

Instructions: (pc=0x00007fc8bef08b18)
0x00007fc8bef08af8:   00 00 41 09 c1 4d 89 ae f8 03 00 00 48 8d 14 52
0x00007fc8bef08b08:   45 89 8e 00 04 00 00 4c 8d 04 d6 4d 85 c0 74 0f
0x00007fc8bef08b18:   41 8b 70 08 b8 00 00 00 00 85 f6 4c 0f 44 c0 41
0x00007fc8bef08b28:   8b 7d 00 48 8b 8d 38 ff ff ff 48 8d 55 80 48 03 

Register to memory mapping:

RAX=0x0000000000000000 is an unknown value
RBX=0x00007fc87d7240e8: <offset 0x10e8> in /lib/x86_64-linux-gnu/libpcre.so.3 at 0x00007fc87d723000
RCX=0x00007fc8bef1c100: <offset 0x20100> in /lib64/ld-linux-x86-64.so.2 at 0x00007fc8beefc000
RDX=0x0000000000000003 is an unknown value
RSP=0x00007fc885fd6770 is pointing into the stack for thread: 0x00007fc8b846f800
RBP=0x00007fc885fd6880 is pointing into the stack for thread: 0x00007fc8b846f800
RSI=0x0000000000000000 is an unknown value
RDI=0x00007fc87d723350: <offset 0x350> in /lib/x86_64-linux-gnu/libpcre.so.3 at 0x00007fc87d723000
R8 =0x0000000000000018 is an unknown value
R9 =0x0000000000000004 is an unknown value
R10=0x0000000000000000 is an unknown value
R11=0x0000000000000000 is an unknown value
R12=0x0000000000000006 is an unknown value
R13=0x00007fc87d723728: <offset 0x728> in /lib/x86_64-linux-gnu/libpcre.so.3 at 0x00007fc87d723000
R14=0x00007fc8b8472ea0 is an unknown value
R15=0x0000002900000006 is an unknown value


Stack: [0x00007fc885edb000,0x00007fc885fdc000],  sp=0x00007fc885fd6770,  free space=1005k
Native frames: (J=compiled Java code, j=interpreted, Vv=VM code, C=native code)
C  [ld-linux-x86-64.so.2+0xcb18]
C  [ld-linux-x86-64.so.2+0x1510d]
C  [libc.so.6+0x16751f]  _dl_catch_exception+0x6f

Java frames: (J=compiled Java code, j=interpreted, Vv=VM code)
j  java.net.Inet6AddressImpl.lookupAllHostAddr(Ljava/lang/String;)[Ljava/net/InetAddress;+0
j  java.net.InetAddress$2.lookupAllHostAddr(Ljava/lang/String;)[Ljava/net/InetAddress;+4
j  java.net.InetAddress.getAddressesFromNameService(Ljava/lang/String;Ljava/net/InetAddress;)[Ljava/net/InetAddress;+51
j  java.net.InetAddress.getLocalHost()Ljava/net/InetAddress;+90
j  sun.font.FcFontConfiguration.getFcInfoFile()Ljava/io/File;+7
j  sun.font.FcFontConfiguration.readFcInfo()V+1
j  sun.font.FcFontConfiguration.init()Z+14
j  sun.font.FcFontConfiguration.<init>(Lsun/font/SunFontManager;)V+16
j  sun.awt.X11FontManager.createFontConfiguration()Lsun/awt/FontConfiguration;+53
j  sun.font.SunFontManager$2.run()Ljava/lang/Object;+205
v  ~StubRoutines::call_stub
J 896  java.security.AccessController.doPrivileged(Ljava/security/PrivilegedAction;)Ljava/lang/Object; (0 bytes) @ 0x00007fc8a94bf6cf [0x00007fc8a94bf680+0x4f]
j  sun.font.SunFontManager.<init>()V+222
j  sun.awt.FcFontManager.<init>()V+1
j  sun.awt.X11FontManager.<init>()V+1
v  ~StubRoutines::call_stub
J 1187  sun.reflect.NativeConstructorAccessorImpl.newInstance0(Ljava/lang/reflect/Constructor;[Ljava/lang/Object;)Ljava/lang/Object; (0 bytes) @ 0x00007fc8a955d2a3 [0x00007fc8a955d240+0x63]
J 1186 C1 sun.reflect.NativeConstructorAccessorImpl.newInstance([Ljava/lang/Object;)Ljava/lang/Object; (89 bytes) @ 0x00007fc8a9561abc [0x00007fc8a9560a80+0x103c]
J 1161 C1 sun.reflect.DelegatingConstructorAccessorImpl.newInstance([Ljava/lang/Object;)Ljava/lang/Object; (9 bytes) @ 0x00007fc8a9556284 [0x00007fc8a9556180+0x104]
J 1159 C1 java.lang.reflect.Constructor.newInstance([Ljava/lang/Object;)Ljava/lang/Object; (87 bytes) @ 0x00007fc8a95539cc [0x00007fc8a9553500+0x4cc]
J 1438 C1 java.lang.Class.newInstance()Ljava/lang/Object; (155 bytes) @ 0x00007fc8a96205ec [0x00007fc8a961fce0+0x90c]
j  sun.font.FontManagerFactory$1.run()Ljava/lang/Object;+21
v  ~StubRoutines::call_stub
J 896  java.security.AccessController.doPrivileged(Ljava/security/PrivilegedAction;)Ljava/lang/Object; (0 bytes) @ 0x00007fc8a94bf6cf [0x00007fc8a94bf680+0x4f]
j  sun.font.FontManagerFactory.getInstance()Lsun/font/FontManager;+17
j  java.awt.GraphicsEnvironment.preferProportionalFonts()V+0
j  com.mathworks.wizard.ui.laf.DefaultUIProperties.configureCJKFonts()V+3
j  com.mathworks.wizard.ui.laf.DefaultUIProperties.initialize()V+0
j  com.mathworks.wizard.ui.WizardUIImpl$1.run()V+7
j  java.awt.event.InvocationEvent.dispatch()V+11
j  java.awt.EventQueue.dispatchEventImpl(Ljava/awt/AWTEvent;Ljava/lang/Object;)V+21
j  java.awt.EventQueue.access$500(Ljava/awt/EventQueue;Ljava/awt/AWTEvent;Ljava/lang/Object;)V+3
j  java.awt.EventQueue$3.run()Ljava/lang/Void;+32
j  java.awt.EventQueue$3.run()Ljava/lang/Object;+1
v  ~StubRoutines::call_stub
j  java.security.AccessController.doPrivileged(Ljava/security/PrivilegedAction;Ljava/security/AccessControlContext;)Ljava/lang/Object;+0
j  java.security.ProtectionDomain$JavaSecurityAccessImpl.doIntersectionPrivilege(Ljava/security/PrivilegedAction;Ljava/security/AccessControlContext;Ljava/security/AccessControlContext;)Ljava/lang/Object;+18
j  java.awt.EventQueue.dispatchEvent(Ljava/awt/AWTEvent;)V+46
j  java.awt.EventDispatchThread.pumpOneEventForFilters(I)V+140
j  java.awt.EventDispatchThread.pumpEventsForFilter(ILjava/awt/Conditional;Ljava/awt/EventFilter;)V+35
j  java.awt.EventDispatchThread.pumpEventsForHierarchy(ILjava/awt/Conditional;Ljava/awt/Component;)V+11
j  java.awt.EventDispatchThread.pumpEvents(ILjava/awt/Conditional;)V+4
j  java.awt.EventDispatchThread.pumpEvents(Ljava/awt/Conditional;)V+3
j  java.awt.EventDispatchThread.run()V+9
v  ~StubRoutines::call_stub

---------------  P R O C E S S  ---------------

Java Threads: ( => current thread )
=>0x00007fc8b846f800 JavaThread "AWT-EventQueue-0" [_thread_in_native, id=27336, stack(0x00007fc885edb000,0x00007fc885fdc000)]
  0x00007fc8b846a800 JavaThread "AWT-Shutdown" [_thread_blocked, id=27335, stack(0x00007fc885fdc000,0x00007fc8860dd000)]
  0x00007fc8b8252800 JavaThread "AWT-XAWT" daemon [_thread_in_native, id=27333, stack(0x00007fc8865f8000,0x00007fc8866f9000)]
  0x00007fc8b8bd7800 JavaThread "Java2D Disposer" daemon [_thread_blocked, id=27331, stack(0x00007fc886f6a000,0x00007fc88706b000)]
  0x00007fc8b80ef000 JavaThread "Service Thread" daemon [_thread_blocked, id=27327, stack(0x00007fc88e051000,0x00007fc88e152000)]
  0x00007fc8b80ec000 JavaThread "C1 CompilerThread11" daemon [_thread_blocked, id=27326, stack(0x00007fc88e153000,0x00007fc88e253000)]
  0x00007fc8b80ea000 JavaThread "C1 CompilerThread10" daemon [_thread_blocked, id=27325, stack(0x00007fc88e254000,0x00007fc88e354000)]
  0x00007fc8b80e8000 JavaThread "C1 CompilerThread9" daemon [_thread_blocked, id=27324, stack(0x00007fc88e355000,0x00007fc88e455000)]
  0x00007fc8b80e6000 JavaThread "C1 CompilerThread8" daemon [_thread_blocked, id=27323, stack(0x00007fc88e456000,0x00007fc88e556000)]
  0x00007fc8b80e3800 JavaThread "C2 CompilerThread7" daemon [_thread_blocked, id=27322, stack(0x00007fc88e557000,0x00007fc88e657000)]
  0x00007fc8b80e2000 JavaThread "C2 CompilerThread6" daemon [_thread_blocked, id=27321, stack(0x00007fc88e658000,0x00007fc88e758000)]
  0x00007fc8b80df800 JavaThread "C2 CompilerThread5" daemon [_thread_blocked, id=27320, stack(0x00007fc88e759000,0x00007fc88e859000)]
  0x00007fc8b80d5800 JavaThread "C2 CompilerThread4" daemon [_thread_blocked, id=27319, stack(0x00007fc88e85a000,0x00007fc88e95a000)]
  0x00007fc8b80d3800 JavaThread "C2 CompilerThread3" daemon [_thread_blocked, id=27318, stack(0x00007fc88e95b000,0x00007fc88ea5b000)]
  0x00007fc8b80d1000 JavaThread "C2 CompilerThread2" daemon [_thread_blocked, id=27317, stack(0x00007fc88ea5c000,0x00007fc88eb5c000)]
  0x00007fc8b80cf800 JavaThread "C2 CompilerThread1" daemon [_thread_blocked, id=27316, stack(0x00007fc88eb5d000,0x00007fc88ec5d000)]
  0x00007fc8b80cc800 JavaThread "C2 CompilerThread0" daemon [_thread_blocked, id=27315, stack(0x00007fc88ec5e000,0x00007fc88ed5e000)]
  0x00007fc8b80cb000 JavaThread "Signal Dispatcher" daemon [_thread_blocked, id=27314, stack(0x00007fc88ed5e000,0x00007fc88ee5f000)]
  0x00007fc8b8098000 JavaThread "Finalizer" daemon [_thread_blocked, id=27313, stack(0x00007fc88f2f3000,0x00007fc88f3f4000)]
  0x00007fc8b8095800 JavaThread "Reference Handler" daemon [_thread_blocked, id=27312, stack(0x00007fc88f3f4000,0x00007fc88f4f5000)]
  0x00007fc8b800b000 JavaThread "main" [_thread_blocked, id=27297, stack(0x00007fc8bf007000,0x00007fc8bf107000)]

Other Threads:
  0x00007fc8b808b800 VMThread [stack: 0x00007fc88f4f6000,0x00007fc88f5f6000] [id=27311]
  0x00007fc8b80f1800 WatcherThread [stack: 0x00007fc88df51000,0x00007fc88e051000] [id=27328]

VM state:not at safepoint (normal execution)

VM Mutex/Monitor currently owned by a thread: None

heap address: 0x00000000e0000000, size: 512 MB, Compressed Oops mode: 32-bit
Narrow klass base: 0x0000000000000000, Narrow klass shift: 3
Compressed class space size: 1073741824 Address: 0x0000000100000000

Heap:
 PSYoungGen      total 73216K, used 6426K [0x00000000f5580000, 0x00000000fe600000, 0x0000000100000000)
  eden space 64512K, 9% used [0x00000000f5580000,0x00000000f5bc6850,0x00000000f9480000)
  from space 8704K, 0% used [0x00000000fdd80000,0x00000000fdd80000,0x00000000fe600000)
  to   space 10240K, 0% used [0x00000000fd200000,0x00000000fd200000,0x00000000fdc00000)
 ParOldGen       total 106496K, used 8024K [0x00000000e0000000, 0x00000000e6800000, 0x00000000f5580000)
  object space 106496K, 7% used [0x00000000e0000000,0x00000000e07d60c0,0x00000000e6800000)
 Metaspace       used 23978K, capacity 24250K, committed 24704K, reserved 1071104K
  class space    used 3085K, capacity 3162K, committed 3200K, reserved 1048576K

Card table byte_map: [0x00007fc8a8b3f000,0x00007fc8a8c40000] byte_map_base: 0x00007fc8a843f000

Marking Bits: (ParMarkBitMap*) 0x00007fc8be4b2d80
 Begin Bits: [0x00007fc8a6e32000, 0x00007fc8a7632000)
 End Bits:   [0x00007fc8a7632000, 0x00007fc8a7e32000)

Polling page: 0x00007fc8bf120000

CodeCache: size=245760Kb used=8346Kb max_used=8347Kb free=237413Kb
 bounds [0x00007fc8a9000000, 0x00007fc8a9830000, 0x00007fc8b8000000]
 total_blobs=2661 nmethods=2130 adapters=442
 compilation: enabled

Compilation events (10 events):
Event: 4.082 Thread 0x00007fc8b80ea000 2126       3       sun.reflect.DelegatingConstructorAccessorImpl::setDelegate (6 bytes)
Event: 4.082 Thread 0x00007fc8b80ea000 nmethod 2126 0x00007fc8a9826510 code [0x00007fc8a9826660, 0x00007fc8a98267d0]
Event: 4.094 Thread 0x00007fc8b80e6000 2127       3       java.io.BufferedReader::ensureOpen (18 bytes)
Event: 4.094 Thread 0x00007fc8b80e8000 2128       3       java.io.StreamTokenizer::read (38 bytes)
Event: 4.094 Thread 0x00007fc8b80ea000 2129   !   3       java.io.BufferedReader::read (104 bytes)
Event: 4.094 Thread 0x00007fc8b80e6000 nmethod 2127 0x00007fc8a9824b90 code [0x00007fc8a9824d00, 0x00007fc8a9824f48]
Event: 4.095 Thread 0x00007fc8b80e8000 nmethod 2128 0x00007fc8a9829a10 code [0x00007fc8a9829ba0, 0x00007fc8a9829fa8]
Event: 4.095 Thread 0x00007fc8b80ea000 nmethod 2129 0x00007fc8a9828d10 code [0x00007fc8a9828ee0, 0x00007fc8a9829598]
Event: 4.099 Thread 0x00007fc8b80ec000 2130       3       java.lang.System::checkKey (34 bytes)
Event: 4.099 Thread 0x00007fc8b80ec000 nmethod 2130 0x00007fc8a9828610 code [0x00007fc8a98287c0, 0x00007fc8a9828ba8]

GC Heap History (6 events):
Event: 0.539 GC heap before
{Heap before GC invocations=1 (full 0):
 PSYoungGen      total 74752K, used 64512K [0x00000000f5580000, 0x00000000fa880000, 0x0000000100000000)
  eden space 64512K, 100% used [0x00000000f5580000,0x00000000f9480000,0x00000000f9480000)
  from space 10240K, 0% used [0x00000000f9e80000,0x00000000f9e80000,0x00000000fa880000)
  to   space 10240K, 0% used [0x00000000f9480000,0x00000000f9480000,0x00000000f9e80000)
 ParOldGen       total 171008K, used 0K [0x00000000e0000000, 0x00000000ea700000, 0x00000000f5580000)
  object space 171008K, 0% used [0x00000000e0000000,0x00000000e0000000,0x00000000ea700000)
 Metaspace       used 14046K, capacity 14224K, committed 14464K, reserved 1062912K
  class space    used 1746K, capacity 1820K, committed 1920K, reserved 1048576K
Event: 0.548 GC heap after
Heap after GC invocations=1 (full 0):
 PSYoungGen      total 74752K, used 8249K [0x00000000f5580000, 0x00000000fe780000, 0x0000000100000000)
  eden space 64512K, 0% used [0x00000000f5580000,0x00000000f5580000,0x00000000f9480000)
  from space 10240K, 80% used [0x00000000f9480000,0x00000000f9c8e5e8,0x00000000f9e80000)
  to   space 10240K, 0% used [0x00000000fdd80000,0x00000000fdd80000,0x00000000fe780000)
 ParOldGen       total 171008K, used 16K [0x00000000e0000000, 0x00000000ea700000, 0x00000000f5580000)
  object space 171008K, 0% used [0x00000000e0000000,0x00000000e0004000,0x00000000ea700000)
 Metaspace       used 14046K, capacity 14224K, committed 14464K, reserved 1062912K
  class space    used 1746K, capacity 1820K, committed 1920K, reserved 1048576K
}
Event: 2.156 GC heap before
{Heap before GC invocations=2 (full 0):
 PSYoungGen      total 74752K, used 64746K [0x00000000f5580000, 0x00000000fe780000, 0x0000000100000000)
  eden space 64512K, 87% used [0x00000000f5580000,0x00000000f8cac4d8,0x00000000f9480000)
  from space 10240K, 80% used [0x00000000f9480000,0x00000000f9c8e5e8,0x00000000f9e80000)
  to   space 10240K, 0% used [0x00000000fdd80000,0x00000000fdd80000,0x00000000fe780000)
 ParOldGen       total 171008K, used 16K [0x00000000e0000000, 0x00000000ea700000, 0x00000000f5580000)
  object space 171008K, 0% used [0x00000000e0000000,0x00000000e0004000,0x00000000ea700000)
 Metaspace       used 20850K, capacity 21010K, committed 21248K, reserved 1067008K
  class space    used 2701K, capacity 2765K, committed 2816K, reserved 1048576K
Event: 2.164 GC heap after
Heap after GC invocations=2 (full 0):
 PSYoungGen      total 73216K, used 8651K [0x00000000f5580000, 0x00000000fe600000, 0x0000000100000000)
  eden space 64512K, 0% used [0x00000000f5580000,0x00000000f5580000,0x00000000f9480000)
  from space 8704K, 99% used [0x00000000fdd80000,0x00000000fe5f2d88,0x00000000fe600000)
  to   space 10240K, 0% used [0x00000000fd200000,0x00000000fd200000,0x00000000fdc00000)
 ParOldGen       total 171008K, used 88K [0x00000000e0000000, 0x00000000ea700000, 0x00000000f5580000)
  object space 171008K, 0% used [0x00000000e0000000,0x00000000e0016010,0x00000000ea700000)
 Metaspace       used 20850K, capacity 21010K, committed 21248K, reserved 1067008K
  class space    used 2701K, capacity 2765K, committed 2816K, reserved 1048576K
}
Event: 2.164 GC heap before
{Heap before GC invocations=3 (full 1):
 PSYoungGen      total 73216K, used 8651K [0x00000000f5580000, 0x00000000fe600000, 0x0000000100000000)
  eden space 64512K, 0% used [0x00000000f5580000,0x00000000f5580000,0x00000000f9480000)
  from space 8704K, 99% used [0x00000000fdd80000,0x00000000fe5f2d88,0x00000000fe600000)
  to   space 10240K, 0% used [0x00000000fd200000,0x00000000fd200000,0x00000000fdc00000)
 ParOldGen       total 171008K, used 88K [0x00000000e0000000, 0x00000000ea700000, 0x00000000f5580000)
  object space 171008K, 0% used [0x00000000e0000000,0x00000000e0016010,0x00000000ea700000)
 Metaspace       used 20850K, capacity 21010K, committed 21248K, reserved 1067008K
  class space    used 2701K, capacity 2765K, committed 2816K, reserved 1048576K
Event: 2.186 GC heap after
Heap after GC invocations=3 (full 1):
 PSYoungGen      total 73216K, used 0K [0x00000000f5580000, 0x00000000fe600000, 0x0000000100000000)
  eden space 64512K, 0% used [0x00000000f5580000,0x00000000f5580000,0x00000000f9480000)
  from space 8704K, 0% used [0x00000000fdd80000,0x00000000fdd80000,0x00000000fe600000)
  to   space 10240K, 0% used [0x00000000fd200000,0x00000000fd200000,0x00000000fdc00000)
 ParOldGen       total 106496K, used 8024K [0x00000000e0000000, 0x00000000e6800000, 0x00000000f5580000)
  object space 106496K, 7% used [0x00000000e0000000,0x00000000e07d60c0,0x00000000e6800000)
 Metaspace       used 20850K, capacity 21010K, committed 21248K, reserved 1067008K
  class space    used 2701K, capacity 2765K, committed 2816K, reserved 1048576K
}

Deoptimization events (10 events):
Event: 2.188 Thread 0x00007fc8b800b000 Uncommon trap: reason=class_check action=maybe_recompile pc=0x00007fc8a95bf6ac method=java.io.FilterInputStream.read()I @ 4
Event: 2.188 Thread 0x00007fc8b800b000 Uncommon trap: reason=class_check action=maybe_recompile pc=0x00007fc8a95bf6ac method=java.io.FilterInputStream.read()I @ 4
Event: 2.192 Thread 0x00007fc8b800b000 Uncommon trap: reason=unstable_if action=reinterpret pc=0x00007fc8a97d64f0 method=com.sun.imageio.plugins.png.PNGImageReader.paethPredictor(III)I @ 41
Event: 2.759 Thread 0x00007fc8b800b000 Uncommon trap: reason=unstable_if action=reinterpret pc=0x00007fc8a959f704 method=java.io.UnixFileSystem.normalize(Ljava/lang/String;)Ljava/lang/String; @ 60
Event: 2.779 Thread 0x00007fc8b800b000 Uncommon trap: reason=unstable_if action=reinterpret pc=0x00007fc8a94121bc method=java.lang.AbstractStringBuilder.append(Ljava/lang/String;)Ljava/lang/AbstractStringBuilder; @ 1
Event: 2.779 Thread 0x00007fc8b800b000 Uncommon trap: reason=unstable_if action=reinterpret pc=0x00007fc8a93aaaa0 method=java.lang.AbstractStringBuilder.append(Ljava/lang/String;)Ljava/lang/AbstractStringBuilder; @ 1
Event: 4.098 Thread 0x00007fc8b846f800 Uncommon trap: reason=bimorphic action=maybe_recompile pc=0x00007fc8a96878a0 method=java.util.Properties$LineReader.readLine()I @ 62
Event: 4.098 Thread 0x00007fc8b846f800 Uncommon trap: reason=bimorphic action=maybe_recompile pc=0x00007fc8a96878d4 method=java.util.Properties$LineReader.readLine()I @ 410
Event: 4.098 Thread 0x00007fc8b846f800 Uncommon trap: reason=bimorphic action=maybe_recompile pc=0x00007fc8a96878a0 method=java.util.Properties$LineReader.readLine()I @ 62
Event: 4.099 Thread 0x00007fc8b846f800 Uncommon trap: reason=bimorphic action=maybe_recompile pc=0x00007fc8a96878a0 method=java.util.Properties$LineReader.readLine()I @ 62

Classes redefined (0 events):
No events

Internal exceptions (10 events):
Event: 0.642 Thread 0x00007fc8b800b000 Exception <a 'java/lang/ClassNotFoundException': com/sun/org/glassfish/hk2/osgiresourcelocator/ServiceLoader> (0x00000000f6628ea0) thrown at [/HUDSON/workspace/8-2-build-linux-amd64/jdk8u202/12319/hotspot/src/share/vm/classfile/systemDictionary.cpp, line 
Event: 0.660 Thread 0x00007fc8b800b000 Exception <a 'java/lang/ClassNotFoundException': com/sun/org/glassfish/hk2/osgiresourcelocator/ServiceLoader> (0x00000000f69bccd8) thrown at [/HUDSON/workspace/8-2-build-linux-amd64/jdk8u202/12319/hotspot/src/share/vm/classfile/systemDictionary.cpp, line 
Event: 0.686 Thread 0x00007fc8b800b000 Exception <a 'java/lang/ClassNotFoundException': com/sun/org/glassfish/hk2/osgiresourcelocator/ServiceLoader> (0x00000000f6c966a0) thrown at [/HUDSON/workspace/8-2-build-linux-amd64/jdk8u202/12319/hotspot/src/share/vm/classfile/systemDictionary.cpp, line 
Event: 0.689 Thread 0x00007fc8b800b000 Exception <a 'java/lang/ClassNotFoundException': com/sun/org/glassfish/hk2/osgiresourcelocator/ServiceLoader> (0x00000000f6cfa688) thrown at [/HUDSON/workspace/8-2-build-linux-amd64/jdk8u202/12319/hotspot/src/share/vm/classfile/systemDictionary.cpp, line 
Event: 0.706 Thread 0x00007fc8b800b000 Exception <a 'java/lang/ClassNotFoundException': com/sun/org/glassfish/hk2/osgiresourcelocator/ServiceLoader> (0x00000000f6ea1d60) thrown at [/HUDSON/workspace/8-2-build-linux-amd64/jdk8u202/12319/hotspot/src/share/vm/classfile/systemDictionary.cpp, line 
Event: 0.778 Thread 0x00007fc8b800b000 Exception <a 'java/lang/ClassNotFoundException': com/sun/org/glassfish/hk2/osgiresourcelocator/ServiceLoader> (0x00000000f79df0d0) thrown at [/HUDSON/workspace/8-2-build-linux-amd64/jdk8u202/12319/hotspot/src/share/vm/classfile/systemDictionary.cpp, line 
Event: 2.137 Thread 0x00007fc8b800b000 Exception <a 'java/io/FileNotFoundException'> (0x00000000f8b2e4d8) thrown at [/HUDSON/workspace/8-2-build-linux-amd64/jdk8u202/12319/hotspot/src/share/vm/prims/jni.cpp, line 710]
Event: 2.137 Thread 0x00007fc8b800b000 Exception <a 'java/io/FileNotFoundException'> (0x00000000f8b2f0f8) thrown at [/HUDSON/workspace/8-2-build-linux-amd64/jdk8u202/12319/hotspot/src/share/vm/prims/jni.cpp, line 710]
Event: 2.779 Thread 0x00007fc8b800b000 Implicit null exception at 0x00007fc8a9411db3 to 0x00007fc8a94121a9
Event: 2.779 Thread 0x00007fc8b800b000 Implicit null exception at 0x00007fc8a93aa6b6 to 0x00007fc8a93aaa89

Events (10 events):
Event: 4.098 Thread 0x00007fc8b846f800 DEOPT PACKING pc=0x00007fc8a96878d4 sp=0x00007fc885fd7920
Event: 4.098 Thread 0x00007fc8b846f800 DEOPT UNPACKING pc=0x00007fc8a904573a sp=0x00007fc885fd78b8 mode 2
Event: 4.098 Thread 0x00007fc8b846f800 Uncommon trap: trap_request=0xffffffc6 fr.pc=0x00007fc8a96878a0
Event: 4.098 Thread 0x00007fc8b846f800 DEOPT PACKING pc=0x00007fc8a96878a0 sp=0x00007fc885fd7920
Event: 4.098 Thread 0x00007fc8b846f800 DEOPT UNPACKING pc=0x00007fc8a904573a sp=0x00007fc885fd78b8 mode 2
Event: 4.099 loading class sun/font/FcFontConfiguration
Event: 4.099 loading class sun/font/FcFontConfiguration done
Event: 4.099 Thread 0x00007fc8b846f800 Uncommon trap: trap_request=0xffffffc6 fr.pc=0x00007fc8a96878a0
Event: 4.099 Thread 0x00007fc8b846f800 DEOPT PACKING pc=0x00007fc8a96878a0 sp=0x00007fc885fd7920
Event: 4.099 Thread 0x00007fc8b846f800 DEOPT UNPACKING pc=0x00007fc8a904573a sp=0x00007fc885fd78b8 mode 2


Dynamic libraries:
00400000-00401000 r-xp 00000000 08:01 7506902                            /tmp/mwEVeci9/sys/java/jre/glnxa64/jre/bin/java
00600000-00601000 r--p 00000000 08:01 7506902                            /tmp/mwEVeci9/sys/java/jre/glnxa64/jre/bin/java
00601000-00602000 rw-p 00001000 08:01 7506902                            /tmp/mwEVeci9/sys/java/jre/glnxa64/jre/bin/java
0163b000-0165c000 rw-p 00000000 00:00 0                                  [heap]
e0000000-e6800000 rw-p 00000000 00:00 0 
e6800000-f5580000 ---p 00000000 00:00 0 
f5580000-fe600000 rw-p 00000000 00:00 0 
fe600000-100000000 ---p 00000000 00:00 0 
100000000-100320000 rw-p 00000000 00:00 0 
100320000-140000000 ---p 00000000 00:00 0 
7fc800000000-7fc800021000 rw-p 00000000 00:00 0 
7fc800021000-7fc804000000 ---p 00000000 00:00 0 
7fc808000000-7fc808021000 rw-p 00000000 00:00 0 
7fc808021000-7fc80c000000 ---p 00000000 00:00 0 
7fc80c000000-7fc80c021000 rw-p 00000000 00:00 0 
7fc80c021000-7fc810000000 ---p 00000000 00:00 0 
7fc810000000-7fc810021000 rw-p 00000000 00:00 0 
7fc810021000-7fc814000000 ---p 00000000 00:00 0 
7fc814000000-7fc814021000 rw-p 00000000 00:00 0 
7fc814021000-7fc818000000 ---p 00000000 00:00 0 
7fc818000000-7fc81810c000 rw-p 00000000 00:00 0 
7fc81810c000-7fc81c000000 ---p 00000000 00:00 0 
7fc81c000000-7fc81c021000 rw-p 00000000 00:00 0 
7fc81c021000-7fc820000000 ---p 00000000 00:00 0 
7fc820000000-7fc8201c1000 rw-p 00000000 00:00 0 
7fc8201c1000-7fc824000000 ---p 00000000 00:00 0 
7fc824000000-7fc824147000 rw-p 00000000 00:00 0 
7fc824147000-7fc828000000 ---p 00000000 00:00 0 
7fc828000000-7fc828281000 rw-p 00000000 00:00 0 
7fc828281000-7fc82c000000 ---p 00000000 00:00 0 
7fc82c000000-7fc82c140000 rw-p 00000000 00:00 0 
7fc82c140000-7fc830000000 ---p 00000000 00:00 0 
7fc830000000-7fc830153000 rw-p 00000000 00:00 0 
7fc830153000-7fc834000000 ---p 00000000 00:00 0 
7fc834000000-7fc83408a000 rw-p 00000000 00:00 0 
7fc83408a000-7fc838000000 ---p 00000000 00:00 0 
7fc838000000-7fc838125000 rw-p 00000000 00:00 0 
7fc838125000-7fc83c000000 ---p 00000000 00:00 0 
7fc83c000000-7fc83c0fb000 rw-p 00000000 00:00 0 
7fc83c0fb000-7fc840000000 ---p 00000000 00:00 0 
7fc840000000-7fc840148000 rw-p 00000000 00:00 0 
7fc840148000-7fc844000000 ---p 00000000 00:00 0 
7fc844000000-7fc844233000 rw-p 00000000 00:00 0 
7fc844233000-7fc848000000 ---p 00000000 00:00 0 
7fc848000000-7fc848021000 rw-p 00000000 00:00 0 
7fc848021000-7fc84c000000 ---p 00000000 00:00 0 
7fc84c000000-7fc84c322000 rw-p 00000000 00:00 0 
7fc84c322000-7fc850000000 ---p 00000000 00:00 0 
7fc850000000-7fc850021000 rw-p 00000000 00:00 0 
7fc850021000-7fc854000000 ---p 00000000 00:00 0 
7fc854000000-7fc854021000 rw-p 00000000 00:00 0 
7fc854021000-7fc858000000 ---p 00000000 00:00 0 
7fc858000000-7fc858021000 rw-p 00000000 00:00 0 
7fc858021000-7fc85c000000 ---p 00000000 00:00 0 
7fc85c000000-7fc85c021000 rw-p 00000000 00:00 0 
7fc85c021000-7fc860000000 ---p 00000000 00:00 0 
7fc860000000-7fc860021000 rw-p 00000000 00:00 0 
7fc860021000-7fc864000000 ---p 00000000 00:00 0 
7fc864000000-7fc864021000 rw-p 00000000 00:00 0 
7fc864021000-7fc868000000 ---p 00000000 00:00 0 
7fc868000000-7fc868021000 rw-p 00000000 00:00 0 
7fc868021000-7fc86c000000 ---p 00000000 00:00 0 
7fc870000000-7fc870021000 rw-p 00000000 00:00 0 
7fc870021000-7fc874000000 ---p 00000000 00:00 0 
7fc878000000-7fc878021000 rw-p 00000000 00:00 0 
7fc878021000-7fc87c000000 ---p 00000000 00:00 0 
7fc87d723000-7fc87d793000 r-xp 00000000 08:01 3937445                    /lib/x86_64-linux-gnu/libpcre.so.3.13.3
7fc87d793000-7fc87d993000 ---p 00070000 08:01 3937445                    /lib/x86_64-linux-gnu/libpcre.so.3.13.3
7fc87d993000-7fc87d995000 rw-p 00070000 08:01 3937445                    /lib/x86_64-linux-gnu/libpcre.so.3.13.3
7fc87d995000-7fc87d99c000 r-xp 00000000 08:01 4857801                    /usr/lib/x86_64-linux-gnu/libffi.so.6.0.4
7fc87d99c000-7fc87db9b000 ---p 00007000 08:01 4857801                    /usr/lib/x86_64-linux-gnu/libffi.so.6.0.4
7fc87db9b000-7fc87db9d000 rw-p 00006000 08:01 4857801                    /usr/lib/x86_64-linux-gnu/libffi.so.6.0.4
7fc87e044000-7fc87e095000 r-xp 00000000 08:01 3937227                    /lib/x86_64-linux-gnu/libmount.so.1.1.0
7fc87e095000-7fc87e294000 ---p 00051000 08:01 3937227                    /lib/x86_64-linux-gnu/libmount.so.1.1.0
7fc87e294000-7fc87e297000 rw-p 00050000 08:01 3937227                    /lib/x86_64-linux-gnu/libmount.so.1.1.0
7fc87e297000-7fc87e298000 rw-p 00000000 00:00 0 
7fc87e298000-7fc87e2af000 r-xp 00000000 08:01 3947057                    /lib/x86_64-linux-gnu/libresolv-2.27.so
7fc87e2af000-7fc87e4af000 ---p 00017000 08:01 3947057                    /lib/x86_64-linux-gnu/libresolv-2.27.so
7fc87e4af000-7fc87e4b1000 rw-p 00017000 08:01 3947057                    /lib/x86_64-linux-gnu/libresolv-2.27.so
7fc87e4b1000-7fc87e4b3000 rw-p 00000000 00:00 0 
7fc87e4b3000-7fc87e4d8000 r-xp 00000000 08:01 3937468                    /lib/x86_64-linux-gnu/libselinux.so.1
7fc87e4d8000-7fc87e6d7000 ---p 00025000 08:01 3937468                    /lib/x86_64-linux-gnu/libselinux.so.1
7fc87e6d7000-7fc87e6d9000 rw-p 00024000 08:01 3937468                    /lib/x86_64-linux-gnu/libselinux.so.1
7fc87e6d9000-7fc87e6db000 rw-p 00000000 00:00 0 
7fc87e6db000-7fc87e6f7000 r-xp 00000000 08:01 3937495                    /lib/x86_64-linux-gnu/libz.so.1.2.11
7fc87e6f7000-7fc87e8f6000 ---p 0001c000 08:01 3937495                    /lib/x86_64-linux-gnu/libz.so.1.2.11
7fc87e8f6000-7fc87e8f8000 rw-p 0001b000 08:01 3937495                    /lib/x86_64-linux-gnu/libz.so.1.2.11
7fc87fce9000-7fc87fdfd000 r-xp 00000000 08:01 4850007                    /usr/lib/x86_64-linux-gnu/libglib-2.0.so.0.5600.4
7fc87fdfd000-7fc87fffd000 ---p 00114000 08:01 4850007                    /usr/lib/x86_64-linux-gnu/libglib-2.0.so.0.5600.4
7fc87fffd000-7fc87ffff000 rw-p 00114000 08:01 4850007                    /usr/lib/x86_64-linux-gnu/libglib-2.0.so.0.5600.4
7fc87ffff000-7fc880000000 rw-p 00000000 00:00 0 
7fc880000000-7fc880021000 rw-p 00000000 00:00 0 
7fc880021000-7fc884000000 ---p 00000000 00:00 0 
7fc884218000-7fc88426a000 r-xp 00000000 08:01 4850031                    /usr/lib/x86_64-linux-gnu/libgobject-2.0.so.0.5600.4
7fc88426a000-7fc88446a000 ---p 00052000 08:01 4850031                    /usr/lib/x86_64-linux-gnu/libgobject-2.0.so.0.5600.4
7fc88446a000-7fc88446c000 rw-p 00052000 08:01 4850031                    /usr/lib/x86_64-linux-gnu/libgobject-2.0.so.0.5600.4
7fc8848cf000-7fc884a64000 r-xp 00000000 08:01 4849999                    /usr/lib/x86_64-linux-gnu/libgio-2.0.so.0.5600.4
7fc884a64000-7fc884c64000 ---p 00195000 08:01 4849999                    /usr/lib/x86_64-linux-gnu/libgio-2.0.so.0.5600.4
7fc884c64000-7fc884c6c000 rw-p 00195000 08:01 4849999                    /usr/lib/x86_64-linux-gnu/libgio-2.0.so.0.5600.4
7fc884c6c000-7fc884c6e000 rw-p 00000000 00:00 0 
7fc8855e2000-7fc8855e5000 r-xp 00000000 08:01 4850030                    /usr/lib/x86_64-linux-gnu/libgmodule-2.0.so.0.5600.4
7fc8855e5000-7fc8857e4000 ---p 00003000 08:01 4850030                    /usr/lib/x86_64-linux-gnu/libgmodule-2.0.so.0.5600.4
7fc8857e4000-7fc8857e6000 rw-p 00002000 08:01 4850030                    /usr/lib/x86_64-linux-gnu/libgmodule-2.0.so.0.5600.4
7fc885edb000-7fc885ede000 ---p 00000000 00:00 0 
7fc885ede000-7fc885fdc000 rw-p 00000000 00:00 0 
7fc885fdc000-7fc885fdf000 ---p 00000000 00:00 0 
7fc885fdf000-7fc8861dd000 rw-p 00000000 00:00 0 
7fc8861dd000-7fc8862dd000 ---p 00000000 00:00 0 
7fc8862dd000-7fc8863ec000 r-xp 00000000 08:01 7500564                    /tmp/mwEVeci9/bin/glnxa64/libinstutil.so
7fc8863ec000-7fc8865ec000 ---p 0010f000 08:01 7500564                    /tmp/mwEVeci9/bin/glnxa64/libinstutil.so
7fc8865ec000-7fc8865f0000 r--p 0010f000 08:01 7500564                    /tmp/mwEVeci9/bin/glnxa64/libinstutil.so
7fc8865f0000-7fc8865f4000 rw-p 00113000 08:01 7500564                    /tmp/mwEVeci9/bin/glnxa64/libinstutil.so
7fc8865f4000-7fc8865f8000 rw-p 00000000 00:00 0 
7fc8865f8000-7fc8865fb000 ---p 00000000 00:00 0 
7fc8865fb000-7fc8866f9000 rw-p 00000000 00:00 0 
7fc8866f9000-7fc8866fe000 r-xp 00000000 08:01 4857472                    /usr/lib/x86_64-linux-gnu/libXfixes.so.3.1.0
7fc8866fe000-7fc8868fd000 ---p 00005000 08:01 4857472                    /usr/lib/x86_64-linux-gnu/libXfixes.so.3.1.0
7fc8868fd000-7fc8868fe000 r--p 00004000 08:01 4857472                    /usr/lib/x86_64-linux-gnu/libXfixes.so.3.1.0
7fc8868fe000-7fc8868ff000 rw-p 00005000 08:01 4857472                    /usr/lib/x86_64-linux-gnu/libXfixes.so.3.1.0
7fc8868ff000-7fc886908000 r-xp 00000000 08:01 4857464                    /usr/lib/x86_64-linux-gnu/libXcursor.so.1.0.2
7fc886908000-7fc886b07000 ---p 00009000 08:01 4857464                    /usr/lib/x86_64-linux-gnu/libXcursor.so.1.0.2
7fc886b07000-7fc886b08000 r--p 00008000 08:01 4857464                    /usr/lib/x86_64-linux-gnu/libXcursor.so.1.0.2
7fc886b08000-7fc886b09000 rw-p 00009000 08:01 4857464                    /usr/lib/x86_64-linux-gnu/libXcursor.so.1.0.2
7fc886b09000-7fc886b66000 r-xp 00000000 08:01 7507986                    /tmp/mwEVeci9/sys/java/jre/glnxa64/jre/lib/amd64/libfontmanager.so
7fc886b66000-7fc886d66000 ---p 0005d000 08:01 7507986                    /tmp/mwEVeci9/sys/java/jre/glnxa64/jre/lib/amd64/libfontmanager.so
7fc886d66000-7fc886d69000 r--p 0005d000 08:01 7507986                    /tmp/mwEVeci9/sys/java/jre/glnxa64/jre/lib/amd64/libfontmanager.so
7fc886d69000-7fc886d6a000 rw-p 00060000 08:01 7507986                    /tmp/mwEVeci9/sys/java/jre/glnxa64/jre/lib/amd64/libfontmanager.so
7fc886d6a000-7fc886f6a000 rw-p 00000000 00:00 0 
7fc886f6a000-7fc886f6d000 ---p 00000000 00:00 0 
7fc886f6d000-7fc88706b000 rw-p 00000000 00:00 0 
7fc88706b000-7fc88707e000 r-xp 00000000 08:01 3937214                    /lib/x86_64-linux-gnu/libbsd.so.0.8.7
7fc88707e000-7fc88727d000 ---p 00013000 08:01 3937214                    /lib/x86_64-linux-gnu/libbsd.so.0.8.7
7fc88727d000-7fc88727e000 r--p 00012000 08:01 3937214                    /lib/x86_64-linux-gnu/libbsd.so.0.8.7
7fc88727e000-7fc88727f000 rw-p 00013000 08:01 3937214                    /lib/x86_64-linux-gnu/libbsd.so.0.8.7
7fc88727f000-7fc887280000 rw-p 00000000 00:00 0 
7fc887280000-7fc887285000 r-xp 00000000 08:01 4857468                    /usr/lib/x86_64-linux-gnu/libXdmcp.so.6.0.0
7fc887285000-7fc887484000 ---p 00005000 08:01 4857468                    /usr/lib/x86_64-linux-gnu/libXdmcp.so.6.0.0
7fc887484000-7fc887485000 r--p 00004000 08:01 4857468                    /usr/lib/x86_64-linux-gnu/libXdmcp.so.6.0.0
7fc887485000-7fc887486000 rw-p 00005000 08:01 4857468                    /usr/lib/x86_64-linux-gnu/libXdmcp.so.6.0.0
7fc887486000-7fc887488000 r-xp 00000000 08:01 4852110                    /usr/lib/x86_64-linux-gnu/libXau.so.6.0.0
7fc887488000-7fc887688000 ---p 00002000 08:01 4852110                    /usr/lib/x86_64-linux-gnu/libXau.so.6.0.0
7fc887688000-7fc887689000 r--p 00002000 08:01 4852110                    /usr/lib/x86_64-linux-gnu/libXau.so.6.0.0
7fc887689000-7fc88768a000 rw-p 00003000 08:01 4852110                    /usr/lib/x86_64-linux-gnu/libXau.so.6.0.0
7fc88768a000-7fc8876b0000 r-xp 00000000 08:01 4858631                    /usr/lib/x86_64-linux-gnu/libxcb.so.1.1.0
7fc8876b0000-7fc8878b0000 ---p 00026000 08:01 4858631                    /usr/lib/x86_64-linux-gnu/libxcb.so.1.1.0
7fc8878b0000-7fc8878b1000 r--p 00026000 08:01 4858631                    /usr/lib/x86_64-linux-gnu/libxcb.so.1.1.0
7fc8878b1000-7fc8878b2000 rw-p 00027000 08:01 4858631                    /usr/lib/x86_64-linux-gnu/libxcb.so.1.1.0
7fc8878b2000-7fc8878c1000 r-xp 00000000 08:01 4857478                    /usr/lib/x86_64-linux-gnu/libXi.so.6.1.0
7fc8878c1000-7fc887ac0000 ---p 0000f000 08:01 4857478                    /usr/lib/x86_64-linux-gnu/libXi.so.6.1.0
7fc887ac0000-7fc887ac1000 r--p 0000e000 08:01 4857478                    /usr/lib/x86_64-linux-gnu/libXi.so.6.1.0
7fc887ac1000-7fc887ac2000 rw-p 0000f000 08:01 4857478                    /usr/lib/x86_64-linux-gnu/libXi.so.6.1.0
7fc887ac2000-7fc887ac7000 r-xp 00000000 08:01 4857496                    /usr/lib/x86_64-linux-gnu/libXtst.so.6.1.0
7fc887ac7000-7fc887cc6000 ---p 00005000 08:01 4857496                    /usr/lib/x86_64-linux-gnu/libXtst.so.6.1.0
7fc887cc6000-7fc887cc7000 r--p 00004000 08:01 4857496                    /usr/lib/x86_64-linux-gnu/libXtst.so.6.1.0
7fc887cc7000-7fc887cc8000 rw-p 00005000 08:01 4857496                    /usr/lib/x86_64-linux-gnu/libXtst.so.6.1.0
7fc887cc8000-7fc887dfb000 r-xp 00000000 08:01 4857453                    /usr/lib/x86_64-linux-gnu/libX11.so.6.3.0
7fc887dfb000-7fc887ffb000 ---p 00133000 08:01 4857453                    /usr/lib/x86_64-linux-gnu/libX11.so.6.3.0
7fc887ffb000-7fc887ffc000 r--p 00133000 08:01 4857453                    /usr/lib/x86_64-linux-gnu/libX11.so.6.3.0
7fc887ffc000-7fc888000000 rw-p 00134000 08:01 4857453                    /usr/lib/x86_64-linux-gnu/libX11.so.6.3.0
7fc888000000-7fc888021000 rw-p 00000000 00:00 0 
7fc888021000-7fc88c000000 ---p 00000000 00:00 0 
7fc88c0f2000-7fc88c0fb000 r-xp 00000000 08:01 4857490                    /usr/lib/x86_64-linux-gnu/libXrender.so.1.3.0
7fc88c0fb000-7fc88c2fa000 ---p 00009000 08:01 4857490                    /usr/lib/x86_64-linux-gnu/libXrender.so.1.3.0
7fc88c2fa000-7fc88c2fb000 r--p 00008000 08:01 4857490                    /usr/lib/x86_64-linux-gnu/libXrender.so.1.3.0
7fc88c2fb000-7fc88c2fc000 rw-p 00009000 08:01 4857490                    /usr/lib/x86_64-linux-gnu/libXrender.so.1.3.0
7fc88c2fc000-7fc88c30d000 r-xp 00000000 08:01 4857470                    /usr/lib/x86_64-linux-gnu/libXext.so.6.4.0
7fc88c30d000-7fc88c50c000 ---p 00011000 08:01 4857470                    /usr/lib/x86_64-linux-gnu/libXext.so.6.4.0
7fc88c50c000-7fc88c50d000 r--p 00010000 08:01 4857470                    /usr/lib/x86_64-linux-gnu/libXext.so.6.4.0
7fc88c50d000-7fc88c50e000 rw-p 00011000 08:01 4857470                    /usr/lib/x86_64-linux-gnu/libXext.so.6.4.0
7fc88c526000-7fc88c580000 r-xp 00000000 08:01 7507959                    /tmp/mwEVeci9/sys/java/jre/glnxa64/jre/lib/amd64/libawt_xawt.so
7fc88c580000-7fc88c780000 ---p 0005a000 08:01 7507959                    /tmp/mwEVeci9/sys/java/jre/glnxa64/jre/lib/amd64/libawt_xawt.so
7fc88c780000-7fc88c781000 r--p 0005a000 08:01 7507959                    /tmp/mwEVeci9/sys/java/jre/glnxa64/jre/lib/amd64/libawt_xawt.so
7fc88c781000-7fc88c784000 rw-p 0005b000 08:01 7507959                    /tmp/mwEVeci9/sys/java/jre/glnxa64/jre/lib/amd64/libawt_xawt.so
7fc88c784000-7fc88c786000 rw-p 00000000 00:00 0 
7fc88c786000-7fc88c826000 r-xp 00000000 08:01 7507929                    /tmp/mwEVeci9/sys/java/jre/glnxa64/jre/lib/amd64/libawt.so
7fc88c826000-7fc88ca25000 ---p 000a0000 08:01 7507929                    /tmp/mwEVeci9/sys/java/jre/glnxa64/jre/lib/amd64/libawt.so
7fc88ca25000-7fc88ca26000 r--p 0009f000 08:01 7507929                    /tmp/mwEVeci9/sys/java/jre/glnxa64/jre/lib/amd64/libawt.so
7fc88ca26000-7fc88ca31000 rw-p 000a0000 08:01 7507929                    /tmp/mwEVeci9/sys/java/jre/glnxa64/jre/lib/amd64/libawt.so
7fc88ca31000-7fc88ca56000 rw-p 00000000 00:00 0 
7fc88ca56000-7fc88ca72000 r--s 00393000 08:01 7508614                    /tmp/mwEVeci9/sys/java/jre/glnxa64/jre/lib/ext/cldrdata.jar
7fc88ca72000-7fc88ca7c000 r--s 00116000 08:01 7508902                    /tmp/mwEVeci9/sys/java/jre/glnxa64/jre/lib/ext/localedata.jar
7fc88ca7c000-7fc88ca7d000 r--s 000bb000 08:01 7497383                    /tmp/mwEVeci9/bundle.zip
7fc88ca7d000-7fc88cc7d000 rw-p 00000000 00:00 0 
7fc88cc7d000-7fc88ce7d000 rw-p 00000000 00:00 0 
7fc88ce7d000-7fc88d07d000 rw-p 00000000 00:00 0 
7fc88d07d000-7fc88d090000 r--s 00345000 08:01 7507039                    /tmp/mwEVeci9/sys/java/jre/glnxa64/jre/lib/resources.jar
7fc88d090000-7fc88d290000 rw-p 00000000 00:00 0 
7fc88d290000-7fc88d2a6000 r-xp 00000000 08:01 7500544                    /tmp/mwEVeci9/bin/glnxa64/libgcc_s.so.1
7fc88d2a6000-7fc88d4a5000 ---p 00016000 08:01 7500544                    /tmp/mwEVeci9/bin/glnxa64/libgcc_s.so.1
7fc88d4a5000-7fc88d4a6000 r--p 00015000 08:01 7500544                    /tmp/mwEVeci9/bin/glnxa64/libgcc_s.so.1
7fc88d4a6000-7fc88d4a7000 rw-p 00016000 08:01 7500544                    /tmp/mwEVeci9/bin/glnxa64/libgcc_s.so.1
7fc88d4a7000-7fc88d618000 r-xp 00000000 08:01 7500649                    /tmp/mwEVeci9/bin/glnxa64/libstdc++.so.6
7fc88d618000-7fc88d818000 ---p 00171000 08:01 7500649                    /tmp/mwEVeci9/bin/glnxa64/libstdc++.so.6
7fc88d818000-7fc88d822000 r--p 00171000 08:01 7500649                    /tmp/mwEVeci9/bin/glnxa64/libstdc++.so.6
7fc88d822000-7fc88d824000 rw-p 0017b000 08:01 7500649                    /tmp/mwEVeci9/bin/glnxa64/libstdc++.so.6
7fc88d824000-7fc88d828000 rw-p 00000000 00:00 0 
7fc88d828000-7fc88d833000 r-xp 00000000 08:01 7500638                    /tmp/mwEVeci9/bin/glnxa64/libmwwebproxy.so
7fc88d833000-7fc88d834000 ---p 0000b000 08:01 7500638                    /tmp/mwEVeci9/bin/glnxa64/libmwwebproxy.so
7fc88d834000-7fc88d835000 r--p 0000b000 08:01 7500638                    /tmp/mwEVeci9/bin/glnxa64/libmwwebproxy.so
7fc88d835000-7fc88d836000 rw-p 0000c000 08:01 7500638                    /tmp/mwEVeci9/bin/glnxa64/libmwwebproxy.so
7fc88d836000-7fc88d838000 r-xp 00000000 08:01 7500640                    /tmp/mwEVeci9/bin/glnxa64/libnativewebproxy.so
7fc88d838000-7fc88d839000 r--p 00001000 08:01 7500640                    /tmp/mwEVeci9/bin/glnxa64/libnativewebproxy.so
7fc88d839000-7fc88d83a000 rw-p 00002000 08:01 7500640                    /tmp/mwEVeci9/bin/glnxa64/libnativewebproxy.so
7fc88d83a000-7fc88da3a000 rw-p 00000000 00:00 0 
7fc88da3a000-7fc88da3e000 r--s 000a1000 08:01 7507028                    /tmp/mwEVeci9/sys/java/jre/glnxa64/jre/lib/jsse.jar
7fc88da3e000-7fc88da54000 r-xp 00000000 08:01 7508569                    /tmp/mwEVeci9/sys/java/jre/glnxa64/jre/lib/amd64/libnet.so
7fc88da54000-7fc88dc54000 ---p 00016000 08:01 7508569                    /tmp/mwEVeci9/sys/java/jre/glnxa64/jre/lib/amd64/libnet.so
7fc88dc54000-7fc88dc55000 r--p 00016000 08:01 7508569                    /tmp/mwEVeci9/sys/java/jre/glnxa64/jre/lib/amd64/libnet.so
7fc88dc55000-7fc88dc56000 rw-p 00017000 08:01 7508569                    /tmp/mwEVeci9/sys/java/jre/glnxa64/jre/lib/amd64/libnet.so
7fc88dc56000-7fc88dc67000 r-xp 00000000 08:01 7508570                    /tmp/mwEVeci9/sys/java/jre/glnxa64/jre/lib/amd64/libnio.so
7fc88dc67000-7fc88de66000 ---p 00011000 08:01 7508570                    /tmp/mwEVeci9/sys/java/jre/glnxa64/jre/lib/amd64/libnio.so
7fc88de66000-7fc88de67000 r--p 00010000 08:01 7508570                    /tmp/mwEVeci9/sys/java/jre/glnxa64/jre/lib/amd64/libnio.so
7fc88de67000-7fc88de68000 rw-p 00011000 08:01 7508570                    /tmp/mwEVeci9/sys/java/jre/glnxa64/jre/lib/amd64/libnio.so
7fc88de68000-7fc88de69000 r--s 00007000 08:01 7501210                    /tmp/mwEVeci9/java/jarext/jackson/jackson-jaxrs-base.jar
7fc88de69000-7fc88de6b000 r--s 00009000 08:01 7501203                    /tmp/mwEVeci9/java/jarext/guice/guice-assistedinject.jar
7fc88de6b000-7fc88de7c000 r--s 00174000 08:01 7500847                    /tmp/mwEVeci9/java/jarext/lucene-analyzers-common.jar
7fc88de7c000-7fc88de81000 r--s 00020000 08:01 7501199                    /tmp/mwEVeci9/java/jarext/axis2/wsdl4j.jar
7fc88de81000-7fc88de8e000 r--s 000a7000 08:01 7501347                    /tmp/mwEVeci9/java/jarext/webservices/urlmanager/urlmanager.jar
7fc88de8e000-7fc88dea5000 r--s 00114000 08:01 7500902                    /tmp/mwEVeci9/java/jarext/xercesImpl.jar
7fc88dea5000-7fc88dea6000 r--s 00003000 08:01 7501336                    /tmp/mwEVeci9/java/jarext/webservices/dduxws_installer_client/dduxws-installer-client.jar
7fc88dea6000-7fc88dea8000 r--s 00003000 08:01 7500716                    /tmp/mwEVeci9/java/jar/webproxy.jar
7fc88dea8000-7fc88dead000 r--s 00041000 08:01 7500792                    /tmp/mwEVeci9/java/jarext/dws_client.jar
7fc88dead000-7fc88deaf000 r--s 00003000 08:01 7501155                    /tmp/mwEVeci9/java/jar/zh_CN/install_core_res.jar
7fc88deaf000-7fc88deb0000 r--s 00007000 08:01 7500706                    /tmp/mwEVeci9/java/jar/install_task.jar
7fc88deb0000-7fc88deb3000 r--s 00019000 08:01 7500707                    /tmp/mwEVeci9/java/jar/installagent.jar
7fc88deb3000-7fc88debc000 r--s 00055000 08:01 7500890                    /tmp/mwEVeci9/java/jarext/lucene-queryparser.jar
7fc88debc000-7fc88deca000 r--s 00096000 08:01 7501204                    /tmp/mwEVeci9/java/jarext/guice/guice.jar
7fc88deca000-7fc88decb000 r--s 00000000 08:01 7501160                    /tmp/mwEVeci9/java/jar/zh_CN/shared_install_res.jar
7fc88decb000-7fc88decc000 r--s 00000000 08:01 7501151                    /tmp/mwEVeci9/java/jar/ko_KR/shared_install_res.jar
7fc88decc000-7fc88ded4000 r--s 00043000 08:01 7500705                    /tmp/mwEVeci9/java/jar/install_impl.jar
7fc88ded4000-7fc88ded6000 r--s 00002000 08:01 7501280                    /tmp/mwEVeci9/java/jarext/connector_api/connector_api_java/message_service_interface.jar
7fc88ded6000-7fc88defd000 r--s 00217000 08:01 7500848                    /tmp/mwEVeci9/java/jarext/lucene-core.jar
7fc88defd000-7fc88df07000 r--s 0009e000 08:01 7500717                    /tmp/mwEVeci9/java/jar/wizard.jar
7fc88df07000-7fc88df10000 r--s 00058000 08:01 7500709                    /tmp/mwEVeci9/java/jar/installwizard.jar
7fc88df10000-7fc88df11000 r--s 00000000 08:01 7501156                    /tmp/mwEVeci9/java/jar/zh_CN/install_task_res.jar
7fc88df11000-7fc88df13000 r--s 0000e000 08:01 7501163                    /tmp/mwEVeci9/java/jarext/axis2/activation.jar
7fc88df13000-7fc88df19000 r--s 00059000 08:01 7501197                    /tmp/mwEVeci9/java/jarext/axis2/mail.jar
7fc88df19000-7fc88df1c000 r--s 00023000 08:01 7501190                    /tmp/mwEVeci9/java/jarext/axis2/axis2-transport-http.jar
7fc88df1c000-7fc88df1d000 r--s 00002000 08:01 7501342                    /tmp/mwEVeci9/java/jarext/webservices/udc_client/udc_client.jar
7fc88df1d000-7fc88df28000 r--s 000b4000 08:01 7501174                    /tmp/mwEVeci9/java/jarext/axis2/axis2-adb.jar
7fc88df28000-7fc88df29000 r--s 00000000 08:01 7501157                    /tmp/mwEVeci9/java/jar/zh_CN/installagent_res.jar
7fc88df29000-7fc88df2a000 r--s 00000000 08:01 7501138                    /tmp/mwEVeci9/java/jar/ja_JP/install_task_res.jar
7fc88df2a000-7fc88df2c000 r--s 00000000 08:01 7501282                    /tmp/mwEVeci9/java/jarext/connector_api/cosg_api_java/cosg_java_api.jar
7fc88df2c000-7fc88df31000 r--s 00026000 08:01 7501196                    /tmp/mwEVeci9/java/jarext/axis2/httpcore.jar
7fc88df31000-7fc88df34000 r--s 00009000 08:01 7501376                    /tmp/mwEVeci9/java/jarext/webservices/ws_client_core/mw-service-client-core.jar
7fc88df34000-7fc88df38000 r--s 00038000 08:01 7500790                    /tmp/mwEVeci9/java/jarext/commons-lang.jar
7fc88df38000-7fc88df3a000 r--s 00005000 08:01 7500714                    /tmp/mwEVeci9/java/jar/net.jar
7fc88df3a000-7fc88df3b000 r--s 00000000 08:01 7501153                    /tmp/mwEVeci9/java/jar/zh_CN/install_api_res.jar
7fc88df3b000-7fc88df3d000 r--s 00007000 08:01 7501198                    /tmp/mwEVeci9/java/jarext/axis2/neethi.jar
7fc88df3d000-7fc88df3e000 r--s 00003000 08:01 7501211                    /tmp/mwEVeci9/java/jarext/jackson/jackson-jaxrs-json-provider.jar
7fc88df3e000-7fc88df50000 r--s 00137000 08:01 7501209                    /tmp/mwEVeci9/java/jarext/jackson/jackson-databind.jar
7fc88df50000-7fc88df51000 ---p 00000000 00:00 0 
7fc88df51000-7fc88e051000 rw-p 00000000 00:00 0 
7fc88e051000-7fc88e054000 ---p 00000000 00:00 0 
7fc88e054000-7fc88e152000 rw-p 00000000 00:00 0 
7fc88e152000-7fc88e153000 ---p 00000000 00:00 0 
7fc88e153000-7fc88e156000 ---p 00000000 00:00 0 
7fc88e156000-7fc88e253000 rw-p 00000000 00:00 0 
7fc88e253000-7fc88e254000 ---p 00000000 00:00 0 
7fc88e254000-7fc88e257000 ---p 00000000 00:00 0 
7fc88e257000-7fc88e354000 rw-p 00000000 00:00 0 
7fc88e354000-7fc88e355000 ---p 00000000 00:00 0 
7fc88e355000-7fc88e358000 ---p 00000000 00:00 0 
7fc88e358000-7fc88e455000 rw-p 00000000 00:00 0 
7fc88e455000-7fc88e456000 ---p 00000000 00:00 0 
7fc88e456000-7fc88e459000 ---p 00000000 00:00 0 
7fc88e459000-7fc88e556000 rw-p 00000000 00:00 0 
7fc88e556000-7fc88e557000 ---p 00000000 00:00 0 
7fc88e557000-7fc88e55a000 ---p 00000000 00:00 0 
7fc88e55a000-7fc88e657000 rw-p 00000000 00:00 0 
7fc88e657000-7fc88e658000 ---p 00000000 00:00 0 
7fc88e658000-7fc88e65b000 ---p 00000000 00:00 0 
7fc88e65b000-7fc88e758000 rw-p 00000000 00:00 0 
7fc88e758000-7fc88e759000 ---p 00000000 00:00 0 
7fc88e759000-7fc88e75c000 ---p 00000000 00:00 0 
7fc88e75c000-7fc88e859000 rw-p 00000000 00:00 0 
7fc88e859000-7fc88e85a000 ---p 00000000 00:00 0 
7fc88e85a000-7fc88e85d000 ---p 00000000 00:00 0 
7fc88e85d000-7fc88e95a000 rw-p 00000000 00:00 0 
7fc88e95a000-7fc88e95b000 ---p 00000000 00:00 0 
7fc88e95b000-7fc88e95e000 ---p 00000000 00:00 0 
7fc88e95e000-7fc88ea5b000 rw-p 00000000 00:00 0 
7fc88ea5b000-7fc88ea5c000 ---p 00000000 00:00 0 
7fc88ea5c000-7fc88ea5f000 ---p 00000000 00:00 0 
7fc88ea5f000-7fc88eb5c000 rw-p 00000000 00:00 0 
7fc88eb5c000-7fc88eb5d000 ---p 00000000 00:00 0 
7fc88eb5d000-7fc88eb60000 ---p 00000000 00:00 0 
7fc88eb60000-7fc88ec5d000 rw-p 00000000 00:00 0 
7fc88ec5d000-7fc88ec5e000 ---p 00000000 00:00 0 
7fc88ec5e000-7fc88ec61000 ---p 00000000 00:00 0 
7fc88ec61000-7fc88ed5e000 rw-p 00000000 00:00 0 
7fc88ed5e000-7fc88ed61000 ---p 00000000 00:00 0 
7fc88ed61000-7fc88ee5f000 rw-p 00000000 00:00 0 
7fc88ee5f000-7fc88f2f3000 r--p 00000000 08:01 4853770                    /usr/lib/locale/locale-archive
7fc88f2f3000-7fc88f2f6000 ---p 00000000 00:00 0 
7fc88f2f6000-7fc88f3f4000 rw-p 00000000 00:00 0 
7fc88f3f4000-7fc88f3f7000 ---p 00000000 00:00 0 
7fc88f3f7000-7fc88f4f5000 rw-p 00000000 00:00 0 
7fc88f4f5000-7fc88f4f6000 ---p 00000000 00:00 0 
7fc88f4f6000-7fc890000000 rw-p 00000000 00:00 0 
7fc890000000-7fc890021000 rw-p 00000000 00:00 0 
7fc890021000-7fc894000000 ---p 00000000 00:00 0 
7fc894000000-7fc894021000 rw-p 00000000 00:00 0 
7fc894021000-7fc898000000 ---p 00000000 00:00 0 
7fc898000000-7fc898021000 rw-p 00000000 00:00 0 
7fc898021000-7fc89c000000 ---p 00000000 00:00 0 
7fc89c000000-7fc89c021000 rw-p 00000000 00:00 0 
7fc89c021000-7fc8a0000000 ---p 00000000 00:00 0 
7fc8a0000000-7fc8a0021000 rw-p 00000000 00:00 0 
7fc8a0021000-7fc8a4000000 ---p 00000000 00:00 0 
7fc8a4000000-7fc8a4002000 r--s 00003000 08:01 7501146                    /tmp/mwEVeci9/java/jar/ko_KR/install_core_res.jar
7fc8a4002000-7fc8a4007000 r--s 0002b000 08:01 7500713                    /tmp/mwEVeci9/java/jar/mlwebservices.jar
7fc8a4007000-7fc8a4008000 r--s 00000000 08:01 7501140                    /tmp/mwEVeci9/java/jar/ja_JP/mw_java_mlwebservices_res.jar
7fc8a4008000-7fc8a400e000 r--s 00021000 08:01 7500703                    /tmp/mwEVeci9/java/jar/install.jar
7fc8a400e000-7fc8a400f000 r--s 00000000 08:01 7501147                    /tmp/mwEVeci9/java/jar/ko_KR/install_task_res.jar
7fc8a400f000-7fc8a4010000 r--s 00000000 08:01 7501150                    /tmp/mwEVeci9/java/jar/ko_KR/mw_java_net_res.jar
7fc8a4010000-7fc8a4011000 r--s 00001000 08:01 7501145                    /tmp/mwEVeci9/java/jar/ko_KR/install_core_common_res.jar
7fc8a4011000-7fc8a4012000 r--s 00000000 08:01 7501159                    /tmp/mwEVeci9/java/jar/zh_CN/mw_java_net_res.jar
7fc8a4012000-7fc8a4015000 r--s 0001d000 08:01 7500887                    /tmp/mwEVeci9/java/jarext/lucene-highlighter.jar
7fc8a4015000-7fc8a401c000 r--s 00053000 08:01 7500783                    /tmp/mwEVeci9/java/jarext/commons-compress.jar
7fc8a401c000-7fc8a4020000 r--s 0001f000 08:01 7501162                    /tmp/mwEVeci9/java/jarext/axis2/XmlSchema.jar
7fc8a4020000-7fc8a4021000 r--s 00004000 08:01 7501344                    /tmp/mwEVeci9/java/jarext/webservices/udc_client_installer/udc_client_installer.jar
7fc8a4021000-7fc8a4023000 r--s 0000d000 08:01 7500791                    /tmp/mwEVeci9/java/jarext/commons-logging.jar
7fc8a4023000-7fc8a4025000 r--s 00005000 08:01 7501338                    /tmp/mwEVeci9/java/jarext/webservices/dws_client/dws-rest-client.jar
7fc8a4025000-7fc8a4026000 r--s 00000000 08:01 7501144                    /tmp/mwEVeci9/java/jar/ko_KR/install_api_res.jar
7fc8a4026000-7fc8a4029000 r--s 00018000 08:01 7501214                    /tmp/mwEVeci9/java/jarext/webservices/loginws_client.jar
7fc8a4029000-7fc8a402e000 r--s 0002a000 08:01 7500834                    /tmp/mwEVeci9/java/jarext/gson.jar
7fc8a402e000-7fc8a402f000 r--s 00001000 08:01 7501154                    /tmp/mwEVeci9/java/jar/zh_CN/install_core_common_res.jar
7fc8a402f000-7fc8a4033000 r--s 0002a000 08:01 7500892                    /tmp/mwEVeci9/java/jarext/lucene-suggest.jar
7fc8a4033000-7fc8a4035000 r--s 0000a000 08:01 7500782                    /tmp/mwEVeci9/java/jarext/commons-codec.jar
7fc8a4035000-7fc8a4036000 r--s 00007000 08:01 7501212                    /tmp/mwEVeci9/java/jarext/jackson/jackson-module-jaxb-annotations.jar
7fc8a4036000-7fc8a4037000 r--s 00004000 08:01 7501137                    /tmp/mwEVeci9/java/jar/ja_JP/install_core_res.jar
7fc8a4037000-7fc8a4038000 r--s 00001000 08:01 7500715                    /tmp/mwEVeci9/java/jar/release_info.jar
7fc8a4038000-7fc8a403c000 r--s 0002a000 08:01 7500788                    /tmp/mwEVeci9/java/jarext/commons-io.jar
7fc8a403c000-7fc8a403d000 r--s 00000000 08:01 7501142                    /tmp/mwEVeci9/java/jar/ja_JP/shared_install_res.jar
7fc8a403d000-7fc8a4046000 r--s 0005d000 08:01 7501166                    /tmp/mwEVeci9/java/jarext/axis2/axiom-api.jar
7fc8a4046000-7fc8a4065000 r--s 001d7000 08:01 7500728                    /tmp/mwEVeci9/java/jarext/ant.jar
7fc8a4065000-7fc8a4068000 r--s 00023000 08:01 7500835                    /tmp/mwEVeci9/java/jarext/jdom.jar
7fc8a4068000-7fc8a406a000 r--s 0001a000 08:01 7500845                    /tmp/mwEVeci9/java/jarext/jgoodies-forms.jar
7fc8a406a000-7fc8a4095000 r--s 001f5000 08:01 7500807                    /tmp/mwEVeci9/java/jarext/google-collect.jar
7fc8a4095000-7fc8a409b000 r--s 0002e000 08:01 7500889                    /tmp/mwEVeci9/java/jarext/lucene-queries.jar
7fc8a409b000-7fc8a409f000 r--s 0004c000 08:01 7501208                    /tmp/mwEVeci9/java/jarext/jackson/jackson-core.jar
7fc8a409f000-7fc8a40a0000 r--s 00008000 08:01 7500888                    /tmp/mwEVeci9/java/jarext/lucene-memory.jar
7fc8a40a0000-7fc8a40a1000 r--s 00004000 08:01 7501193                    /tmp/mwEVeci9/java/jarext/axis2/axis2-transport-local.jar
7fc8a40a1000-7fc8a40a2000 r--s 00000000 08:01 7501149                    /tmp/mwEVeci9/java/jar/ko_KR/mw_java_mlwebservices_res.jar
7fc8a40a2000-7fc8a40af000 r--s 000e8000 08:01 7501181                    /tmp/mwEVeci9/java/jarext/axis2/axis2-kernel.jar
7fc8a40af000-7fc8a40b0000 r--s 00008000 08:01 7500781                    /tmp/mwEVeci9/java/jarext/commons-cli.jar
7fc8a40b0000-7fc8a40b3000 r--s 0001c000 08:01 7500704                    /tmp/mwEVeci9/java/jar/install_core_common.jar
7fc8a40b3000-7fc8a40b9000 r--s 00045000 08:01 7501194                    /tmp/mwEVeci9/java/jarext/axis2/commons-httpclient.jar
7fc8a40b9000-7fc8a40bb000 r--s 00004000 08:01 7501340                    /tmp/mwEVeci9/java/jarext/webservices/mcr_dws_client/mcr_dws_client.jar
7fc8a40bb000-7fc8a40bc000 r--s 00000000 08:01 7501158                    /tmp/mwEVeci9/java/jar/zh_CN/mw_java_mlwebservices_res.jar
7fc8a40bc000-7fc8a40bd000 r--s 00000000 08:01 7501148                    /tmp/mwEVeci9/java/jar/ko_KR/installagent_res.jar
7fc8a40bd000-7fc8a40be000 r--s 00000000 08:01 7501139                    /tmp/mwEVeci9/java/jar/ja_JP/installagent_res.jar
7fc8a40be000-7fc8a40c2000 r--s 0000d000 08:01 7500708                    /tmp/mwEVeci9/java/jar/installservicehandler.jar
7fc8a40c2000-7fc8a40c6000 r--s 00029000 08:01 7501215                    /tmp/mwEVeci9/java/jarext/webservices/service_request_client.jar
7fc8a40c6000-7fc8a40c9000 r--s 00009000 08:01 7501334                    /tmp/mwEVeci9/java/jarext/webservices/authenticationws_client/authenticationws_client.jar
7fc8a40c9000-7fc8a40cb000 r--s 00001000 08:01 7501279                    /tmp/mwEVeci9/java/jarext/connector_api/connector_api_java/connector_interface.jar
7fc8a40cb000-7fc8a40cc000 r--s 00004000 08:01 7500727                    /tmp/mwEVeci9/java/jarext/ant-launcher.jar
7fc8a40cc000-7fc8a40cf000 r--s 0001b000 08:01 7501171                    /tmp/mwEVeci9/java/jarext/axis2/axiom-impl.jar
7fc8a40cf000-7fc8a40d7000 r--s 00038000 08:01 7500712                    /tmp/mwEVeci9/java/jar/instutil.jar
7fc8a40d7000-7fc8a40e7000 r--s 000a7000 08:01 7500793                    /tmp/mwEVeci9/java/jarext/glazedlists_java15.jar
7fc8a40e7000-7fc8a62e2000 rw-p 00000000 00:00 0 
7fc8a62e2000-7fc8a64bc000 r--s 03d6a000 08:01 7507046                    /tmp/mwEVeci9/sys/java/jre/glnxa64/jre/lib/rt.jar
7fc8a64bc000-7fc8a7e32000 rw-p 00000000 00:00 0 
7fc8a7e32000-7fc8a7e33000 ---p 00000000 00:00 0 
7fc8a7e33000-7fc8a7f33000 rw-p 00000000 00:00 0 
7fc8a7f33000-7fc8a7f34000 ---p 00000000 00:00 0 
7fc8a7f34000-7fc8a8034000 rw-p 00000000 00:00 0 
7fc8a8034000-7fc8a8035000 ---p 00000000 00:00 0 
7fc8a8035000-7fc8a8135000 rw-p 00000000 00:00 0 
7fc8a8135000-7fc8a8136000 ---p 00000000 00:00 0 
7fc8a8136000-7fc8a8236000 rw-p 00000000 00:00 0 
7fc8a8236000-7fc8a8237000 ---p 00000000 00:00 0 
7fc8a8237000-7fc8a8337000 rw-p 00000000 00:00 0 
7fc8a8337000-7fc8a8338000 ---p 00000000 00:00 0 
7fc8a8338000-7fc8a8438000 rw-p 00000000 00:00 0 
7fc8a8438000-7fc8a8439000 ---p 00000000 00:00 0 
7fc8a8439000-7fc8a8539000 rw-p 00000000 00:00 0 
7fc8a8539000-7fc8a853a000 ---p 00000000 00:00 0 
7fc8a853a000-7fc8a863a000 rw-p 00000000 00:00 0 
7fc8a863a000-7fc8a863b000 ---p 00000000 00:00 0 
7fc8a863b000-7fc8a873b000 rw-p 00000000 00:00 0 
7fc8a873b000-7fc8a873c000 ---p 00000000 00:00 0 
7fc8a873c000-7fc8a883c000 rw-p 00000000 00:00 0 
7fc8a883c000-7fc8a883d000 ---p 00000000 00:00 0 
7fc8a883d000-7fc8a893d000 rw-p 00000000 00:00 0 
7fc8a893d000-7fc8a893e000 ---p 00000000 00:00 0 
7fc8a893e000-7fc8a8a3e000 rw-p 00000000 00:00 0 
7fc8a8a3e000-7fc8a8a3f000 ---p 00000000 00:00 0 
7fc8a8a3f000-7fc8a8b73000 rw-p 00000000 00:00 0 
7fc8a8b73000-7fc8a8be9000 ---p 00000000 00:00 0 
7fc8a8be9000-7fc8a8c32000 rw-p 00000000 00:00 0 
7fc8a8c32000-7fc8a8c3f000 ---p 00000000 00:00 0 
7fc8a8c3f000-7fc8a8c61000 rw-p 00000000 00:00 0 
7fc8a8c61000-7fc8a9000000 ---p 00000000 00:00 0 
7fc8a9000000-7fc8a9830000 rwxp 00000000 00:00 0 
7fc8a9830000-7fc8b8000000 ---p 00000000 00:00 0 
7fc8b8000000-7fc8b8c9d000 rw-p 00000000 00:00 0 
7fc8b8c9d000-7fc8bc000000 ---p 00000000 00:00 0 
7fc8bc000000-7fc8bc002000 r--s 0000a000 08:01 7500891                    /tmp/mwEVeci9/java/jarext/lucene-sandbox.jar
7fc8bc002000-7fc8bc004000 r--s 00000000 08:01 7501202                    /tmp/mwEVeci9/java/jarext/guice/aopalliance.jar
7fc8bc004000-7fc8bc006000 r--s 00006000 08:01 7501195                    /tmp/mwEVeci9/java/jarext/axis2/geronimo-stax-api.jar
7fc8bc006000-7fc8bc009000 r--s 0000e000 08:01 7501207                    /tmp/mwEVeci9/java/jarext/jackson/jackson-annotations.jar
7fc8bc009000-7fc8bc0a6000 rw-p 00000000 00:00 0 
7fc8bc0a6000-7fc8bc0c1000 r-xp 00000000 08:01 7508583                    /tmp/mwEVeci9/sys/java/jre/glnxa64/jre/lib/amd64/libzip.so
7fc8bc0c1000-7fc8bc2c0000 ---p 0001b000 08:01 7508583                    /tmp/mwEVeci9/sys/java/jre/glnxa64/jre/lib/amd64/libzip.so
7fc8bc2c0000-7fc8bc2c1000 r--p 0001a000 08:01 7508583                    /tmp/mwEVeci9/sys/java/jre/glnxa64/jre/lib/amd64/libzip.so
7fc8bc2c1000-7fc8bc2c2000 rw-p 0001b000 08:01 7508583                    /tmp/mwEVeci9/sys/java/jre/glnxa64/jre/lib/amd64/libzip.so
7fc8bc2c2000-7fc8bc2cd000 r-xp 00000000 08:01 3947049                    /lib/x86_64-linux-gnu/libnss_files-2.27.so
7fc8bc2cd000-7fc8bc4cc000 ---p 0000b000 08:01 3947049                    /lib/x86_64-linux-gnu/libnss_files-2.27.so
7fc8bc4cc000-7fc8bc4cd000 r--p 0000a000 08:01 3947049                    /lib/x86_64-linux-gnu/libnss_files-2.27.so
7fc8bc4cd000-7fc8bc4ce000 rw-p 0000b000 08:01 3947049                    /lib/x86_64-linux-gnu/libnss_files-2.27.so
7fc8bc4ce000-7fc8bc4d4000 rw-p 00000000 00:00 0 
7fc8bc4d4000-7fc8bc4eb000 r-xp 00000000 08:01 3947045                    /lib/x86_64-linux-gnu/libnsl-2.27.so
7fc8bc4eb000-7fc8bc6ea000 ---p 00017000 08:01 3947045                    /lib/x86_64-linux-gnu/libnsl-2.27.so
7fc8bc6ea000-7fc8bc6eb000 r--p 00016000 08:01 3947045                    /lib/x86_64-linux-gnu/libnsl-2.27.so
7fc8bc6eb000-7fc8bc6ec000 rw-p 00017000 08:01 3947045                    /lib/x86_64-linux-gnu/libnsl-2.27.so
7fc8bc6ec000-7fc8bc6ee000 rw-p 00000000 00:00 0 
7fc8bc6ee000-7fc8bc6f9000 r-xp 00000000 08:01 3947051                    /lib/x86_64-linux-gnu/libnss_nis-2.27.so
7fc8bc6f9000-7fc8bc8f8000 ---p 0000b000 08:01 3947051                    /lib/x86_64-linux-gnu/libnss_nis-2.27.so
7fc8bc8f8000-7fc8bc8f9000 r--p 0000a000 08:01 3947051                    /lib/x86_64-linux-gnu/libnss_nis-2.27.so
7fc8bc8f9000-7fc8bc8fa000 rw-p 0000b000 08:01 3947051                    /lib/x86_64-linux-gnu/libnss_nis-2.27.so
7fc8bc8fa000-7fc8bc902000 r-xp 00000000 08:01 3947046                    /lib/x86_64-linux-gnu/libnss_compat-2.27.so
7fc8bc902000-7fc8bcb02000 ---p 00008000 08:01 3947046                    /lib/x86_64-linux-gnu/libnss_compat-2.27.so
7fc8bcb02000-7fc8bcb03000 r--p 00008000 08:01 3947046                    /lib/x86_64-linux-gnu/libnss_compat-2.27.so
7fc8bcb03000-7fc8bcb04000 rw-p 00009000 08:01 3947046                    /lib/x86_64-linux-gnu/libnss_compat-2.27.so
7fc8bcb04000-7fc8bcb30000 r-xp 00000000 08:01 7508017                    /tmp/mwEVeci9/sys/java/jre/glnxa64/jre/lib/amd64/libjava.so
7fc8bcb30000-7fc8bcd2f000 ---p 0002c000 08:01 7508017                    /tmp/mwEVeci9/sys/java/jre/glnxa64/jre/lib/amd64/libjava.so
7fc8bcd2f000-7fc8bcd30000 r--p 0002b000 08:01 7508017                    /tmp/mwEVeci9/sys/java/jre/glnxa64/jre/lib/amd64/libjava.so
7fc8bcd30000-7fc8bcd32000 rw-p 0002c000 08:01 7508017                    /tmp/mwEVeci9/sys/java/jre/glnxa64/jre/lib/amd64/libjava.so
7fc8bcd32000-7fc8bcd3f000 r-xp 00000000 08:01 7508582                    /tmp/mwEVeci9/sys/java/jre/glnxa64/jre/lib/amd64/libverify.so
7fc8bcd3f000-7fc8bcf3e000 ---p 0000d000 08:01 7508582                    /tmp/mwEVeci9/sys/java/jre/glnxa64/jre/lib/amd64/libverify.so
7fc8bcf3e000-7fc8bcf40000 r--p 0000c000 08:01 7508582                    /tmp/mwEVeci9/sys/java/jre/glnxa64/jre/lib/amd64/libverify.so
7fc8bcf40000-7fc8bcf41000 rw-p 0000e000 08:01 7508582                    /tmp/mwEVeci9/sys/java/jre/glnxa64/jre/lib/amd64/libverify.so
7fc8bcf41000-7fc8bcf48000 r-xp 00000000 08:01 3947058                    /lib/x86_64-linux-gnu/librt-2.27.so
7fc8bcf48000-7fc8bd147000 ---p 00007000 08:01 3947058                    /lib/x86_64-linux-gnu/librt-2.27.so
7fc8bd147000-7fc8bd148000 r--p 00006000 08:01 3947058                    /lib/x86_64-linux-gnu/librt-2.27.so
7fc8bd148000-7fc8bd149000 rw-p 00007000 08:01 3947058                    /lib/x86_64-linux-gnu/librt-2.27.so
7fc8bd149000-7fc8bd2e6000 r-xp 00000000 08:01 3947041                    /lib/x86_64-linux-gnu/libm-2.27.so
7fc8bd2e6000-7fc8bd4e5000 ---p 0019d000 08:01 3947041                    /lib/x86_64-linux-gnu/libm-2.27.so
7fc8bd4e5000-7fc8bd4e6000 r--p 0019c000 08:01 3947041                    /lib/x86_64-linux-gnu/libm-2.27.so
7fc8bd4e6000-7fc8bd4e7000 rw-p 0019d000 08:01 3947041                    /lib/x86_64-linux-gnu/libm-2.27.so
7fc8bd4e7000-7fc8be1cf000 r-xp 00000000 08:01 7509297                    /tmp/mwEVeci9/sys/java/jre/glnxa64/jre/lib/amd64/server/libjvm.so
7fc8be1cf000-7fc8be3ce000 ---p 00ce8000 08:01 7509297                    /tmp/mwEVeci9/sys/java/jre/glnxa64/jre/lib/amd64/server/libjvm.so
7fc8be3ce000-7fc8be464000 r--p 00ce7000 08:01 7509297                    /tmp/mwEVeci9/sys/java/jre/glnxa64/jre/lib/amd64/server/libjvm.so
7fc8be464000-7fc8be495000 rw-p 00d7d000 08:01 7509297                    /tmp/mwEVeci9/sys/java/jre/glnxa64/jre/lib/amd64/server/libjvm.so
7fc8be495000-7fc8be4d0000 rw-p 00000000 00:00 0 
7fc8be4d0000-7fc8be6b7000 r-xp 00000000 08:01 3947035                    /lib/x86_64-linux-gnu/libc-2.27.so
7fc8be6b7000-7fc8be8b7000 ---p 001e7000 08:01 3947035                    /lib/x86_64-linux-gnu/libc-2.27.so
7fc8be8b7000-7fc8be8bb000 r--p 001e7000 08:01 3947035                    /lib/x86_64-linux-gnu/libc-2.27.so
7fc8be8bb000-7fc8be8bd000 rw-p 001eb000 08:01 3947035                    /lib/x86_64-linux-gnu/libc-2.27.so
7fc8be8bd000-7fc8be8c1000 rw-p 00000000 00:00 0 
7fc8be8c1000-7fc8be8c4000 r-xp 00000000 08:01 3947039                    /lib/x86_64-linux-gnu/libdl-2.27.so
7fc8be8c4000-7fc8beac3000 ---p 00003000 08:01 3947039                    /lib/x86_64-linux-gnu/libdl-2.27.so
7fc8beac3000-7fc8beac4000 r--p 00002000 08:01 3947039                    /lib/x86_64-linux-gnu/libdl-2.27.so
7fc8beac4000-7fc8beac5000 rw-p 00003000 08:01 3947039                    /lib/x86_64-linux-gnu/libdl-2.27.so
7fc8beac5000-7fc8beadc000 r-xp 00000000 08:01 7509293                    /tmp/mwEVeci9/sys/java/jre/glnxa64/jre/lib/amd64/jli/libjli.so
7fc8beadc000-7fc8becdb000 ---p 00017000 08:01 7509293                    /tmp/mwEVeci9/sys/java/jre/glnxa64/jre/lib/amd64/jli/libjli.so
7fc8becdb000-7fc8becdc000 r--p 00016000 08:01 7509293                    /tmp/mwEVeci9/sys/java/jre/glnxa64/jre/lib/amd64/jli/libjli.so
7fc8becdc000-7fc8becdd000 rw-p 00017000 08:01 7509293                    /tmp/mwEVeci9/sys/java/jre/glnxa64/jre/lib/amd64/jli/libjli.so
7fc8becdd000-7fc8becf7000 r-xp 00000000 08:01 3947055                    /lib/x86_64-linux-gnu/libpthread-2.27.so
7fc8becf7000-7fc8beef6000 ---p 0001a000 08:01 3947055                    /lib/x86_64-linux-gnu/libpthread-2.27.so
7fc8beef6000-7fc8beef7000 r--p 00019000 08:01 3947055                    /lib/x86_64-linux-gnu/libpthread-2.27.so
7fc8beef7000-7fc8beef8000 rw-p 0001a000 08:01 3947055                    /lib/x86_64-linux-gnu/libpthread-2.27.so
7fc8beef8000-7fc8beefc000 rw-p 00000000 00:00 0 
7fc8beefc000-7fc8bef23000 r-xp 00000000 08:01 3939065                    /lib/x86_64-linux-gnu/ld-2.27.so
7fc8bef23000-7fc8bef24000 r--s 00000000 08:01 7501141                    /tmp/mwEVeci9/java/jar/ja_JP/mw_java_net_res.jar
7fc8bef24000-7fc8bef2d000 r--s 00096000 08:01 7501284                    /tmp/mwEVeci9/java/jarext/webservices/activationws_client/activationws_client.jar
7fc8bef2d000-7fc8bef33000 r--s 0007a000 08:01 7501200                    /tmp/mwEVeci9/java/jarext/axis2/wstx-asl.jar
7fc8bef33000-7fc8bef8f000 rw-p 00000000 00:00 0 
7fc8bef8f000-7fc8bf006000 ---p 00000000 00:00 0 
7fc8bf006000-7fc8bf007000 ---p 00000000 00:00 0 
7fc8bf007000-7fc8bf00a000 ---p 00000000 00:00 0 
7fc8bf00a000-7fc8bf109000 rw-p 00000000 00:00 0 
7fc8bf109000-7fc8bf10a000 r--s 00000000 08:01 7501135                    /tmp/mwEVeci9/java/jar/ja_JP/install_api_res.jar
7fc8bf10a000-7fc8bf10b000 r--s 00000000 08:01 7501205                    /tmp/mwEVeci9/java/jarext/guice/javax.inject.jar
7fc8bf10b000-7fc8bf10c000 r--s 00001000 08:01 7501136                    /tmp/mwEVeci9/java/jar/ja_JP/install_core_common_res.jar
7fc8bf10c000-7fc8bf10d000 r--s 00000000 08:01 7501133                    /tmp/mwEVeci9/java/config/installagent/pathlist.jar
7fc8bf10d000-7fc8bf117000 rw-p 00000000 00:00 0 
7fc8bf117000-7fc8bf11f000 rw-s 00000000 08:01 7614472                    /tmp/hsperfdata_panosetigraph/27296
7fc8bf11f000-7fc8bf120000 rw-p 00000000 00:00 0 
7fc8bf120000-7fc8bf121000 r--p 00000000 00:00 0 
7fc8bf121000-7fc8bf123000 rw-p 00000000 00:00 0 
7fc8bf123000-7fc8bf124000 r--p 00027000 08:01 3939065                    /lib/x86_64-linux-gnu/ld-2.27.so
7fc8bf124000-7fc8bf125000 rw-p 00028000 08:01 3939065                    /lib/x86_64-linux-gnu/ld-2.27.so
7fc8bf125000-7fc8bf126000 rw-p 00000000 00:00 0 
7ffcd2c48000-7ffcd2c69000 rw-p 00000000 00:00 0                          [stack]
7ffcd2d29000-7ffcd2d2c000 r--p 00000000 00:00 0                          [vvar]
7ffcd2d2c000-7ffcd2d2d000 r-xp 00000000 00:00 0                          [vdso]
ffffffffff600000-ffffffffff601000 --xp 00000000 00:00 0                  [vsyscall]

VM Arguments:
jvm_args: -Xmx512m 
java_command: com/mathworks/installagent/InstallAgentLauncher -root /tmp/mwEVeci9 -libdir /tmp/mwEVeci9 -installbundle /tmp/mwEVeci9/bundle.zip
java_class_path (initial): /tmp/mwEVeci9/java/config/installagent/pathlist.jar
Launcher Type: SUN_STANDARD

Environment Variables:
PATH=/home/panosetigraph/.rvm/gems/ruby-2.1.10/bin:/home/panosetigraph/.rvm/gems/ruby-2.1.10@global/bin:/home/panosetigraph/.rvm/rubies/ruby-2.1.10/bin:/home/panosetigraph/.local/bin:/usr/local/sbin:/usr/local/bin:/usr/sbin:/usr/bin:/sbin:/bin:/usr/games:/usr/local/games:/snap/bin:/home/panosetigraph/.rvm/bin
USERNAME=panosetigraph
LD_LIBRARY_PATH=/tmp/mwEVeci9/bin/glnxa64
SHELL=/bin/bash
DISPLAY=:1

Signal Handlers:
SIGSEGV: [libjvm.so+0xad3ce0], sa_mask[0]=11111111011111111101111111111110, sa_flags=SA_RESTART|SA_SIGINFO
SIGBUS: [libjvm.so+0xad3ce0], sa_mask[0]=11111111011111111101111111111110, sa_flags=SA_RESTART|SA_SIGINFO
SIGFPE: [libjvm.so+0x90b820], sa_mask[0]=11111111011111111101111111111110, sa_flags=SA_RESTART|SA_SIGINFO
SIGPIPE: [libjvm.so+0x90b820], sa_mask[0]=11111111011111111101111111111110, sa_flags=SA_RESTART|SA_SIGINFO
SIGXFSZ: [libjvm.so+0x90b820], sa_mask[0]=11111111011111111101111111111110, sa_flags=SA_RESTART|SA_SIGINFO
SIGILL: [libjvm.so+0x90b820], sa_mask[0]=11111111011111111101111111111110, sa_flags=SA_RESTART|SA_SIGINFO
SIGUSR1: SIG_DFL, sa_mask[0]=00000000000000000000000000000000, sa_flags=none
SIGUSR2: [libjvm.so+0x90b6f0], sa_mask[0]=00000000000000000000000000000000, sa_flags=SA_RESTART|SA_SIGINFO
SIGHUP: [libjvm.so+0x90bd10], sa_mask[0]=11111111011111111101111111111110, sa_flags=SA_RESTART|SA_SIGINFO
SIGINT: [libjvm.so+0x90bd10], sa_mask[0]=11111111011111111101111111111110, sa_flags=SA_RESTART|SA_SIGINFO
SIGTERM: [libjvm.so+0x90bd10], sa_mask[0]=11111111011111111101111111111110, sa_flags=SA_RESTART|SA_SIGINFO
SIGQUIT: [libjvm.so+0x90bd10], sa_mask[0]=11111111011111111101111111111110, sa_flags=SA_RESTART|SA_SIGINFO


---------------  S Y S T E M  ---------------

OS:DISTRIB_ID=Ubuntu
DISTRIB_RELEASE=18.04
DISTRIB_CODENAME=bionic
DISTRIB_DESCRIPTION="Ubuntu 18.04.4 LTS"

uname:Linux 5.3.0-62-generic #56~18.04.1-Ubuntu SMP Wed Jun 24 16:17:03 UTC 2020 x86_64
libc:glibc 2.27 NPTL 2.27 
rlimit: STACK 8192k, CORE 0k, NPROC 63558, NOFILE 4096, AS infinity
load average:4.33 1.68 0.75

/proc/meminfo:
MemTotal:       16319520 kB
MemFree:          206412 kB
MemAvailable:   10675520 kB
Buffers:          954740 kB
Cached:          9296552 kB
SwapCached:            0 kB
Active:          7861724 kB
Inactive:        6713796 kB
Active(anon):    3767136 kB
Inactive(anon):   692172 kB
Active(file):    4094588 kB
Inactive(file):  6021624 kB
Unevictable:          16 kB
Mlocked:              16 kB
SwapTotal:       2097148 kB
SwapFree:        2095100 kB
Dirty:           1707596 kB
Writeback:          2440 kB
AnonPages:       4324360 kB
Mapped:          1058892 kB
Shmem:            135032 kB
KReclaimable:     694128 kB
Slab:             807840 kB
SReclaimable:     694128 kB
SUnreclaim:       113712 kB
KernelStack:       30656 kB
PageTables:        75452 kB
NFS_Unstable:          0 kB
Bounce:                0 kB
WritebackTmp:          0 kB
CommitLimit:    10256908 kB
Committed_AS:   13730112 kB
VmallocTotal:   34359738367 kB
VmallocUsed:       51208 kB
VmallocChunk:          0 kB
Percpu:            12672 kB
HardwareCorrupted:     0 kB
AnonHugePages:         0 kB
ShmemHugePages:        0 kB
ShmemPmdMapped:        0 kB
CmaTotal:              0 kB
CmaFree:               0 kB
HugePages_Total:       0
HugePages_Free:        0
HugePages_Rsvd:        0
HugePages_Surp:        0
Hugepagesize:       2048 kB
Hugetlb:               0 kB
DirectMap4k:      496548 kB
DirectMap2M:    10964992 kB
DirectMap1G:     5242880 kB

container (cgroup) information:
container_type: cgroupv1
cpu_cpuset_cpus: 0-15
cpu_memory_nodes: 0
active_processor_count: 16
cpu_quota: -1
cpu_period: 100000
cpu_shares: -1
memory_limit_in_bytes: -1
memory_and_swap_limit_in_bytes: -2
memory_soft_limit_in_bytes: -1
memory_usage_in_bytes: 14925078528
memory_max_usage_in_bytes: 587780096


CPU:total 16 (initial active 16) (16 cores per cpu, 1 threads per core) family 23 model 8 stepping 2, cmov, cx8, fxsr, mmx, sse, sse2, sse3, ssse3, sse4.1, sse4.2, popcnt, avx, avx2, aes, clmul, mmxext, 3dnowpref, lzcnt, sse4a, tsc, tscinvbit, tscinv, bmi1

/proc/cpuinfo:
processor	: 0
vendor_id	: AuthenticAMD
cpu family	: 23
model		: 8
model name	: AMD Ryzen 7 2700 Eight-Core Processor
stepping	: 2
microcode	: 0x800820d
cpu MHz		: 1377.443
cache size	: 512 KB
physical id	: 0
siblings	: 16
core id		: 0
cpu cores	: 8
apicid		: 0
initial apicid	: 0
fpu		: yes
fpu_exception	: yes
cpuid level	: 13
wp		: yes
flags		: fpu vme de pse tsc msr pae mce cx8 apic sep mtrr pge mca cmov pat pse36 clflush mmx fxsr sse sse2 ht syscall nx mmxext fxsr_opt pdpe1gb rdtscp lm constant_tsc rep_good nopl nonstop_tsc cpuid extd_apicid aperfmperf pni pclmulqdq monitor ssse3 fma cx16 sse4_1 sse4_2 movbe popcnt aes xsave avx f16c rdrand lahf_lm cmp_legacy svm extapic cr8_legacy abm sse4a misalignsse 3dnowprefetch osvw skinit wdt tce topoext perfctr_core perfctr_nb bpext perfctr_llc mwaitx cpb hw_pstate sme ssbd sev ibpb vmmcall fsgsbase bmi1 avx2 smep bmi2 rdseed adx smap clflushopt sha_ni xsaveopt xsavec xgetbv1 xsaves clzero irperf xsaveerptr arat npt lbrv svm_lock nrip_save tsc_scale vmcb_clean flushbyasid decodeassists pausefilter pfthreshold avic v_vmsave_vmload vgif overflow_recov succor smca
bugs		: sysret_ss_attrs null_seg spectre_v1 spectre_v2 spec_store_bypass
bogomips	: 6399.09
TLB size	: 2560 4K pages
clflush size	: 64
cache_alignment	: 64
address sizes	: 43 bits physical, 48 bits virtual
power management: ts ttp tm hwpstate cpb eff_freq_ro [13] [14]

processor	: 1
vendor_id	: AuthenticAMD
cpu family	: 23
model		: 8
model name	: AMD Ryzen 7 2700 Eight-Core Processor
stepping	: 2
microcode	: 0x800820d
cpu MHz		: 1388.786
cache size	: 512 KB
physical id	: 0
siblings	: 16
core id		: 1
cpu cores	: 8
apicid		: 2
initial apicid	: 2
fpu		: yes
fpu_exception	: yes
cpuid level	: 13
wp		: yes
flags		: fpu vme de pse tsc msr pae mce cx8 apic sep mtrr pge mca cmov pat pse36 clflush mmx fxsr sse sse2 ht syscall nx mmxext fxsr_opt pdpe1gb rdtscp lm constant_tsc rep_good nopl nonstop_tsc cpuid extd_apicid aperfmperf pni pclmulqdq monitor ssse3 fma cx16 sse4_1 sse4_2 movbe popcnt aes xsave avx f16c rdrand lahf_lm cmp_legacy svm extapic cr8_legacy abm sse4a misalignsse 3dnowprefetch osvw skinit wdt tce topoext perfctr_core perfctr_nb bpext perfctr_llc mwaitx cpb hw_pstate sme ssbd sev ibpb vmmcall fsgsbase bmi1 avx2 smep bmi2 rdseed adx smap clflushopt sha_ni xsaveopt xsavec xgetbv1 xsaves clzero irperf xsaveerptr arat npt lbrv svm_lock nrip_save tsc_scale vmcb_clean flushbyasid decodeassists pausefilter pfthreshold avic v_vmsave_vmload vgif overflow_recov succor smca
bugs		: sysret_ss_attrs null_seg spectre_v1 spectre_v2 spec_store_bypass
bogomips	: 6399.09
TLB size	: 2560 4K pages
clflush size	: 64
cache_alignment	: 64
address sizes	: 43 bits physical, 48 bits virtual
power management: ts ttp tm hwpstate cpb eff_freq_ro [13] [14]

processor	: 2
vendor_id	: AuthenticAMD
cpu family	: 23
model		: 8
model name	: AMD Ryzen 7 2700 Eight-Core Processor
stepping	: 2
microcode	: 0x800820d
cpu MHz		: 1377.829
cache size	: 512 KB
physical id	: 0
siblings	: 16
core id		: 2
cpu cores	: 8
apicid		: 4
initial apicid	: 4
fpu		: yes
fpu_exception	: yes
cpuid level	: 13
wp		: yes
flags		: fpu vme de pse tsc msr pae mce cx8 apic sep mtrr pge mca cmov pat pse36 clflush mmx fxsr sse sse2 ht syscall nx mmxext fxsr_opt pdpe1gb rdtscp lm constant_tsc rep_good nopl nonstop_tsc cpuid extd_apicid aperfmperf pni pclmulqdq monitor ssse3 fma cx16 sse4_1 sse4_2 movbe popcnt aes xsave avx f16c rdrand lahf_lm cmp_legacy svm extapic cr8_legacy abm sse4a misalignsse 3dnowprefetch osvw skinit wdt tce topoext perfctr_core perfctr_nb bpext perfctr_llc mwaitx cpb hw_pstate sme ssbd sev ibpb vmmcall fsgsbase bmi1 avx2 smep bmi2 rdseed adx smap clflushopt sha_ni xsaveopt xsavec xgetbv1 xsaves clzero irperf xsaveerptr arat npt lbrv svm_lock nrip_save tsc_scale vmcb_clean flushbyasid decodeassists pausefilter pfthreshold avic v_vmsave_vmload vgif overflow_recov succor smca
bugs		: sysret_ss_attrs null_seg spectre_v1 spectre_v2 spec_store_bypass
bogomips	: 6399.09
TLB size	: 2560 4K pages
clflush size	: 64
cache_alignment	: 64
address sizes	: 43 bits physical, 48 bits virtual
power management: ts ttp tm hwpstate cpb eff_freq_ro [13] [14]

processor	: 3
vendor_id	: AuthenticAMD
cpu family	: 23
model		: 8
model name	: AMD Ryzen 7 2700 Eight-Core Processor
stepping	: 2
microcode	: 0x800820d
cpu MHz		: 1378.181
cache size	: 512 KB
physical id	: 0
siblings	: 16
core id		: 3
cpu cores	: 8
apicid		: 6
initial apicid	: 6
fpu		: yes
fpu_exception	: yes
cpuid level	: 13
wp		: yes
flags		: fpu vme de pse tsc msr pae mce cx8 apic sep mtrr pge mca cmov pat pse36 clflush mmx fxsr sse sse2 ht syscall nx mmxext fxsr_opt pdpe1gb rdtscp lm constant_tsc rep_good nopl nonstop_tsc cpuid extd_apicid aperfmperf pni pclmulqdq monitor ssse3 fma cx16 sse4_1 sse4_2 movbe popcnt aes xsave avx f16c rdrand lahf_lm cmp_legacy svm extapic cr8_legacy abm sse4a misalignsse 3dnowprefetch osvw skinit wdt tce topoext perfctr_core perfctr_nb bpext perfctr_llc mwaitx cpb hw_pstate sme ssbd sev ibpb vmmcall fsgsbase bmi1 avx2 smep bmi2 rdseed adx smap clflushopt sha_ni xsaveopt xsavec xgetbv1 xsaves clzero irperf xsaveerptr arat npt lbrv svm_lock nrip_save tsc_scale vmcb_clean flushbyasid decodeassists pausefilter pfthreshold avic v_vmsave_vmload vgif overflow_recov succor smca
bugs		: sysret_ss_attrs null_seg spectre_v1 spectre_v2 spec_store_bypass
bogomips	: 6399.09
TLB size	: 2560 4K pages
clflush size	: 64
cache_alignment	: 64
address sizes	: 43 bits physical, 48 bits virtual
power management: ts ttp tm hwpstate cpb eff_freq_ro [13] [14]

processor	: 4
vendor_id	: AuthenticAMD
cpu family	: 23
model		: 8
model name	: AMD Ryzen 7 2700 Eight-Core Processor
stepping	: 2
microcode	: 0x800820d
cpu MHz		: 1588.273
cache size	: 512 KB
physical id	: 0
siblings	: 16
core id		: 4
cpu cores	: 8
apicid		: 8
initial apicid	: 8
fpu		: yes
fpu_exception	: yes
cpuid level	: 13
wp		: yes
flags		: fpu vme de pse tsc msr pae mce cx8 apic sep mtrr pge mca cmov pat pse36 clflush mmx fxsr sse sse2 ht syscall nx mmxext fxsr_opt pdpe1gb rdtscp lm constant_tsc rep_good nopl nonstop_tsc cpuid extd_apicid aperfmperf pni pclmulqdq monitor ssse3 fma cx16 sse4_1 sse4_2 movbe popcnt aes xsave avx f16c rdrand lahf_lm cmp_legacy svm extapic cr8_legacy abm sse4a misalignsse 3dnowprefetch osvw skinit wdt tce topoext perfctr_core perfctr_nb bpext perfctr_llc mwaitx cpb hw_pstate sme ssbd sev ibpb vmmcall fsgsbase bmi1 avx2 smep bmi2 rdseed adx smap clflushopt sha_ni xsaveopt xsavec xgetbv1 xsaves clzero irperf xsaveerptr arat npt lbrv svm_lock nrip_save tsc_scale vmcb_clean flushbyasid decodeassists pausefilter pfthreshold avic v_vmsave_vmload vgif overflow_recov succor smca
bugs		: sysret_ss_attrs null_seg spectre_v1 spectre_v2 spec_store_bypass
bogomips	: 6399.09
TLB size	: 2560 4K pages
clflush size	: 64
cache_alignment	: 64
address sizes	: 43 bits physical, 48 bits virtual
power management: ts ttp tm hwpstate cpb eff_freq_ro [13] [14]

processor	: 5
vendor_id	: AuthenticAMD
cpu family	: 23
model		: 8
model name	: AMD Ryzen 7 2700 Eight-Core Processor
stepping	: 2
microcode	: 0x800820d
cpu MHz		: 3234.116
cache size	: 512 KB
physical id	: 0
siblings	: 16
core id		: 5
cpu cores	: 8
apicid		: 10
initial apicid	: 10
fpu		: yes
fpu_exception	: yes
cpuid level	: 13
wp		: yes
flags		: fpu vme de pse tsc msr pae mce cx8 apic sep mtrr pge mca cmov pat pse36 clflush mmx fxsr sse sse2 ht syscall nx mmxext fxsr_opt pdpe1gb rdtscp lm constant_tsc rep_good nopl nonstop_tsc cpuid extd_apicid aperfmperf pni pclmulqdq monitor ssse3 fma cx16 sse4_1 sse4_2 movbe popcnt aes xsave avx f16c rdrand lahf_lm cmp_legacy svm extapic cr8_legacy abm sse4a misalignsse 3dnowprefetch osvw skinit wdt tce topoext perfctr_core perfctr_nb bpext perfctr_llc mwaitx cpb hw_pstate sme ssbd sev ibpb vmmcall fsgsbase bmi1 avx2 smep bmi2 rdseed adx smap clflushopt sha_ni xsaveopt xsavec xgetbv1 xsaves clzero irperf xsaveerptr arat npt lbrv svm_lock nrip_save tsc_scale vmcb_clean flushbyasid decodeassists pausefilter pfthreshold avic v_vmsave_vmload vgif overflow_recov succor smca
bugs		: sysret_ss_attrs null_seg spectre_v1 spectre_v2 spec_store_bypass
bogomips	: 6399.09
TLB size	: 2560 4K pages
clflush size	: 64
cache_alignment	: 64
address sizes	: 43 bits physical, 48 bits virtual
power management: ts ttp tm hwpstate cpb eff_freq_ro [13] [14]

processor	: 6
vendor_id	: AuthenticAMD
cpu family	: 23
model		: 8
model name	: AMD Ryzen 7 2700 Eight-Core Processor
stepping	: 2
microcode	: 0x800820d
cpu MHz		: 1585.712
cache size	: 512 KB
physical id	: 0
siblings	: 16
core id		: 6
cpu cores	: 8
apicid		: 12
initial apicid	: 12
fpu		: yes
fpu_exception	: yes
cpuid level	: 13
wp		: yes
flags		: fpu vme de pse tsc msr pae mce cx8 apic sep mtrr pge mca cmov pat pse36 clflush mmx fxsr sse sse2 ht syscall nx mmxext fxsr_opt pdpe1gb rdtscp lm constant_tsc rep_good nopl nonstop_tsc cpuid extd_apicid aperfmperf pni pclmulqdq monitor ssse3 fma cx16 sse4_1 sse4_2 movbe popcnt aes xsave avx f16c rdrand lahf_lm cmp_legacy svm extapic cr8_legacy abm sse4a misalignsse 3dnowprefetch osvw skinit wdt tce topoext perfctr_core perfctr_nb bpext perfctr_llc mwaitx cpb hw_pstate sme ssbd sev ibpb vmmcall fsgsbase bmi1 avx2 smep bmi2 rdseed adx smap clflushopt sha_ni xsaveopt xsavec xgetbv1 xsaves clzero irperf xsaveerptr arat npt lbrv svm_lock nrip_save tsc_scale vmcb_clean flushbyasid decodeassists pausefilter pfthreshold avic v_vmsave_vmload vgif overflow_recov succor smca
bugs		: sysret_ss_attrs null_seg spectre_v1 spectre_v2 spec_store_bypass
bogomips	: 6399.09
TLB size	: 2560 4K pages
clflush size	: 64
cache_alignment	: 64
address sizes	: 43 bits physical, 48 bits virtual
power management: ts ttp tm hwpstate cpb eff_freq_ro [13] [14]

processor	: 7
vendor_id	: AuthenticAMD
cpu family	: 23
model		: 8
model name	: AMD Ryzen 7 2700 Eight-Core Processor
stepping	: 2
microcode	: 0x800820d
cpu MHz		: 1641.849
cache size	: 512 KB
physical id	: 0
siblings	: 16
core id		: 7
cpu cores	: 8
apicid		: 14
initial apicid	: 14
fpu		: yes
fpu_exception	: yes
cpuid level	: 13
wp		: yes
flags		: fpu vme de pse tsc msr pae mce cx8 apic sep mtrr pge mca cmov pat pse36 clflush mmx fxsr sse sse2 ht syscall nx mmxext fxsr_opt pdpe1gb rdtscp lm constant_tsc rep_good nopl nonstop_tsc cpuid extd_apicid aperfmperf pni pclmulqdq monitor ssse3 fma cx16 sse4_1 sse4_2 movbe popcnt aes xsave avx f16c rdrand lahf_lm cmp_legacy svm extapic cr8_legacy abm sse4a misalignsse 3dnowprefetch osvw skinit wdt tce topoext perfctr_core perfctr_nb bpext perfctr_llc mwaitx cpb hw_pstate sme ssbd sev ibpb vmmcall fsgsbase bmi1 avx2 smep bmi2 rdseed adx smap clflushopt sha_ni xsaveopt xsavec xgetbv1 xsaves clzero irperf xsaveerptr arat npt lbrv svm_lock nrip_save tsc_scale vmcb_clean flushbyasid decodeassists pausefilter pfthreshold avic v_vmsave_vmload vgif overflow_recov succor smca
bugs		: sysret_ss_attrs null_seg spectre_v1 spectre_v2 spec_store_bypass
bogomips	: 6399.09
TLB size	: 2560 4K pages
clflush size	: 64
cache_alignment	: 64
address sizes	: 43 bits physical, 48 bits virtual
power management: ts ttp tm hwpstate cpb eff_freq_ro [13] [14]

processor	: 8
vendor_id	: AuthenticAMD
cpu family	: 23
model		: 8
model name	: AMD Ryzen 7 2700 Eight-Core Processor
stepping	: 2
microcode	: 0x800820d
cpu MHz		: 1385.296
cache size	: 512 KB
physical id	: 0
siblings	: 16
core id		: 0
cpu cores	: 8
apicid		: 1
initial apicid	: 1
fpu		: yes
fpu_exception	: yes
cpuid level	: 13
wp		: yes
flags		: fpu vme de pse tsc msr pae mce cx8 apic sep mtrr pge mca cmov pat pse36 clflush mmx fxsr sse sse2 ht syscall nx mmxext fxsr_opt pdpe1gb rdtscp lm constant_tsc rep_good nopl nonstop_tsc cpuid extd_apicid aperfmperf pni pclmulqdq monitor ssse3 fma cx16 sse4_1 sse4_2 movbe popcnt aes xsave avx f16c rdrand lahf_lm cmp_legacy svm extapic cr8_legacy abm sse4a misalignsse 3dnowprefetch osvw skinit wdt tce topoext perfctr_core perfctr_nb bpext perfctr_llc mwaitx cpb hw_pstate sme ssbd sev ibpb vmmcall fsgsbase bmi1 avx2 smep bmi2 rdseed adx smap clflushopt sha_ni xsaveopt xsavec xgetbv1 xsaves clzero irperf xsaveerptr arat npt lbrv svm_lock nrip_save tsc_scale vmcb_clean flushbyasid decodeassists pausefilter pfthreshold avic v_vmsave_vmload vgif overflow_recov succor smca
bugs		: sysret_ss_attrs null_seg spectre_v1 spectre_v2 spec_store_bypass
bogomips	: 6399.09
TLB size	: 2560 4K pages
clflush size	: 64
cache_alignment	: 64
address sizes	: 43 bits physical, 48 bits virtual
power management: ts ttp tm hwpstate cpb eff_freq_ro [13] [14]

processor	: 9
vendor_id	: AuthenticAMD
cpu family	: 23
model		: 8
model name	: AMD Ryzen 7 2700 Eight-Core Processor
stepping	: 2
microcode	: 0x800820d
cpu MHz		: 1378.875
cache size	: 512 KB
physical id	: 0
siblings	: 16
core id		: 1
cpu cores	: 8
apicid		: 3
initial apicid	: 3
fpu		: yes
fpu_exception	: yes
cpuid level	: 13
wp		: yes
flags		: fpu vme de pse tsc msr pae mce cx8 apic sep mtrr pge mca cmov pat pse36 clflush mmx fxsr sse sse2 ht syscall nx mmxext fxsr_opt pdpe1gb rdtscp lm constant_tsc rep_good nopl nonstop_tsc cpuid extd_apicid aperfmperf pni pclmulqdq monitor ssse3 fma cx16 sse4_1 sse4_2 movbe popcnt aes xsave avx f16c rdrand lahf_lm cmp_legacy svm extapic cr8_legacy abm sse4a misalignsse 3dnowprefetch osvw skinit wdt tce topoext perfctr_core perfctr_nb bpext perfctr_llc mwaitx cpb hw_pstate sme ssbd sev ibpb vmmcall fsgsbase bmi1 avx2 smep bmi2 rdseed adx smap clflushopt sha_ni xsaveopt xsavec xgetbv1 xsaves clzero irperf xsaveerptr arat npt lbrv svm_lock nrip_save tsc_scale vmcb_clean flushbyasid decodeassists pausefilter pfthreshold avic v_vmsave_vmload vgif overflow_recov succor smca
bugs		: sysret_ss_attrs null_seg spectre_v1 spectre_v2 spec_store_bypass
bogomips	: 6399.09
TLB size	: 2560 4K pages
clflush size	: 64
cache_alignment	: 64
address sizes	: 43 bits physical, 48 bits virtual
power management: ts ttp tm hwpstate cpb eff_freq_ro [13] [14]

processor	: 10
vendor_id	: AuthenticAMD
cpu family	: 23
model		: 8
model name	: AMD Ryzen 7 2700 Eight-Core Processor
stepping	: 2
microcode	: 0x800820d
cpu MHz		: 1407.514
cache size	: 512 KB
physical id	: 0
siblings	: 16
core id		: 2
cpu cores	: 8
apicid		: 5
initial apicid	: 5
fpu		: yes
fpu_exception	: yes
cpuid level	: 13
wp		: yes
flags		: fpu vme de pse tsc msr pae mce cx8 apic sep mtrr pge mca cmov pat pse36 clflush mmx fxsr sse sse2 ht syscall nx mmxext fxsr_opt pdpe1gb rdtscp lm constant_tsc rep_good nopl nonstop_tsc cpuid extd_apicid aperfmperf pni pclmulqdq monitor ssse3 fma cx16 sse4_1 sse4_2 movbe popcnt aes xsave avx f16c rdrand lahf_lm cmp_legacy svm extapic cr8_legacy abm sse4a misalignsse 3dnowprefetch osvw skinit wdt tce topoext perfctr_core perfctr_nb bpext perfctr_llc mwaitx cpb hw_pstate sme ssbd sev ibpb vmmcall fsgsbase bmi1 avx2 smep bmi2 rdseed adx smap clflushopt sha_ni xsaveopt xsavec xgetbv1 xsaves clzero irperf xsaveerptr arat npt lbrv svm_lock nrip_save tsc_scale vmcb_clean flushbyasid decodeassists pausefilter pfthreshold avic v_vmsave_vmload vgif overflow_recov succor smca
bugs		: sysret_ss_attrs null_seg spectre_v1 spectre_v2 spec_store_bypass
bogomips	: 6399.09
TLB size	: 2560 4K pages
clflush size	: 64
cache_alignment	: 64
address sizes	: 43 bits physical, 48 bits virtual
power management: ts ttp tm hwpstate cpb eff_freq_ro [13] [14]

processor	: 11
vendor_id	: AuthenticAMD
cpu family	: 23
model		: 8
model name	: AMD Ryzen 7 2700 Eight-Core Processor
stepping	: 2
microcode	: 0x800820d
cpu MHz		: 1397.727
cache size	: 512 KB
physical id	: 0
siblings	: 16
core id		: 3
cpu cores	: 8
apicid		: 7
initial apicid	: 7
fpu		: yes
fpu_exception	: yes
cpuid level	: 13
wp		: yes
flags		: fpu vme de pse tsc msr pae mce cx8 apic sep mtrr pge mca cmov pat pse36 clflush mmx fxsr sse sse2 ht syscall nx mmxext fxsr_opt pdpe1gb rdtscp lm constant_tsc rep_good nopl nonstop_tsc cpuid extd_apicid aperfmperf pni pclmulqdq monitor ssse3 fma cx16 sse4_1 sse4_2 movbe popcnt aes xsave avx f16c rdrand lahf_lm cmp_legacy svm extapic cr8_legacy abm sse4a misalignsse 3dnowprefetch osvw skinit wdt tce topoext perfctr_core perfctr_nb bpext perfctr_llc mwaitx cpb hw_pstate sme ssbd sev ibpb vmmcall fsgsbase bmi1 avx2 smep bmi2 rdseed adx smap clflushopt sha_ni xsaveopt xsavec xgetbv1 xsaves clzero irperf xsaveerptr arat npt lbrv svm_lock nrip_save tsc_scale vmcb_clean flushbyasid decodeassists pausefilter pfthreshold avic v_vmsave_vmload vgif overflow_recov succor smca
bugs		: sysret_ss_attrs null_seg spectre_v1 spectre_v2 spec_store_bypass
bogomips	: 6399.09
TLB size	: 2560 4K pages
clflush size	: 64
cache_alignment	: 64
address sizes	: 43 bits physical, 48 bits virtual
power management: ts ttp tm hwpstate cpb eff_freq_ro [13] [14]

processor	: 12
vendor_id	: AuthenticAMD
cpu family	: 23
model		: 8
model name	: AMD Ryzen 7 2700 Eight-Core Processor
stepping	: 2
microcode	: 0x800820d
cpu MHz		: 1512.944
cache size	: 512 KB
physical id	: 0
siblings	: 16
core id		: 4
cpu cores	: 8
apicid		: 9
initial apicid	: 9
fpu		: yes
fpu_exception	: yes
cpuid level	: 13
wp		: yes
flags		: fpu vme de pse tsc msr pae mce cx8 apic sep mtrr pge mca cmov pat pse36 clflush mmx fxsr sse sse2 ht syscall nx mmxext fxsr_opt pdpe1gb rdtscp lm constant_tsc rep_good nopl nonstop_tsc cpuid extd_apicid aperfmperf pni pclmulqdq monitor ssse3 fma cx16 sse4_1 sse4_2 movbe popcnt aes xsave avx f16c rdrand lahf_lm cmp_legacy svm extapic cr8_legacy abm sse4a misalignsse 3dnowprefetch osvw skinit wdt tce topoext perfctr_core perfctr_nb bpext perfctr_llc mwaitx cpb hw_pstate sme ssbd sev ibpb vmmcall fsgsbase bmi1 avx2 smep bmi2 rdseed adx smap clflushopt sha_ni xsaveopt xsavec xgetbv1 xsaves clzero irperf xsaveerptr arat npt lbrv svm_lock nrip_save tsc_scale vmcb_clean flushbyasid decodeassists pausefilter pfthreshold avic v_vmsave_vmload vgif overflow_recov succor smca
bugs		: sysret_ss_attrs null_seg spectre_v1 spectre_v2 spec_store_bypass
bogomips	: 6399.09
TLB size	: 2560 4K pages
clflush size	: 64
cache_alignment	: 64
address sizes	: 43 bits physical, 48 bits virtual
power management: ts ttp tm hwpstate cpb eff_freq_ro [13] [14]

processor	: 13
vendor_id	: AuthenticAMD
cpu family	: 23
model		: 8
model name	: AMD Ryzen 7 2700 Eight-Core Processor
stepping	: 2
microcode	: 0x800820d
cpu MHz		: 1311.791
cache size	: 512 KB
physical id	: 0
siblings	: 16
core id		: 5
cpu cores	: 8
apicid		: 11
initial apicid	: 11
fpu		: yes
fpu_exception	: yes
cpuid level	: 13
wp		: yes
flags		: fpu vme de pse tsc msr pae mce cx8 apic sep mtrr pge mca cmov pat pse36 clflush mmx fxsr sse sse2 ht syscall nx mmxext fxsr_opt pdpe1gb rdtscp lm constant_tsc rep_good nopl nonstop_tsc cpuid extd_apicid aperfmperf pni pclmulqdq monitor ssse3 fma cx16 sse4_1 sse4_2 movbe popcnt aes xsave avx f16c rdrand lahf_lm cmp_legacy svm extapic cr8_legacy abm sse4a misalignsse 3dnowprefetch osvw skinit wdt tce topoext perfctr_core perfctr_nb bpext perfctr_llc mwaitx cpb hw_pstate sme ssbd sev ibpb vmmcall fsgsbase bmi1 avx2 smep bmi2 rdseed adx smap clflushopt sha_ni xsaveopt xsavec xgetbv1 xsaves clzero irperf xsaveerptr arat npt lbrv svm_lock nrip_save tsc_scale vmcb_clean flushbyasid decodeassists pausefilter pfthreshold avic v_vmsave_vmload vgif overflow_recov succor smca
bugs		: sysret_ss_attrs null_seg spectre_v1 spectre_v2 spec_store_bypass
bogomips	: 6399.09
TLB size	: 2560 4K pages
clflush size	: 64
cache_alignment	: 64
address sizes	: 43 bits physical, 48 bits virtual
power management: ts ttp tm hwpstate cpb eff_freq_ro [13] [14]

processor	: 14
vendor_id	: AuthenticAMD
cpu family	: 23
model		: 8
model name	: AMD Ryzen 7 2700 Eight-Core Processor
stepping	: 2
microcode	: 0x800820d
cpu MHz		: 1611.205
cache size	: 512 KB
physical id	: 0
siblings	: 16
core id		: 6
cpu cores	: 8
apicid		: 13
initial apicid	: 13
fpu		: yes
fpu_exception	: yes
cpuid level	: 13
wp		: yes
flags		: fpu vme de pse tsc msr pae mce cx8 apic sep mtrr pge mca cmov pat pse36 clflush mmx fxsr sse sse2 ht syscall nx mmxext fxsr_opt pdpe1gb rdtscp lm constant_tsc rep_good nopl nonstop_tsc cpuid extd_apicid aperfmperf pni pclmulqdq monitor ssse3 fma cx16 sse4_1 sse4_2 movbe popcnt aes xsave avx f16c rdrand lahf_lm cmp_legacy svm extapic cr8_legacy abm sse4a misalignsse 3dnowprefetch osvw skinit wdt tce topoext perfctr_core perfctr_nb bpext perfctr_llc mwaitx cpb hw_pstate sme ssbd sev ibpb vmmcall fsgsbase bmi1 avx2 smep bmi2 rdseed adx smap clflushopt sha_ni xsaveopt xsavec xgetbv1 xsaves clzero irperf xsaveerptr arat npt lbrv svm_lock nrip_save tsc_scale vmcb_clean flushbyasid decodeassists pausefilter pfthreshold avic v_vmsave_vmload vgif overflow_recov succor smca
bugs		: sysret_ss_attrs null_seg spectre_v1 spectre_v2 spec_store_bypass
bogomips	: 6399.09
TLB size	: 2560 4K pages
clflush size	: 64
cache_alignment	: 64
address sizes	: 43 bits physical, 48 bits virtual
power management: ts ttp tm hwpstate cpb eff_freq_ro [13] [14]

processor	: 15
vendor_id	: AuthenticAMD
cpu family	: 23
model		: 8
model name	: AMD Ryzen 7 2700 Eight-Core Processor
stepping	: 2
microcode	: 0x800820d
cpu MHz		: 1417.044
cache size	: 512 KB
physical id	: 0
siblings	: 16
core id		: 7
cpu cores	: 8
apicid		: 15
initial apicid	: 15
fpu		: yes
fpu_exception	: yes
cpuid level	: 13
wp		: yes
flags		: fpu vme de pse tsc msr pae mce cx8 apic sep mtrr pge mca cmov pat pse36 clflush mmx fxsr sse sse2 ht syscall nx mmxext fxsr_opt pdpe1gb rdtscp lm constant_tsc rep_good nopl nonstop_tsc cpuid extd_apicid aperfmperf pni pclmulqdq monitor ssse3 fma cx16 sse4_1 sse4_2 movbe popcnt aes xsave avx f16c rdrand lahf_lm cmp_legacy svm extapic cr8_legacy abm sse4a misalignsse 3dnowprefetch osvw skinit wdt tce topoext perfctr_core perfctr_nb bpext perfctr_llc mwaitx cpb hw_pstate sme ssbd sev ibpb vmmcall fsgsbase bmi1 avx2 smep bmi2 rdseed adx smap clflushopt sha_ni xsaveopt xsavec xgetbv1 xsaves clzero irperf xsaveerptr arat npt lbrv svm_lock nrip_save tsc_scale vmcb_clean flushbyasid decodeassists pausefilter pfthreshold avic v_vmsave_vmload vgif overflow_recov succor smca
bugs		: sysret_ss_attrs null_seg spectre_v1 spectre_v2 spec_store_bypass
bogomips	: 6399.09
TLB size	: 2560 4K pages
clflush size	: 64
cache_alignment	: 64
address sizes	: 43 bits physical, 48 bits virtual
power management: ts ttp tm hwpstate cpb eff_freq_ro [13] [14]



Memory: 4k page, physical 16319520k(205656k free), swap 2097148k(2095100k free)

vm_info: Java HotSpot(TM) 64-Bit Server VM (25.202-b08) for linux-amd64 JRE (1.8.0_202-b08), built on Dec 15 2018 12:40:22 by "java_re" with gcc 7.3.0

time: Sat Jul 18 21:48:13 2020
timezone: PDT
elapsed time: 4 seconds (0d 0h 0m 4s)

